[ 2018-03-23T11:05:14+08:00 ] 127.0.0.1 /imc/Match/test
INFO: [ app_init ] --START--
INFO: Run Behavior\BuildLiteBehavior [ RunTime:0.001000s ]
INFO: [ app_init ] --END-- [ RunTime:0.001000s ]
INFO: [ app_begin ] --START--
INFO: Run Behavior\ReadHtmlCacheBehavior [ RunTime:0.005001s ]
INFO: [ app_begin ] --END-- [ RunTime:0.005001s ]
NOTIC: [2048] Declaration of MatchEngine\Controller\MatchController::get() should be compatible with Think\Controller::get($name = '') D:\phpStudy\PHPTutorial\WWW\imc\imapi\MatchEngine\Controller\MatchController.class.php 第 12 行.
NOTIC: [8] Undefined variable: redis D:\phpStudy\PHPTutorial\WWW\imc\imapi\MatchEngine\Controller\MatchController.class.php 第 16 行.

[ 2018-03-23T11:05:41+08:00 ] 127.0.0.1 /imc/Match/test
INFO: [ app_init ] --START--
INFO: Run Behavior\BuildLiteBehavior [ RunTime:0.001000s ]
INFO: [ app_init ] --END-- [ RunTime:0.001000s ]
INFO: [ app_begin ] --START--
INFO: Run Behavior\ReadHtmlCacheBehavior [ RunTime:0.002000s ]
INFO: [ app_begin ] --END-- [ RunTime:0.003000s ]
NOTIC: [2048] Declaration of MatchEngine\Controller\MatchController::get() should be compatible with Think\Controller::get($name = '') D:\phpStudy\PHPTutorial\WWW\imc\imapi\MatchEngine\Controller\MatchController.class.php 第 12 行.

[ 2018-03-23T11:05:53+08:00 ] 127.0.0.1 /imc/Match/test
INFO: [ app_init ] --START--
INFO: Run Behavior\BuildLiteBehavior [ RunTime:0.000000s ]
INFO: [ app_init ] --END-- [ RunTime:0.000000s ]
INFO: [ app_begin ] --START--
INFO: Run Behavior\ReadHtmlCacheBehavior [ RunTime:0.003000s ]
INFO: [ app_begin ] --END-- [ RunTime:0.003000s ]
NOTIC: [2048] Declaration of MatchEngine\Controller\MatchController::get() should be compatible with Think\Controller::get($name = '') D:\phpStudy\PHPTutorial\WWW\imc\imapi\MatchEngine\Controller\MatchController.class.php 第 12 行.

[ 2018-03-23T11:05:55+08:00 ] 127.0.0.1 /imc/Match/test
INFO: [ app_init ] --START--
INFO: Run Behavior\BuildLiteBehavior [ RunTime:0.000000s ]
INFO: [ app_init ] --END-- [ RunTime:0.000000s ]
INFO: [ app_begin ] --START--
INFO: Run Behavior\ReadHtmlCacheBehavior [ RunTime:0.003000s ]
INFO: [ app_begin ] --END-- [ RunTime:0.003000s ]
NOTIC: [2048] Declaration of MatchEngine\Controller\MatchController::get() should be compatible with Think\Controller::get($name = '') D:\phpStudy\PHPTutorial\WWW\imc\imapi\MatchEngine\Controller\MatchController.class.php 第 12 行.

[ 2018-03-23T11:06:31+08:00 ] 127.0.0.1 /imc/Match/test
INFO: [ app_init ] --START--
INFO: Run Behavior\BuildLiteBehavior [ RunTime:0.000000s ]
INFO: [ app_init ] --END-- [ RunTime:0.000000s ]
INFO: [ app_begin ] --START--
INFO: Run Behavior\ReadHtmlCacheBehavior [ RunTime:0.003000s ]
INFO: [ app_begin ] --END-- [ RunTime:0.003000s ]
NOTIC: [2048] Declaration of MatchEngine\Controller\MatchController::get() should be compatible with Think\Controller::get($name = '') D:\phpStudy\PHPTutorial\WWW\imc\imapi\MatchEngine\Controller\MatchController.class.php 第 12 行.

[ 2018-03-23T11:06:35+08:00 ] 127.0.0.1 /imc/Match/test
INFO: [ app_init ] --START--
INFO: Run Behavior\BuildLiteBehavior [ RunTime:0.000000s ]
INFO: [ app_init ] --END-- [ RunTime:0.000000s ]
INFO: [ app_begin ] --START--
INFO: Run Behavior\ReadHtmlCacheBehavior [ RunTime:0.004000s ]
INFO: [ app_begin ] --END-- [ RunTime:0.004000s ]
NOTIC: [2048] Declaration of MatchEngine\Controller\MatchController::get() should be compatible with Think\Controller::get($name = '') D:\phpStudy\PHPTutorial\WWW\imc\imapi\MatchEngine\Controller\MatchController.class.php 第 12 行.

[ 2018-03-23T11:06:36+08:00 ] 127.0.0.1 /imc/Match/test
INFO: [ app_init ] --START--
INFO: Run Behavior\BuildLiteBehavior [ RunTime:0.000000s ]
INFO: [ app_init ] --END-- [ RunTime:0.000000s ]
INFO: [ app_begin ] --START--
INFO: Run Behavior\ReadHtmlCacheBehavior [ RunTime:0.002000s ]
INFO: [ app_begin ] --END-- [ RunTime:0.003000s ]
NOTIC: [2048] Declaration of MatchEngine\Controller\MatchController::get() should be compatible with Think\Controller::get($name = '') D:\phpStudy\PHPTutorial\WWW\imc\imapi\MatchEngine\Controller\MatchController.class.php 第 12 行.

[ 2018-03-23T11:07:00+08:00 ] 127.0.0.1 /imc/Match/test
INFO: [ app_init ] --START--
INFO: Run Behavior\BuildLiteBehavior [ RunTime:0.000000s ]
INFO: [ app_init ] --END-- [ RunTime:0.000000s ]
INFO: [ app_begin ] --START--
INFO: Run Behavior\ReadHtmlCacheBehavior [ RunTime:0.003000s ]
INFO: [ app_begin ] --END-- [ RunTime:0.003000s ]
NOTIC: [2048] Declaration of MatchEngine\Controller\MatchController::get() should be compatible with Think\Controller::get($name = '') D:\phpStudy\PHPTutorial\WWW\imc\imapi\MatchEngine\Controller\MatchController.class.php 第 12 行.

[ 2018-03-23T11:07:02+08:00 ] 127.0.0.1 /imc/Match/test
INFO: [ app_init ] --START--
INFO: Run Behavior\BuildLiteBehavior [ RunTime:0.000000s ]
INFO: [ app_init ] --END-- [ RunTime:0.000000s ]
INFO: [ app_begin ] --START--
INFO: Run Behavior\ReadHtmlCacheBehavior [ RunTime:0.002000s ]
INFO: [ app_begin ] --END-- [ RunTime:0.002000s ]
NOTIC: [2048] Declaration of MatchEngine\Controller\MatchController::get() should be compatible with Think\Controller::get($name = '') D:\phpStudy\PHPTutorial\WWW\imc\imapi\MatchEngine\Controller\MatchController.class.php 第 12 行.

[ 2018-03-23T11:07:03+08:00 ] 127.0.0.1 /imc/Match/test
INFO: [ app_init ] --START--
INFO: Run Behavior\BuildLiteBehavior [ RunTime:0.000000s ]
INFO: [ app_init ] --END-- [ RunTime:0.000000s ]
INFO: [ app_begin ] --START--
INFO: Run Behavior\ReadHtmlCacheBehavior [ RunTime:0.002000s ]
INFO: [ app_begin ] --END-- [ RunTime:0.002000s ]
NOTIC: [2048] Declaration of MatchEngine\Controller\MatchController::get() should be compatible with Think\Controller::get($name = '') D:\phpStudy\PHPTutorial\WWW\imc\imapi\MatchEngine\Controller\MatchController.class.php 第 12 行.

[ 2018-03-23T16:59:05+08:00 ] 127.0.0.1 /imc/Match/test
INFO: [ app_init ] --START--
INFO: Run Behavior\BuildLiteBehavior [ RunTime:0.000000s ]
INFO: [ app_init ] --END-- [ RunTime:0.000000s ]
INFO: [ app_begin ] --START--
INFO: Run Behavior\ReadHtmlCacheBehavior [ RunTime:0.004000s ]
INFO: [ app_begin ] --END-- [ RunTime:0.004000s ]
NOTIC: [2048] Declaration of MatchEngine\Controller\MatchController::get() should be compatible with Think\Controller::get($name = '') D:\phpStudy\PHPTutorial\WWW\imc\imapi\MatchEngine\Controller\MatchController.class.php 第 13 行.

[ 2018-03-23T17:07:27+08:00 ] 127.0.0.1 /imc/Match/test
INFO: [ app_init ] --START--
INFO: Run Behavior\BuildLiteBehavior [ RunTime:0.000000s ]
INFO: [ app_init ] --END-- [ RunTime:0.000000s ]
INFO: [ app_begin ] --START--
INFO: Run Behavior\ReadHtmlCacheBehavior [ RunTime:0.003000s ]
INFO: [ app_begin ] --END-- [ RunTime:0.004000s ]
NOTIC: [2048] Declaration of MatchEngine\Controller\MatchController::get() should be compatible with Think\Controller::get($name = '') D:\phpStudy\PHPTutorial\WWW\imc\imapi\MatchEngine\Controller\MatchController.class.php 第 13 行.

[ 2018-03-23T17:10:03+08:00 ] 127.0.0.1 /imc/Match/test
INFO: [ app_init ] --START--
INFO: Run Behavior\BuildLiteBehavior [ RunTime:0.000000s ]
INFO: [ app_init ] --END-- [ RunTime:0.001001s ]
INFO: [ app_begin ] --START--
INFO: Run Behavior\ReadHtmlCacheBehavior [ RunTime:0.014001s ]
INFO: [ app_begin ] --END-- [ RunTime:0.014001s ]
NOTIC: [2048] Declaration of MatchEngine\Controller\MatchController::get() should be compatible with Think\Controller::get($name = '') D:\phpStudy\PHPTutorial\WWW\imc\imapi\MatchEngine\Controller\MatchController.class.php 第 13 行.

[ 2018-03-23T17:10:55+08:00 ] 127.0.0.1 /imc/Match/test
INFO: [ app_init ] --START--
INFO: Run Behavior\BuildLiteBehavior [ RunTime:0.000000s ]
INFO: [ app_init ] --END-- [ RunTime:0.000000s ]
INFO: [ app_begin ] --START--
INFO: Run Behavior\ReadHtmlCacheBehavior [ RunTime:0.004001s ]
INFO: [ app_begin ] --END-- [ RunTime:0.004001s ]
NOTIC: [2048] Declaration of MatchEngine\Controller\MatchController::get() should be compatible with Think\Controller::get($name = '') D:\phpStudy\PHPTutorial\WWW\imc\imapi\MatchEngine\Controller\MatchController.class.php 第 13 行.

[ 2018-03-23T17:10:57+08:00 ] 127.0.0.1 /imc/Match/test
INFO: [ app_init ] --START--
INFO: Run Behavior\BuildLiteBehavior [ RunTime:0.000000s ]
INFO: [ app_init ] --END-- [ RunTime:0.000000s ]
INFO: [ app_begin ] --START--
INFO: Run Behavior\ReadHtmlCacheBehavior [ RunTime:0.002000s ]
INFO: [ app_begin ] --END-- [ RunTime:0.003000s ]
NOTIC: [2048] Declaration of MatchEngine\Controller\MatchController::get() should be compatible with Think\Controller::get($name = '') D:\phpStudy\PHPTutorial\WWW\imc\imapi\MatchEngine\Controller\MatchController.class.php 第 13 行.

[ 2018-03-23T17:11:47+08:00 ] 127.0.0.1 /imc/Match/test
INFO: [ app_init ] --START--
INFO: Run Behavior\BuildLiteBehavior [ RunTime:0.001000s ]
INFO: [ app_init ] --END-- [ RunTime:0.001000s ]
INFO: [ app_begin ] --START--
INFO: Run Behavior\ReadHtmlCacheBehavior [ RunTime:0.003000s ]
INFO: [ app_begin ] --END-- [ RunTime:0.003000s ]
NOTIC: [2048] Declaration of MatchEngine\Controller\MatchController::get() should be compatible with Think\Controller::get($name = '') D:\phpStudy\PHPTutorial\WWW\imc\imapi\MatchEngine\Controller\MatchController.class.php 第 13 行.

[ 2018-03-23T17:11:48+08:00 ] 127.0.0.1 /imc/Match/test
INFO: [ app_init ] --START--
INFO: Run Behavior\BuildLiteBehavior [ RunTime:0.000000s ]
INFO: [ app_init ] --END-- [ RunTime:0.001000s ]
INFO: [ app_begin ] --START--
INFO: Run Behavior\ReadHtmlCacheBehavior [ RunTime:0.003000s ]
INFO: [ app_begin ] --END-- [ RunTime:0.003000s ]
NOTIC: [2048] Declaration of MatchEngine\Controller\MatchController::get() should be compatible with Think\Controller::get($name = '') D:\phpStudy\PHPTutorial\WWW\imc\imapi\MatchEngine\Controller\MatchController.class.php 第 13 行.

[ 2018-03-23T17:11:48+08:00 ] 127.0.0.1 /imc/Match/test
INFO: [ app_init ] --START--
INFO: Run Behavior\BuildLiteBehavior [ RunTime:0.000000s ]
INFO: [ app_init ] --END-- [ RunTime:0.000000s ]
INFO: [ app_begin ] --START--
INFO: Run Behavior\ReadHtmlCacheBehavior [ RunTime:0.003001s ]
INFO: [ app_begin ] --END-- [ RunTime:0.003001s ]
NOTIC: [2048] Declaration of MatchEngine\Controller\MatchController::get() should be compatible with Think\Controller::get($name = '') D:\phpStudy\PHPTutorial\WWW\imc\imapi\MatchEngine\Controller\MatchController.class.php 第 13 行.

[ 2018-03-23T17:11:49+08:00 ] 127.0.0.1 /imc/Match/test
INFO: [ app_init ] --START--
INFO: Run Behavior\BuildLiteBehavior [ RunTime:0.000000s ]
INFO: [ app_init ] --END-- [ RunTime:0.001000s ]
INFO: [ app_begin ] --START--
INFO: Run Behavior\ReadHtmlCacheBehavior [ RunTime:0.003000s ]
INFO: [ app_begin ] --END-- [ RunTime:0.003000s ]
NOTIC: [2048] Declaration of MatchEngine\Controller\MatchController::get() should be compatible with Think\Controller::get($name = '') D:\phpStudy\PHPTutorial\WWW\imc\imapi\MatchEngine\Controller\MatchController.class.php 第 13 行.

[ 2018-03-23T17:11:49+08:00 ] 127.0.0.1 /imc/Match/test
INFO: [ app_init ] --START--
INFO: Run Behavior\BuildLiteBehavior [ RunTime:0.000000s ]
INFO: [ app_init ] --END-- [ RunTime:0.001000s ]
INFO: [ app_begin ] --START--
INFO: Run Behavior\ReadHtmlCacheBehavior [ RunTime:0.004000s ]
INFO: [ app_begin ] --END-- [ RunTime:0.004000s ]
NOTIC: [2048] Declaration of MatchEngine\Controller\MatchController::get() should be compatible with Think\Controller::get($name = '') D:\phpStudy\PHPTutorial\WWW\imc\imapi\MatchEngine\Controller\MatchController.class.php 第 13 行.

[ 2018-03-23T17:11:49+08:00 ] 127.0.0.1 /imc/Match/test
INFO: [ app_init ] --START--
INFO: Run Behavior\BuildLiteBehavior [ RunTime:0.000000s ]
INFO: [ app_init ] --END-- [ RunTime:0.001000s ]
INFO: [ app_begin ] --START--
INFO: Run Behavior\ReadHtmlCacheBehavior [ RunTime:0.002000s ]
INFO: [ app_begin ] --END-- [ RunTime:0.003000s ]
NOTIC: [2048] Declaration of MatchEngine\Controller\MatchController::get() should be compatible with Think\Controller::get($name = '') D:\phpStudy\PHPTutorial\WWW\imc\imapi\MatchEngine\Controller\MatchController.class.php 第 13 行.

[ 2018-03-23T17:11:49+08:00 ] 127.0.0.1 /imc/Match/test
INFO: [ app_init ] --START--
INFO: Run Behavior\BuildLiteBehavior [ RunTime:0.000000s ]
INFO: [ app_init ] --END-- [ RunTime:0.000000s ]
INFO: [ app_begin ] --START--
INFO: Run Behavior\ReadHtmlCacheBehavior [ RunTime:0.003000s ]
INFO: [ app_begin ] --END-- [ RunTime:0.003000s ]
NOTIC: [2048] Declaration of MatchEngine\Controller\MatchController::get() should be compatible with Think\Controller::get($name = '') D:\phpStudy\PHPTutorial\WWW\imc\imapi\MatchEngine\Controller\MatchController.class.php 第 13 行.

[ 2018-03-23T17:11:49+08:00 ] 127.0.0.1 /imc/Match/test
INFO: [ app_init ] --START--
INFO: Run Behavior\BuildLiteBehavior [ RunTime:0.000000s ]
INFO: [ app_init ] --END-- [ RunTime:0.000000s ]
INFO: [ app_begin ] --START--
INFO: Run Behavior\ReadHtmlCacheBehavior [ RunTime:0.003000s ]
INFO: [ app_begin ] --END-- [ RunTime:0.003000s ]
NOTIC: [2048] Declaration of MatchEngine\Controller\MatchController::get() should be compatible with Think\Controller::get($name = '') D:\phpStudy\PHPTutorial\WWW\imc\imapi\MatchEngine\Controller\MatchController.class.php 第 13 行.

[ 2018-03-23T17:11:50+08:00 ] 127.0.0.1 /imc/Match/test
INFO: [ app_init ] --START--
INFO: Run Behavior\BuildLiteBehavior [ RunTime:0.000000s ]
INFO: [ app_init ] --END-- [ RunTime:0.000000s ]
INFO: [ app_begin ] --START--
INFO: Run Behavior\ReadHtmlCacheBehavior [ RunTime:0.002000s ]
INFO: [ app_begin ] --END-- [ RunTime:0.002000s ]
NOTIC: [2048] Declaration of MatchEngine\Controller\MatchController::get() should be compatible with Think\Controller::get($name = '') D:\phpStudy\PHPTutorial\WWW\imc\imapi\MatchEngine\Controller\MatchController.class.php 第 13 行.

[ 2018-03-23T17:11:50+08:00 ] 127.0.0.1 /imc/Match/test
INFO: [ app_init ] --START--
INFO: Run Behavior\BuildLiteBehavior [ RunTime:0.000000s ]
INFO: [ app_init ] --END-- [ RunTime:0.001000s ]
INFO: [ app_begin ] --START--
INFO: Run Behavior\ReadHtmlCacheBehavior [ RunTime:0.003000s ]
INFO: [ app_begin ] --END-- [ RunTime:0.003000s ]
NOTIC: [2048] Declaration of MatchEngine\Controller\MatchController::get() should be compatible with Think\Controller::get($name = '') D:\phpStudy\PHPTutorial\WWW\imc\imapi\MatchEngine\Controller\MatchController.class.php 第 13 行.

[ 2018-03-23T17:11:50+08:00 ] 127.0.0.1 /imc/Match/test
INFO: [ app_init ] --START--
INFO: Run Behavior\BuildLiteBehavior [ RunTime:0.000000s ]
INFO: [ app_init ] --END-- [ RunTime:0.000000s ]
INFO: [ app_begin ] --START--
INFO: Run Behavior\ReadHtmlCacheBehavior [ RunTime:0.003000s ]
INFO: [ app_begin ] --END-- [ RunTime:0.003000s ]
NOTIC: [2048] Declaration of MatchEngine\Controller\MatchController::get() should be compatible with Think\Controller::get($name = '') D:\phpStudy\PHPTutorial\WWW\imc\imapi\MatchEngine\Controller\MatchController.class.php 第 13 行.

[ 2018-03-23T17:11:51+08:00 ] 127.0.0.1 /imc/Match/test
INFO: [ app_init ] --START--
INFO: Run Behavior\BuildLiteBehavior [ RunTime:0.000000s ]
INFO: [ app_init ] --END-- [ RunTime:0.000000s ]
INFO: [ app_begin ] --START--
INFO: Run Behavior\ReadHtmlCacheBehavior [ RunTime:0.004000s ]
INFO: [ app_begin ] --END-- [ RunTime:0.004000s ]
NOTIC: [2048] Declaration of MatchEngine\Controller\MatchController::get() should be compatible with Think\Controller::get($name = '') D:\phpStudy\PHPTutorial\WWW\imc\imapi\MatchEngine\Controller\MatchController.class.php 第 13 行.

[ 2018-03-23T17:11:51+08:00 ] 127.0.0.1 /imc/Match/test
INFO: [ app_init ] --START--
INFO: Run Behavior\BuildLiteBehavior [ RunTime:0.000000s ]
INFO: [ app_init ] --END-- [ RunTime:0.000000s ]
INFO: [ app_begin ] --START--
INFO: Run Behavior\ReadHtmlCacheBehavior [ RunTime:0.002000s ]
INFO: [ app_begin ] --END-- [ RunTime:0.003000s ]
NOTIC: [2048] Declaration of MatchEngine\Controller\MatchController::get() should be compatible with Think\Controller::get($name = '') D:\phpStudy\PHPTutorial\WWW\imc\imapi\MatchEngine\Controller\MatchController.class.php 第 13 行.

[ 2018-03-23T17:11:52+08:00 ] 127.0.0.1 /imc/Match/test
INFO: [ app_init ] --START--
INFO: Run Behavior\BuildLiteBehavior [ RunTime:0.000000s ]
INFO: [ app_init ] --END-- [ RunTime:0.000000s ]
INFO: [ app_begin ] --START--
INFO: Run Behavior\ReadHtmlCacheBehavior [ RunTime:0.003000s ]
INFO: [ app_begin ] --END-- [ RunTime:0.003000s ]
NOTIC: [2048] Declaration of MatchEngine\Controller\MatchController::get() should be compatible with Think\Controller::get($name = '') D:\phpStudy\PHPTutorial\WWW\imc\imapi\MatchEngine\Controller\MatchController.class.php 第 13 行.

[ 2018-03-23T17:11:52+08:00 ] 127.0.0.1 /imc/Match/test
INFO: [ app_init ] --START--
INFO: Run Behavior\BuildLiteBehavior [ RunTime:0.000000s ]
INFO: [ app_init ] --END-- [ RunTime:0.000000s ]
INFO: [ app_begin ] --START--
INFO: Run Behavior\ReadHtmlCacheBehavior [ RunTime:0.002000s ]
INFO: [ app_begin ] --END-- [ RunTime:0.003000s ]
NOTIC: [2048] Declaration of MatchEngine\Controller\MatchController::get() should be compatible with Think\Controller::get($name = '') D:\phpStudy\PHPTutorial\WWW\imc\imapi\MatchEngine\Controller\MatchController.class.php 第 13 行.

[ 2018-03-23T17:11:52+08:00 ] 127.0.0.1 /imc/Match/test
INFO: [ app_init ] --START--
INFO: Run Behavior\BuildLiteBehavior [ RunTime:0.001000s ]
INFO: [ app_init ] --END-- [ RunTime:0.001000s ]
INFO: [ app_begin ] --START--
INFO: Run Behavior\ReadHtmlCacheBehavior [ RunTime:0.003000s ]
INFO: [ app_begin ] --END-- [ RunTime:0.003000s ]
NOTIC: [2048] Declaration of MatchEngine\Controller\MatchController::get() should be compatible with Think\Controller::get($name = '') D:\phpStudy\PHPTutorial\WWW\imc\imapi\MatchEngine\Controller\MatchController.class.php 第 13 行.

[ 2018-03-23T17:12:38+08:00 ] 127.0.0.1 /imc/Match/test
INFO: [ app_init ] --START--
INFO: Run Behavior\BuildLiteBehavior [ RunTime:0.000000s ]
INFO: [ app_init ] --END-- [ RunTime:0.000000s ]
INFO: [ app_begin ] --START--
INFO: Run Behavior\ReadHtmlCacheBehavior [ RunTime:0.003000s ]
INFO: [ app_begin ] --END-- [ RunTime:0.003000s ]
NOTIC: [2048] Declaration of MatchEngine\Controller\MatchController::get() should be compatible with Think\Controller::get($name = '') D:\phpStudy\PHPTutorial\WWW\imc\imapi\MatchEngine\Controller\MatchController.class.php 第 13 行.

[ 2018-03-23T17:12:39+08:00 ] 127.0.0.1 /imc/Match/test
INFO: [ app_init ] --START--
INFO: Run Behavior\BuildLiteBehavior [ RunTime:0.000000s ]
INFO: [ app_init ] --END-- [ RunTime:0.000000s ]
INFO: [ app_begin ] --START--
INFO: Run Behavior\ReadHtmlCacheBehavior [ RunTime:0.003000s ]
INFO: [ app_begin ] --END-- [ RunTime:0.003000s ]
NOTIC: [2048] Declaration of MatchEngine\Controller\MatchController::get() should be compatible with Think\Controller::get($name = '') D:\phpStudy\PHPTutorial\WWW\imc\imapi\MatchEngine\Controller\MatchController.class.php 第 13 行.

[ 2018-03-23T17:13:13+08:00 ] 127.0.0.1 /imc/Match/test
INFO: [ app_init ] --START--
INFO: Run Behavior\BuildLiteBehavior [ RunTime:0.000000s ]
INFO: [ app_init ] --END-- [ RunTime:0.000000s ]
INFO: [ app_begin ] --START--
INFO: Run Behavior\ReadHtmlCacheBehavior [ RunTime:0.004000s ]
INFO: [ app_begin ] --END-- [ RunTime:0.004000s ]
NOTIC: [2048] Declaration of MatchEngine\Controller\MatchController::get() should be compatible with Think\Controller::get($name = '') D:\phpStudy\PHPTutorial\WWW\imc\imapi\MatchEngine\Controller\MatchController.class.php 第 13 行.

[ 2018-03-23T17:13:38+08:00 ] 127.0.0.1 /imc/Match/test
INFO: [ app_init ] --START--
INFO: Run Behavior\BuildLiteBehavior [ RunTime:0.000000s ]
INFO: [ app_init ] --END-- [ RunTime:0.001000s ]
INFO: [ app_begin ] --START--
INFO: Run Behavior\ReadHtmlCacheBehavior [ RunTime:0.002000s ]
INFO: [ app_begin ] --END-- [ RunTime:0.003000s ]
NOTIC: [2048] Declaration of MatchEngine\Controller\MatchController::get() should be compatible with Think\Controller::get($name = '') D:\phpStudy\PHPTutorial\WWW\imc\imapi\MatchEngine\Controller\MatchController.class.php 第 13 行.

[ 2018-03-23T17:15:41+08:00 ] 127.0.0.1 /imc/Match/test
INFO: [ app_init ] --START--
INFO: Run Behavior\BuildLiteBehavior [ RunTime:0.000000s ]
INFO: [ app_init ] --END-- [ RunTime:0.003000s ]
INFO: [ app_begin ] --START--
INFO: Run Behavior\ReadHtmlCacheBehavior [ RunTime:0.003001s ]
INFO: [ app_begin ] --END-- [ RunTime:0.004001s ]
NOTIC: [2048] Declaration of MatchEngine\Controller\MatchController::get() should be compatible with Think\Controller::get($name = '') D:\phpStudy\PHPTutorial\WWW\imc\imapi\MatchEngine\Controller\MatchController.class.php 第 13 行.

[ 2018-03-23T17:15:42+08:00 ] 127.0.0.1 /imc/Match/test
INFO: [ app_init ] --START--
INFO: Run Behavior\BuildLiteBehavior [ RunTime:0.000000s ]
INFO: [ app_init ] --END-- [ RunTime:0.000000s ]
INFO: [ app_begin ] --START--
INFO: Run Behavior\ReadHtmlCacheBehavior [ RunTime:0.003000s ]
INFO: [ app_begin ] --END-- [ RunTime:0.003000s ]
NOTIC: [2048] Declaration of MatchEngine\Controller\MatchController::get() should be compatible with Think\Controller::get($name = '') D:\phpStudy\PHPTutorial\WWW\imc\imapi\MatchEngine\Controller\MatchController.class.php 第 13 行.

[ 2018-03-23T17:15:42+08:00 ] 127.0.0.1 /imc/Match/test
INFO: [ app_init ] --START--
INFO: Run Behavior\BuildLiteBehavior [ RunTime:0.000000s ]
INFO: [ app_init ] --END-- [ RunTime:0.001000s ]
INFO: [ app_begin ] --START--
INFO: Run Behavior\ReadHtmlCacheBehavior [ RunTime:0.003000s ]
INFO: [ app_begin ] --END-- [ RunTime:0.004001s ]
NOTIC: [2048] Declaration of MatchEngine\Controller\MatchController::get() should be compatible with Think\Controller::get($name = '') D:\phpStudy\PHPTutorial\WWW\imc\imapi\MatchEngine\Controller\MatchController.class.php 第 13 行.

[ 2018-03-23T17:15:42+08:00 ] 127.0.0.1 /imc/Match/test
INFO: [ app_init ] --START--
INFO: Run Behavior\BuildLiteBehavior [ RunTime:0.000000s ]
INFO: [ app_init ] --END-- [ RunTime:0.000000s ]
INFO: [ app_begin ] --START--
INFO: Run Behavior\ReadHtmlCacheBehavior [ RunTime:0.002000s ]
INFO: [ app_begin ] --END-- [ RunTime:0.003000s ]
NOTIC: [2048] Declaration of MatchEngine\Controller\MatchController::get() should be compatible with Think\Controller::get($name = '') D:\phpStudy\PHPTutorial\WWW\imc\imapi\MatchEngine\Controller\MatchController.class.php 第 13 行.

[ 2018-03-23T17:15:42+08:00 ] 127.0.0.1 /imc/Match/test
INFO: [ app_init ] --START--
INFO: Run Behavior\BuildLiteBehavior [ RunTime:0.000000s ]
INFO: [ app_init ] --END-- [ RunTime:0.000000s ]
INFO: [ app_begin ] --START--
INFO: Run Behavior\ReadHtmlCacheBehavior [ RunTime:0.002000s ]
INFO: [ app_begin ] --END-- [ RunTime:0.002000s ]
NOTIC: [2048] Declaration of MatchEngine\Controller\MatchController::get() should be compatible with Think\Controller::get($name = '') D:\phpStudy\PHPTutorial\WWW\imc\imapi\MatchEngine\Controller\MatchController.class.php 第 13 行.

[ 2018-03-23T17:15:55+08:00 ] 127.0.0.1 /imc/Match/test
INFO: [ app_init ] --START--
INFO: Run Behavior\BuildLiteBehavior [ RunTime:0.000000s ]
INFO: [ app_init ] --END-- [ RunTime:0.000000s ]
INFO: [ app_begin ] --START--
INFO: Run Behavior\ReadHtmlCacheBehavior [ RunTime:0.003000s ]
INFO: [ app_begin ] --END-- [ RunTime:0.003000s ]
NOTIC: [2048] Declaration of MatchEngine\Controller\MatchController::get() should be compatible with Think\Controller::get($name = '') D:\phpStudy\PHPTutorial\WWW\imc\imapi\MatchEngine\Controller\MatchController.class.php 第 13 行.

[ 2018-03-23T17:17:37+08:00 ] 127.0.0.1 /imc/Match/test
INFO: [ app_init ] --START--
INFO: Run Behavior\BuildLiteBehavior [ RunTime:0.000000s ]
INFO: [ app_init ] --END-- [ RunTime:0.000000s ]
INFO: [ app_begin ] --START--
INFO: Run Behavior\ReadHtmlCacheBehavior [ RunTime:0.003001s ]
INFO: [ app_begin ] --END-- [ RunTime:0.003001s ]
NOTIC: [2048] Declaration of MatchEngine\Controller\MatchController::get() should be compatible with Think\Controller::get($name = '') D:\phpStudy\PHPTutorial\WWW\imc\imapi\MatchEngine\Controller\MatchController.class.php 第 13 行.

[ 2018-03-23T17:18:35+08:00 ] 127.0.0.1 /imc/Match/test
INFO: [ app_init ] --START--
INFO: Run Behavior\BuildLiteBehavior [ RunTime:0.001000s ]
INFO: [ app_init ] --END-- [ RunTime:0.001000s ]
INFO: [ app_begin ] --START--
INFO: Run Behavior\ReadHtmlCacheBehavior [ RunTime:0.004001s ]
INFO: [ app_begin ] --END-- [ RunTime:0.004001s ]
NOTIC: [2048] Declaration of MatchEngine\Controller\MatchController::get() should be compatible with Think\Controller::get($name = '') D:\phpStudy\PHPTutorial\WWW\imc\imapi\MatchEngine\Controller\MatchController.class.php 第 13 行.
NOTIC: [8] Array to string conversion D:\phpStudy\PHPTutorial\WWW\imc\imapi\MatchEngine\Common\IMMatch.class.php 第 178 行.

[ 2018-03-23T17:18:49+08:00 ] 127.0.0.1 /imc/Match/test
INFO: [ app_init ] --START--
INFO: Run Behavior\BuildLiteBehavior [ RunTime:0.000000s ]
INFO: [ app_init ] --END-- [ RunTime:0.000000s ]
INFO: [ app_begin ] --START--
INFO: Run Behavior\ReadHtmlCacheBehavior [ RunTime:0.002000s ]
INFO: [ app_begin ] --END-- [ RunTime:0.003000s ]
NOTIC: [2048] Declaration of MatchEngine\Controller\MatchController::get() should be compatible with Think\Controller::get($name = '') D:\phpStudy\PHPTutorial\WWW\imc\imapi\MatchEngine\Controller\MatchController.class.php 第 13 行.

[ 2018-03-23T17:19:22+08:00 ] 127.0.0.1 /imc/Match/test
INFO: [ app_init ] --START--
INFO: Run Behavior\BuildLiteBehavior [ RunTime:0.000000s ]
INFO: [ app_init ] --END-- [ RunTime:0.001000s ]
INFO: [ app_begin ] --START--
INFO: Run Behavior\ReadHtmlCacheBehavior [ RunTime:0.004001s ]
INFO: [ app_begin ] --END-- [ RunTime:0.004001s ]
NOTIC: [2048] Declaration of MatchEngine\Controller\MatchController::get() should be compatible with Think\Controller::get($name = '') D:\phpStudy\PHPTutorial\WWW\imc\imapi\MatchEngine\Controller\MatchController.class.php 第 13 行.

[ 2018-03-23T17:19:34+08:00 ] 127.0.0.1 /imc/Match/test
INFO: [ app_init ] --START--
INFO: Run Behavior\BuildLiteBehavior [ RunTime:0.000000s ]
INFO: [ app_init ] --END-- [ RunTime:0.001000s ]
INFO: [ app_begin ] --START--
INFO: Run Behavior\ReadHtmlCacheBehavior [ RunTime:0.003000s ]
INFO: [ app_begin ] --END-- [ RunTime:0.003000s ]
NOTIC: [2048] Declaration of MatchEngine\Controller\MatchController::get() should be compatible with Think\Controller::get($name = '') D:\phpStudy\PHPTutorial\WWW\imc\imapi\MatchEngine\Controller\MatchController.class.php 第 13 行.

[ 2018-03-23T17:20:04+08:00 ] 127.0.0.1 /imc/Match/test
INFO: [ app_init ] --START--
INFO: Run Behavior\BuildLiteBehavior [ RunTime:0.000000s ]
INFO: [ app_init ] --END-- [ RunTime:0.000000s ]
INFO: [ app_begin ] --START--
INFO: Run Behavior\ReadHtmlCacheBehavior [ RunTime:0.003000s ]
INFO: [ app_begin ] --END-- [ RunTime:0.003000s ]
NOTIC: [2048] Declaration of MatchEngine\Controller\MatchController::get() should be compatible with Think\Controller::get($name = '') D:\phpStudy\PHPTutorial\WWW\imc\imapi\MatchEngine\Controller\MatchController.class.php 第 13 行.
SQL: SHOW COLUMNS FROM `order_buy` [ RunTime:0.022001s ]
SQL: SELECT `id` FROM `order_buy` WHERE ( status=0 ) LIMIT 1   [ RunTime:0.002001s ]

[ 2018-03-23T17:20:24+08:00 ] 127.0.0.1 /imc/Match/test
INFO: [ app_init ] --START--
INFO: Run Behavior\BuildLiteBehavior [ RunTime:0.000000s ]
INFO: [ app_init ] --END-- [ RunTime:0.001000s ]
INFO: [ app_begin ] --START--
INFO: Run Behavior\ReadHtmlCacheBehavior [ RunTime:0.002000s ]
INFO: [ app_begin ] --END-- [ RunTime:0.004000s ]
NOTIC: [2048] Declaration of MatchEngine\Controller\MatchController::get() should be compatible with Think\Controller::get($name = '') D:\phpStudy\PHPTutorial\WWW\imc\imapi\MatchEngine\Controller\MatchController.class.php 第 13 行.
SQL: SHOW COLUMNS FROM `order_buy` [ RunTime:0.013000s ]
SQL: SELECT `id` FROM `order_buy` WHERE ( status=0 ) LIMIT 1   [ RunTime:0.001000s ]

[ 2018-03-23T17:21:22+08:00 ] 127.0.0.1 /imc/Match/test
INFO: [ app_init ] --START--
INFO: Run Behavior\BuildLiteBehavior [ RunTime:0.000000s ]
INFO: [ app_init ] --END-- [ RunTime:0.000000s ]
INFO: [ app_begin ] --START--
INFO: Run Behavior\ReadHtmlCacheBehavior [ RunTime:0.003000s ]
INFO: [ app_begin ] --END-- [ RunTime:0.004000s ]
NOTIC: [2048] Declaration of MatchEngine\Controller\MatchController::get() should be compatible with Think\Controller::get($name = '') D:\phpStudy\PHPTutorial\WWW\imc\imapi\MatchEngine\Controller\MatchController.class.php 第 13 行.
SQL: SHOW COLUMNS FROM `order_buy` [ RunTime:0.014000s ]
SQL: SELECT `id`,`user_id` FROM `order_buy` WHERE ( status=0 ) LIMIT 1   [ RunTime:0.001001s ]

[ 2018-03-23T17:22:37+08:00 ] 127.0.0.1 /imc/Match/test
INFO: [ app_init ] --START--
INFO: Run Behavior\BuildLiteBehavior [ RunTime:0.000000s ]
INFO: [ app_init ] --END-- [ RunTime:0.001000s ]
INFO: [ app_begin ] --START--
INFO: Run Behavior\ReadHtmlCacheBehavior [ RunTime:0.005000s ]
INFO: [ app_begin ] --END-- [ RunTime:0.005000s ]
NOTIC: [2048] Declaration of MatchEngine\Controller\MatchController::get() should be compatible with Think\Controller::get($name = '') D:\phpStudy\PHPTutorial\WWW\imc\imapi\MatchEngine\Controller\MatchController.class.php 第 13 行.
SQL: SHOW COLUMNS FROM `order_buy` [ RunTime:0.021001s ]
SQL: SELECT `id`,`user_id`,`price_entrust`,`count_entrust`,`create_time`,`status` FROM `order_buy` WHERE ( status=0 ) LIMIT 1   [ RunTime:0.005001s ]

[ 2018-03-23T17:28:28+08:00 ] 127.0.0.1 /imc/Match/test
INFO: [ app_init ] --START--
INFO: Run Behavior\BuildLiteBehavior [ RunTime:0.000000s ]
INFO: [ app_init ] --END-- [ RunTime:0.000000s ]
INFO: [ app_begin ] --START--
INFO: Run Behavior\ReadHtmlCacheBehavior [ RunTime:0.003000s ]
INFO: [ app_begin ] --END-- [ RunTime:0.003000s ]
NOTIC: [2048] Declaration of MatchEngine\Controller\MatchController::get() should be compatible with Think\Controller::get($name = '') D:\phpStudy\PHPTutorial\WWW\imc\imapi\MatchEngine\Controller\MatchController.class.php 第 13 行.
SQL: SHOW COLUMNS FROM `order_buy` [ RunTime:0.015001s ]
SQL: SELECT `id`,`user_id`,`price_entrust`,`count_entrust`,`create_time`,`status` FROM `order_buy` LIMIT 1   [ RunTime:0.001000s ]

[ 2018-03-23T17:28:29+08:00 ] 127.0.0.1 /imc/Match/test
INFO: [ app_init ] --START--
INFO: Run Behavior\BuildLiteBehavior [ RunTime:0.000000s ]
INFO: [ app_init ] --END-- [ RunTime:0.000000s ]
INFO: [ app_begin ] --START--
INFO: Run Behavior\ReadHtmlCacheBehavior [ RunTime:0.003001s ]
INFO: [ app_begin ] --END-- [ RunTime:0.003001s ]
NOTIC: [2048] Declaration of MatchEngine\Controller\MatchController::get() should be compatible with Think\Controller::get($name = '') D:\phpStudy\PHPTutorial\WWW\imc\imapi\MatchEngine\Controller\MatchController.class.php 第 13 行.
SQL: SHOW COLUMNS FROM `order_buy` [ RunTime:0.014001s ]
SQL: SELECT `id`,`user_id`,`price_entrust`,`count_entrust`,`create_time`,`status` FROM `order_buy` LIMIT 1   [ RunTime:0.001000s ]

[ 2018-03-23T17:34:48+08:00 ] 127.0.0.1 /imc/Match/test
INFO: [ app_init ] --START--
INFO: Run Behavior\BuildLiteBehavior [ RunTime:0.000000s ]
INFO: [ app_init ] --END-- [ RunTime:0.000000s ]
INFO: [ app_begin ] --START--
INFO: Run Behavior\ReadHtmlCacheBehavior [ RunTime:0.002000s ]
INFO: [ app_begin ] --END-- [ RunTime:0.004000s ]
NOTIC: [2048] Declaration of MatchEngine\Controller\MatchController::get() should be compatible with Think\Controller::get($name = '') D:\phpStudy\PHPTutorial\WWW\imc\imapi\MatchEngine\Controller\MatchController.class.php 第 13 行.

[ 2018-03-23T17:35:11+08:00 ] 127.0.0.1 /imc/Match/test
INFO: [ app_init ] --START--
INFO: Run Behavior\BuildLiteBehavior [ RunTime:0.000000s ]
INFO: [ app_init ] --END-- [ RunTime:0.003001s ]
INFO: [ app_begin ] --START--
INFO: Run Behavior\ReadHtmlCacheBehavior [ RunTime:0.002000s ]
INFO: [ app_begin ] --END-- [ RunTime:0.003000s ]
NOTIC: [2048] Declaration of MatchEngine\Controller\MatchController::get() should be compatible with Think\Controller::get($name = '') D:\phpStudy\PHPTutorial\WWW\imc\imapi\MatchEngine\Controller\MatchController.class.php 第 13 行.

[ 2018-03-23T17:35:13+08:00 ] 127.0.0.1 /imc/Match/test
INFO: [ app_init ] --START--
INFO: Run Behavior\BuildLiteBehavior [ RunTime:0.000000s ]
INFO: [ app_init ] --END-- [ RunTime:0.000000s ]
INFO: [ app_begin ] --START--
INFO: Run Behavior\ReadHtmlCacheBehavior [ RunTime:0.003000s ]
INFO: [ app_begin ] --END-- [ RunTime:0.003000s ]
NOTIC: [2048] Declaration of MatchEngine\Controller\MatchController::get() should be compatible with Think\Controller::get($name = '') D:\phpStudy\PHPTutorial\WWW\imc\imapi\MatchEngine\Controller\MatchController.class.php 第 13 行.

[ 2018-03-23T17:36:45+08:00 ] 127.0.0.1 /imc/Match/test
INFO: [ app_init ] --START--
INFO: Run Behavior\BuildLiteBehavior [ RunTime:0.000000s ]
INFO: [ app_init ] --END-- [ RunTime:0.000000s ]
INFO: [ app_begin ] --START--
INFO: Run Behavior\ReadHtmlCacheBehavior [ RunTime:0.004000s ]
INFO: [ app_begin ] --END-- [ RunTime:0.005000s ]
NOTIC: [2048] Declaration of MatchEngine\Controller\MatchController::get() should be compatible with Think\Controller::get($name = '') D:\phpStudy\PHPTutorial\WWW\imc\imapi\MatchEngine\Controller\MatchController.class.php 第 13 行.
SQL: SHOW COLUMNS FROM `order_buy` [ RunTime:0.013000s ]
SQL: SELECT `id`,`user_id`,`price_entrust`,`count_entrust`,`create_time`,`status` FROM `order_buy` WHERE ( status=0 ) LIMIT 1   [ RunTime:0.002000s ]
SQL: SHOW COLUMNS FROM `order_buy` [ RunTime:0.013001s ]
ERR: 1146:Table 'bourse.order_buy' doesn't exist
 [ SQL语句 ] : SHOW COLUMNS FROM `order_buy`
SQL: SELECT * FROM `order_buy` LIMIT 1   [ RunTime:0.001000s ]
ERR: 1146:Table 'bourse.order_buy' doesn't exist
 [ SQL语句 ] : SELECT * FROM `order_buy` LIMIT 1  

[ 2018-03-23T17:37:26+08:00 ] 127.0.0.1 /imc/Match/test
INFO: [ app_init ] --START--
INFO: Run Behavior\BuildLiteBehavior [ RunTime:0.000000s ]
INFO: [ app_init ] --END-- [ RunTime:0.004000s ]
INFO: [ app_begin ] --START--
INFO: Run Behavior\ReadHtmlCacheBehavior [ RunTime:0.004000s ]
INFO: [ app_begin ] --END-- [ RunTime:0.004000s ]
NOTIC: [2048] Declaration of MatchEngine\Controller\MatchController::get() should be compatible with Think\Controller::get($name = '') D:\phpStudy\PHPTutorial\WWW\imc\imapi\MatchEngine\Controller\MatchController.class.php 第 13 行.
SQL: SHOW COLUMNS FROM `order_buy` [ RunTime:0.015001s ]
SQL: SELECT `id`,`user_id`,`price_entrust`,`count_entrust`,`create_time`,`status` FROM `order_buy` WHERE ( status=0 ) LIMIT 1   [ RunTime:0.001000s ]

[ 2018-03-23T17:37:49+08:00 ] 127.0.0.1 /imc/Match/test
INFO: [ app_init ] --START--
INFO: Run Behavior\BuildLiteBehavior [ RunTime:0.000000s ]
INFO: [ app_init ] --END-- [ RunTime:0.000000s ]
INFO: [ app_begin ] --START--
INFO: Run Behavior\ReadHtmlCacheBehavior [ RunTime:0.004000s ]
INFO: [ app_begin ] --END-- [ RunTime:0.004000s ]
NOTIC: [2048] Declaration of MatchEngine\Controller\MatchController::get() should be compatible with Think\Controller::get($name = '') D:\phpStudy\PHPTutorial\WWW\imc\imapi\MatchEngine\Controller\MatchController.class.php 第 13 行.
SQL: SHOW COLUMNS FROM `order_buy` [ RunTime:0.016000s ]
SQL: SELECT `id`,`user_id`,`price_entrust`,`count_entrust`,`create_time`,`status` FROM `order_buy` WHERE ( status=0 ) LIMIT 1   [ RunTime:0.001000s ]
NOTIC: [2] Missing argument 2 for MatchEngine\Model\BaseModel::select_all(), called in D:\phpStudy\PHPTutorial\WWW\imc\imapi\MatchEngine\Common\IMMatch.class.php on line 181 and defined D:\phpStudy\PHPTutorial\WWW\imc\imapi\MatchEngine\Model\BaseModel.class.php 第 32 行.
NOTIC: [8] Undefined variable: param D:\phpStudy\PHPTutorial\WWW\imc\imapi\MatchEngine\Model\BaseModel.class.php 第 36 行.
NOTIC: [2] Invalid argument supplied for foreach() D:\phpStudy\PHPTutorial\WWW\imc\imapi\MatchEngine\Model\BaseModel.class.php 第 36 行.
SQL: SHOW COLUMNS FROM `order_buy` [ RunTime:0.015001s ]
SQL: SELECT * FROM `order_buy`  [ RunTime:0.002000s ]

[ 2018-03-23T17:38:16+08:00 ] 127.0.0.1 /imc/Match/test
INFO: [ app_init ] --START--
INFO: Run Behavior\BuildLiteBehavior [ RunTime:0.001000s ]
INFO: [ app_init ] --END-- [ RunTime:0.001000s ]
INFO: [ app_begin ] --START--
INFO: Run Behavior\ReadHtmlCacheBehavior [ RunTime:0.002000s ]
INFO: [ app_begin ] --END-- [ RunTime:0.003000s ]
NOTIC: [2048] Declaration of MatchEngine\Controller\MatchController::get() should be compatible with Think\Controller::get($name = '') D:\phpStudy\PHPTutorial\WWW\imc\imapi\MatchEngine\Controller\MatchController.class.php 第 13 行.
NOTIC: [2] Missing argument 2 for MatchEngine\Model\BaseModel::select_all(), called in D:\phpStudy\PHPTutorial\WWW\imc\imapi\MatchEngine\Common\IMMatch.class.php on line 180 and defined D:\phpStudy\PHPTutorial\WWW\imc\imapi\MatchEngine\Model\BaseModel.class.php 第 32 行.
NOTIC: [8] Undefined variable: param D:\phpStudy\PHPTutorial\WWW\imc\imapi\MatchEngine\Model\BaseModel.class.php 第 36 行.
NOTIC: [2] Invalid argument supplied for foreach() D:\phpStudy\PHPTutorial\WWW\imc\imapi\MatchEngine\Model\BaseModel.class.php 第 36 行.
SQL: SHOW COLUMNS FROM `order_buy` [ RunTime:0.013001s ]
SQL: SELECT * FROM `order_buy`  [ RunTime:0.001000s ]

[ 2018-03-23T17:40:27+08:00 ] 127.0.0.1 /imc/Match/test
INFO: [ app_init ] --START--
INFO: Run Behavior\BuildLiteBehavior [ RunTime:0.000000s ]
INFO: [ app_init ] --END-- [ RunTime:0.000000s ]
INFO: [ app_begin ] --START--
INFO: Run Behavior\ReadHtmlCacheBehavior [ RunTime:0.007001s ]
INFO: [ app_begin ] --END-- [ RunTime:0.007001s ]
NOTIC: [2048] Declaration of MatchEngine\Controller\MatchController::get() should be compatible with Think\Controller::get($name = '') D:\phpStudy\PHPTutorial\WWW\imc\imapi\MatchEngine\Controller\MatchController.class.php 第 13 行.
SQL: SHOW COLUMNS FROM `order_buy` [ RunTime:0.017001s ]
ERR: 错误的查询条件:[status==>:status=]

[ 2018-03-23T17:40:59+08:00 ] 127.0.0.1 /imc/Match/test
INFO: [ app_init ] --START--
INFO: Run Behavior\BuildLiteBehavior [ RunTime:0.000000s ]
INFO: [ app_init ] --END-- [ RunTime:0.000000s ]
INFO: [ app_begin ] --START--
INFO: Run Behavior\ReadHtmlCacheBehavior [ RunTime:0.003000s ]
INFO: [ app_begin ] --END-- [ RunTime:0.003000s ]
NOTIC: [2048] Declaration of MatchEngine\Controller\MatchController::get() should be compatible with Think\Controller::get($name = '') D:\phpStudy\PHPTutorial\WWW\imc\imapi\MatchEngine\Controller\MatchController.class.php 第 13 行.
SQL: SHOW COLUMNS FROM `order_buy` [ RunTime:0.013000s ]
ERR: 错误的查询条件:[status==>:status=]

[ 2018-03-23T17:41:29+08:00 ] 127.0.0.1 /imc/Match/test
INFO: [ app_init ] --START--
INFO: Run Behavior\BuildLiteBehavior [ RunTime:0.000000s ]
INFO: [ app_init ] --END-- [ RunTime:0.001000s ]
INFO: [ app_begin ] --START--
INFO: Run Behavior\ReadHtmlCacheBehavior [ RunTime:0.004000s ]
INFO: [ app_begin ] --END-- [ RunTime:0.004000s ]
NOTIC: [2048] Declaration of MatchEngine\Controller\MatchController::get() should be compatible with Think\Controller::get($name = '') D:\phpStudy\PHPTutorial\WWW\imc\imapi\MatchEngine\Controller\MatchController.class.php 第 13 行.
NOTIC: [2] Invalid argument supplied for foreach() D:\phpStudy\PHPTutorial\WWW\imc\imapi\MatchEngine\Model\BaseModel.class.php 第 36 行.
SQL: SHOW COLUMNS FROM `order_buy` [ RunTime:0.018001s ]
SQL: SELECT `id`,`user_id`,`price_entrust`,`count_entrust`,`create_time`,`status` FROM `order_buy`  [ RunTime:0.003000s ]

[ 2018-03-23T17:42:46+08:00 ] 127.0.0.1 /imc/Match/test
INFO: [ app_init ] --START--
INFO: Run Behavior\BuildLiteBehavior [ RunTime:0.000000s ]
INFO: [ app_init ] --END-- [ RunTime:0.000000s ]
INFO: [ app_begin ] --START--
INFO: Run Behavior\ReadHtmlCacheBehavior [ RunTime:0.004000s ]
INFO: [ app_begin ] --END-- [ RunTime:0.004000s ]
NOTIC: [2048] Declaration of MatchEngine\Controller\MatchController::get() should be compatible with Think\Controller::get($name = '') D:\phpStudy\PHPTutorial\WWW\imc\imapi\MatchEngine\Controller\MatchController.class.php 第 13 行.
NOTIC: [2] Invalid argument supplied for foreach() D:\phpStudy\PHPTutorial\WWW\imc\imapi\MatchEngine\Model\BaseModel.class.php 第 36 行.
SQL: SHOW COLUMNS FROM `order_buy` [ RunTime:0.015001s ]
SQL: SELECT `id`,`user_id`,`price_entrust`,`count_entrust`,`create_time`,`status` FROM `order_buy`  [ RunTime:0.002000s ]

[ 2018-03-23T17:42:48+08:00 ] 127.0.0.1 /imc/Match/test
INFO: [ app_init ] --START--
INFO: Run Behavior\BuildLiteBehavior [ RunTime:0.000000s ]
INFO: [ app_init ] --END-- [ RunTime:0.000000s ]
INFO: [ app_begin ] --START--
INFO: Run Behavior\ReadHtmlCacheBehavior [ RunTime:0.004000s ]
INFO: [ app_begin ] --END-- [ RunTime:0.004000s ]
NOTIC: [2048] Declaration of MatchEngine\Controller\MatchController::get() should be compatible with Think\Controller::get($name = '') D:\phpStudy\PHPTutorial\WWW\imc\imapi\MatchEngine\Controller\MatchController.class.php 第 13 行.
NOTIC: [2] Invalid argument supplied for foreach() D:\phpStudy\PHPTutorial\WWW\imc\imapi\MatchEngine\Model\BaseModel.class.php 第 36 行.
SQL: SHOW COLUMNS FROM `order_buy` [ RunTime:0.017001s ]
SQL: SELECT `id`,`user_id`,`price_entrust`,`count_entrust`,`create_time`,`status` FROM `order_buy`  [ RunTime:0.002000s ]

[ 2018-03-23T17:42:50+08:00 ] 127.0.0.1 /imc/Match/test
INFO: [ app_init ] --START--
INFO: Run Behavior\BuildLiteBehavior [ RunTime:0.000000s ]
INFO: [ app_init ] --END-- [ RunTime:0.000000s ]
INFO: [ app_begin ] --START--
INFO: Run Behavior\ReadHtmlCacheBehavior [ RunTime:0.002000s ]
INFO: [ app_begin ] --END-- [ RunTime:0.002000s ]
NOTIC: [2048] Declaration of MatchEngine\Controller\MatchController::get() should be compatible with Think\Controller::get($name = '') D:\phpStudy\PHPTutorial\WWW\imc\imapi\MatchEngine\Controller\MatchController.class.php 第 13 行.
NOTIC: [2] Invalid argument supplied for foreach() D:\phpStudy\PHPTutorial\WWW\imc\imapi\MatchEngine\Model\BaseModel.class.php 第 36 行.
SQL: SHOW COLUMNS FROM `order_buy` [ RunTime:0.013001s ]
SQL: SELECT `id`,`user_id`,`price_entrust`,`count_entrust`,`create_time`,`status` FROM `order_buy`  [ RunTime:0.001000s ]

[ 2018-03-23T17:42:51+08:00 ] 127.0.0.1 /imc/Match/test
INFO: [ app_init ] --START--
INFO: Run Behavior\BuildLiteBehavior [ RunTime:0.000000s ]
INFO: [ app_init ] --END-- [ RunTime:0.000000s ]
INFO: [ app_begin ] --START--
INFO: Run Behavior\ReadHtmlCacheBehavior [ RunTime:0.008000s ]
INFO: [ app_begin ] --END-- [ RunTime:0.008000s ]
NOTIC: [2048] Declaration of MatchEngine\Controller\MatchController::get() should be compatible with Think\Controller::get($name = '') D:\phpStudy\PHPTutorial\WWW\imc\imapi\MatchEngine\Controller\MatchController.class.php 第 13 行.
NOTIC: [2] Invalid argument supplied for foreach() D:\phpStudy\PHPTutorial\WWW\imc\imapi\MatchEngine\Model\BaseModel.class.php 第 36 行.
SQL: SHOW COLUMNS FROM `order_buy` [ RunTime:0.014001s ]
SQL: SELECT `id`,`user_id`,`price_entrust`,`count_entrust`,`create_time`,`status` FROM `order_buy`  [ RunTime:0.002000s ]

[ 2018-03-23T17:42:52+08:00 ] 127.0.0.1 /imc/Match/test
INFO: [ app_init ] --START--
INFO: Run Behavior\BuildLiteBehavior [ RunTime:0.000000s ]
INFO: [ app_init ] --END-- [ RunTime:0.000000s ]
INFO: [ app_begin ] --START--
INFO: Run Behavior\ReadHtmlCacheBehavior [ RunTime:0.003000s ]
INFO: [ app_begin ] --END-- [ RunTime:0.003000s ]
NOTIC: [2048] Declaration of MatchEngine\Controller\MatchController::get() should be compatible with Think\Controller::get($name = '') D:\phpStudy\PHPTutorial\WWW\imc\imapi\MatchEngine\Controller\MatchController.class.php 第 13 行.
NOTIC: [2] Invalid argument supplied for foreach() D:\phpStudy\PHPTutorial\WWW\imc\imapi\MatchEngine\Model\BaseModel.class.php 第 36 行.
SQL: SHOW COLUMNS FROM `order_buy` [ RunTime:0.014001s ]
SQL: SELECT `id`,`user_id`,`price_entrust`,`count_entrust`,`create_time`,`status` FROM `order_buy`  [ RunTime:0.001000s ]

[ 2018-03-23T17:43:05+08:00 ] 127.0.0.1 /imc/Match/test
INFO: [ app_init ] --START--
INFO: Run Behavior\BuildLiteBehavior [ RunTime:0.000000s ]
INFO: [ app_init ] --END-- [ RunTime:0.001000s ]
INFO: [ app_begin ] --START--
INFO: Run Behavior\ReadHtmlCacheBehavior [ RunTime:0.003000s ]
INFO: [ app_begin ] --END-- [ RunTime:0.003000s ]
NOTIC: [2048] Declaration of MatchEngine\Controller\MatchController::get() should be compatible with Think\Controller::get($name = '') D:\phpStudy\PHPTutorial\WWW\imc\imapi\MatchEngine\Controller\MatchController.class.php 第 13 行.
NOTIC: [2] Invalid argument supplied for foreach() D:\phpStudy\PHPTutorial\WWW\imc\imapi\MatchEngine\Model\BaseModel.class.php 第 36 行.
SQL: SHOW COLUMNS FROM `order_buy` [ RunTime:0.016001s ]
SQL: SELECT `id`,`user_id`,`price_entrust`,`count_entrust`,`create_time`,`status` FROM `order_buy`  [ RunTime:0.001000s ]

[ 2018-03-23T17:43:06+08:00 ] 127.0.0.1 /imc/Match/test
INFO: [ app_init ] --START--
INFO: Run Behavior\BuildLiteBehavior [ RunTime:0.000000s ]
INFO: [ app_init ] --END-- [ RunTime:0.000000s ]
INFO: [ app_begin ] --START--
INFO: Run Behavior\ReadHtmlCacheBehavior [ RunTime:0.003000s ]
INFO: [ app_begin ] --END-- [ RunTime:0.003000s ]
NOTIC: [2048] Declaration of MatchEngine\Controller\MatchController::get() should be compatible with Think\Controller::get($name = '') D:\phpStudy\PHPTutorial\WWW\imc\imapi\MatchEngine\Controller\MatchController.class.php 第 13 行.
NOTIC: [2] Invalid argument supplied for foreach() D:\phpStudy\PHPTutorial\WWW\imc\imapi\MatchEngine\Model\BaseModel.class.php 第 36 行.
SQL: SHOW COLUMNS FROM `order_buy` [ RunTime:0.013000s ]
SQL: SELECT `id`,`user_id`,`price_entrust`,`count_entrust`,`create_time`,`status` FROM `order_buy`  [ RunTime:0.001000s ]

[ 2018-03-23T17:43:06+08:00 ] 127.0.0.1 /imc/Match/test
INFO: [ app_init ] --START--
INFO: Run Behavior\BuildLiteBehavior [ RunTime:0.000000s ]
INFO: [ app_init ] --END-- [ RunTime:0.000000s ]
INFO: [ app_begin ] --START--
INFO: Run Behavior\ReadHtmlCacheBehavior [ RunTime:0.003000s ]
INFO: [ app_begin ] --END-- [ RunTime:0.004000s ]
NOTIC: [2048] Declaration of MatchEngine\Controller\MatchController::get() should be compatible with Think\Controller::get($name = '') D:\phpStudy\PHPTutorial\WWW\imc\imapi\MatchEngine\Controller\MatchController.class.php 第 13 行.
NOTIC: [2] Invalid argument supplied for foreach() D:\phpStudy\PHPTutorial\WWW\imc\imapi\MatchEngine\Model\BaseModel.class.php 第 36 行.
SQL: SHOW COLUMNS FROM `order_buy` [ RunTime:0.016001s ]
SQL: SELECT `id`,`user_id`,`price_entrust`,`count_entrust`,`create_time`,`status` FROM `order_buy`  [ RunTime:0.001000s ]

[ 2018-03-23T17:45:53+08:00 ] 127.0.0.1 /imc/Match/test
INFO: [ app_init ] --START--
INFO: Run Behavior\BuildLiteBehavior [ RunTime:0.000000s ]
INFO: [ app_init ] --END-- [ RunTime:0.001000s ]
INFO: [ app_begin ] --START--
INFO: Run Behavior\ReadHtmlCacheBehavior [ RunTime:0.005000s ]
INFO: [ app_begin ] --END-- [ RunTime:0.005000s ]
NOTIC: [2048] Declaration of MatchEngine\Controller\MatchController::get() should be compatible with Think\Controller::get($name = '') D:\phpStudy\PHPTutorial\WWW\imc\imapi\MatchEngine\Controller\MatchController.class.php 第 13 行.

[ 2018-03-23T17:46:20+08:00 ] 127.0.0.1 /imc/Match/test
INFO: [ app_init ] --START--
INFO: Run Behavior\BuildLiteBehavior [ RunTime:0.000000s ]
INFO: [ app_init ] --END-- [ RunTime:0.000000s ]
INFO: [ app_begin ] --START--
INFO: Run Behavior\ReadHtmlCacheBehavior [ RunTime:0.004000s ]
INFO: [ app_begin ] --END-- [ RunTime:0.004000s ]
NOTIC: [2048] Declaration of MatchEngine\Controller\MatchController::get() should be compatible with Think\Controller::get($name = '') D:\phpStudy\PHPTutorial\WWW\imc\imapi\MatchEngine\Controller\MatchController.class.php 第 13 行.

[ 2018-03-23T17:46:38+08:00 ] 127.0.0.1 /imc/Match/test
INFO: [ app_init ] --START--
INFO: Run Behavior\BuildLiteBehavior [ RunTime:0.000000s ]
INFO: [ app_init ] --END-- [ RunTime:0.001000s ]
INFO: [ app_begin ] --START--
INFO: Run Behavior\ReadHtmlCacheBehavior [ RunTime:0.003000s ]
INFO: [ app_begin ] --END-- [ RunTime:0.003000s ]
NOTIC: [2048] Declaration of MatchEngine\Controller\MatchController::get() should be compatible with Think\Controller::get($name = '') D:\phpStudy\PHPTutorial\WWW\imc\imapi\MatchEngine\Controller\MatchController.class.php 第 13 行.
ERR: Think\Model:get方法不存在！

[ 2018-03-23T17:46:47+08:00 ] 127.0.0.1 /imc/Match/test
INFO: [ app_init ] --START--
INFO: Run Behavior\BuildLiteBehavior [ RunTime:0.000000s ]
INFO: [ app_init ] --END-- [ RunTime:0.000000s ]
INFO: [ app_begin ] --START--
INFO: Run Behavior\ReadHtmlCacheBehavior [ RunTime:0.003000s ]
INFO: [ app_begin ] --END-- [ RunTime:0.003000s ]
NOTIC: [2048] Declaration of MatchEngine\Controller\MatchController::get() should be compatible with Think\Controller::get($name = '') D:\phpStudy\PHPTutorial\WWW\imc\imapi\MatchEngine\Controller\MatchController.class.php 第 13 行.
SQL: SHOW COLUMNS FROM `order_buy` [ RunTime:0.013001s ]
ERR: 错误的查询条件:[status==>0]

[ 2018-03-23T17:47:49+08:00 ] 127.0.0.1 /imc/Match/test
INFO: [ app_init ] --START--
INFO: Run Behavior\BuildLiteBehavior [ RunTime:0.000000s ]
INFO: [ app_init ] --END-- [ RunTime:0.000000s ]
INFO: [ app_begin ] --START--
INFO: Run Behavior\ReadHtmlCacheBehavior [ RunTime:0.003000s ]
INFO: [ app_begin ] --END-- [ RunTime:0.004000s ]
NOTIC: [2048] Declaration of MatchEngine\Controller\MatchController::get() should be compatible with Think\Controller::get($name = '') D:\phpStudy\PHPTutorial\WWW\imc\imapi\MatchEngine\Controller\MatchController.class.php 第 13 行.

[ 2018-03-23T17:48:08+08:00 ] 127.0.0.1 /imc/Match/test
INFO: [ app_init ] --START--
INFO: Run Behavior\BuildLiteBehavior [ RunTime:0.000000s ]
INFO: [ app_init ] --END-- [ RunTime:0.000000s ]
INFO: [ app_begin ] --START--
INFO: Run Behavior\ReadHtmlCacheBehavior [ RunTime:0.004000s ]
INFO: [ app_begin ] --END-- [ RunTime:0.004000s ]
NOTIC: [2048] Declaration of MatchEngine\Controller\MatchController::get() should be compatible with Think\Controller::get($name = '') D:\phpStudy\PHPTutorial\WWW\imc\imapi\MatchEngine\Controller\MatchController.class.php 第 13 行.
SQL: SHOW COLUMNS FROM `order_buy` [ RunTime:0.016001s ]
SQL: SELECT `id`,`status` FROM `order_buy` WHERE ( status=0 ) LIMIT 1   [ RunTime:0.001000s ]

[ 2018-03-23T17:50:08+08:00 ] 127.0.0.1 /imc/Match/test
INFO: [ app_init ] --START--
INFO: Run Behavior\BuildLiteBehavior [ RunTime:0.000000s ]
INFO: [ app_init ] --END-- [ RunTime:0.001000s ]
INFO: [ app_begin ] --START--
INFO: Run Behavior\ReadHtmlCacheBehavior [ RunTime:0.003000s ]
INFO: [ app_begin ] --END-- [ RunTime:0.003000s ]
NOTIC: [2048] Declaration of MatchEngine\Controller\MatchController::get() should be compatible with Think\Controller::get($name = '') D:\phpStudy\PHPTutorial\WWW\imc\imapi\MatchEngine\Controller\MatchController.class.php 第 13 行.
SQL: SHOW COLUMNS FROM `order_buy` [ RunTime:0.014000s ]
SQL: SELECT * FROM `order_buy`  [ RunTime:0.001001s ]

[ 2018-03-23T17:50:42+08:00 ] 127.0.0.1 /imc/Match/test
INFO: [ app_init ] --START--
INFO: Run Behavior\BuildLiteBehavior [ RunTime:0.000000s ]
INFO: [ app_init ] --END-- [ RunTime:0.000000s ]
INFO: [ app_begin ] --START--
INFO: Run Behavior\ReadHtmlCacheBehavior [ RunTime:0.003000s ]
INFO: [ app_begin ] --END-- [ RunTime:0.003000s ]
NOTIC: [2048] Declaration of MatchEngine\Controller\MatchController::get() should be compatible with Think\Controller::get($name = '') D:\phpStudy\PHPTutorial\WWW\imc\imapi\MatchEngine\Controller\MatchController.class.php 第 13 行.
SQL: SHOW COLUMNS FROM `order_buy` [ RunTime:0.015001s ]
SQL: SELECT * FROM `order_buy`  [ RunTime:0.001000s ]

[ 2018-03-23T17:51:36+08:00 ] 127.0.0.1 /imc/Match/test
INFO: [ app_init ] --START--
INFO: Run Behavior\BuildLiteBehavior [ RunTime:0.000000s ]
INFO: [ app_init ] --END-- [ RunTime:0.001000s ]
INFO: [ app_begin ] --START--
INFO: Run Behavior\ReadHtmlCacheBehavior [ RunTime:0.004001s ]
INFO: [ app_begin ] --END-- [ RunTime:0.004001s ]
NOTIC: [2048] Declaration of MatchEngine\Controller\MatchController::get() should be compatible with Think\Controller::get($name = '') D:\phpStudy\PHPTutorial\WWW\imc\imapi\MatchEngine\Controller\MatchController.class.php 第 13 行.
SQL: SHOW COLUMNS FROM `order_buy` [ RunTime:0.018001s ]
SQL: SELECT * FROM `order_buy`  [ RunTime:0.001001s ]

[ 2018-03-23T17:51:38+08:00 ] 127.0.0.1 /imc/Match/test
INFO: [ app_init ] --START--
INFO: Run Behavior\BuildLiteBehavior [ RunTime:0.000000s ]
INFO: [ app_init ] --END-- [ RunTime:0.001000s ]
INFO: [ app_begin ] --START--
INFO: Run Behavior\ReadHtmlCacheBehavior [ RunTime:0.003000s ]
INFO: [ app_begin ] --END-- [ RunTime:0.003000s ]
NOTIC: [2048] Declaration of MatchEngine\Controller\MatchController::get() should be compatible with Think\Controller::get($name = '') D:\phpStudy\PHPTutorial\WWW\imc\imapi\MatchEngine\Controller\MatchController.class.php 第 13 行.
SQL: SHOW COLUMNS FROM `order_buy` [ RunTime:0.018001s ]
SQL: SELECT * FROM `order_buy`  [ RunTime:0.002000s ]

[ 2018-03-23T17:52:55+08:00 ] 127.0.0.1 /imc/Match/test
INFO: [ app_init ] --START--
INFO: Run Behavior\BuildLiteBehavior [ RunTime:0.000000s ]
INFO: [ app_init ] --END-- [ RunTime:0.000000s ]
INFO: [ app_begin ] --START--
INFO: Run Behavior\ReadHtmlCacheBehavior [ RunTime:0.003000s ]
INFO: [ app_begin ] --END-- [ RunTime:0.003000s ]
NOTIC: [2048] Declaration of MatchEngine\Controller\MatchController::get() should be compatible with Think\Controller::get($name = '') D:\phpStudy\PHPTutorial\WWW\imc\imapi\MatchEngine\Controller\MatchController.class.php 第 13 行.
SQL: SHOW COLUMNS FROM `order_buy` [ RunTime:0.030002s ]
SQL: SELECT * FROM `order_buy`  [ RunTime:0.002000s ]

[ 2018-03-23T17:52:57+08:00 ] 127.0.0.1 /imc/Match/test
INFO: [ app_init ] --START--
INFO: Run Behavior\BuildLiteBehavior [ RunTime:0.000000s ]
INFO: [ app_init ] --END-- [ RunTime:0.001000s ]
INFO: [ app_begin ] --START--
INFO: Run Behavior\ReadHtmlCacheBehavior [ RunTime:0.003000s ]
INFO: [ app_begin ] --END-- [ RunTime:0.003000s ]
NOTIC: [2048] Declaration of MatchEngine\Controller\MatchController::get() should be compatible with Think\Controller::get($name = '') D:\phpStudy\PHPTutorial\WWW\imc\imapi\MatchEngine\Controller\MatchController.class.php 第 13 行.
SQL: SHOW COLUMNS FROM `order_buy` [ RunTime:0.015001s ]
SQL: SELECT * FROM `order_buy`  [ RunTime:0.001000s ]

[ 2018-03-23T17:53:10+08:00 ] 127.0.0.1 /imc/Match/test
INFO: [ app_init ] --START--
INFO: Run Behavior\BuildLiteBehavior [ RunTime:0.000000s ]
INFO: [ app_init ] --END-- [ RunTime:0.001000s ]
INFO: [ app_begin ] --START--
INFO: Run Behavior\ReadHtmlCacheBehavior [ RunTime:0.004000s ]
INFO: [ app_begin ] --END-- [ RunTime:0.004000s ]
NOTIC: [2048] Declaration of MatchEngine\Controller\MatchController::get() should be compatible with Think\Controller::get($name = '') D:\phpStudy\PHPTutorial\WWW\imc\imapi\MatchEngine\Controller\MatchController.class.php 第 13 行.
SQL: SHOW COLUMNS FROM `order_buy` [ RunTime:0.025001s ]
SQL: SELECT * FROM `order_buy`  [ RunTime:0.006001s ]

[ 2018-03-23T17:53:54+08:00 ] 127.0.0.1 /imc/Match/test
INFO: [ app_init ] --START--
INFO: Run Behavior\BuildLiteBehavior [ RunTime:0.000000s ]
INFO: [ app_init ] --END-- [ RunTime:0.001000s ]
INFO: [ app_begin ] --START--
INFO: Run Behavior\ReadHtmlCacheBehavior [ RunTime:0.003000s ]
INFO: [ app_begin ] --END-- [ RunTime:0.003000s ]
NOTIC: [2048] Declaration of MatchEngine\Controller\MatchController::get() should be compatible with Think\Controller::get($name = '') D:\phpStudy\PHPTutorial\WWW\imc\imapi\MatchEngine\Controller\MatchController.class.php 第 13 行.
SQL: SHOW COLUMNS FROM `order_buy` [ RunTime:0.017001s ]
SQL: SELECT * FROM `order_buy`  [ RunTime:0.002001s ]

[ 2018-03-23T17:53:55+08:00 ] 127.0.0.1 /imc/Match/test
INFO: [ app_init ] --START--
INFO: Run Behavior\BuildLiteBehavior [ RunTime:0.000000s ]
INFO: [ app_init ] --END-- [ RunTime:0.001000s ]
INFO: [ app_begin ] --START--
INFO: Run Behavior\ReadHtmlCacheBehavior [ RunTime:0.007000s ]
INFO: [ app_begin ] --END-- [ RunTime:0.007000s ]
NOTIC: [2048] Declaration of MatchEngine\Controller\MatchController::get() should be compatible with Think\Controller::get($name = '') D:\phpStudy\PHPTutorial\WWW\imc\imapi\MatchEngine\Controller\MatchController.class.php 第 13 行.
SQL: SHOW COLUMNS FROM `order_buy` [ RunTime:0.019001s ]
SQL: SELECT * FROM `order_buy`  [ RunTime:0.001000s ]

[ 2018-03-23T17:53:56+08:00 ] 127.0.0.1 /imc/Match/test
INFO: [ app_init ] --START--
INFO: Run Behavior\BuildLiteBehavior [ RunTime:0.000000s ]
INFO: [ app_init ] --END-- [ RunTime:0.000000s ]
INFO: [ app_begin ] --START--
INFO: Run Behavior\ReadHtmlCacheBehavior [ RunTime:0.002000s ]
INFO: [ app_begin ] --END-- [ RunTime:0.002000s ]
NOTIC: [2048] Declaration of MatchEngine\Controller\MatchController::get() should be compatible with Think\Controller::get($name = '') D:\phpStudy\PHPTutorial\WWW\imc\imapi\MatchEngine\Controller\MatchController.class.php 第 13 行.
SQL: SHOW COLUMNS FROM `order_buy` [ RunTime:0.016001s ]
SQL: SELECT * FROM `order_buy`  [ RunTime:0.001000s ]

[ 2018-03-23T17:55:08+08:00 ] 127.0.0.1 /imc/Match/test
INFO: [ app_init ] --START--
INFO: Run Behavior\BuildLiteBehavior [ RunTime:0.000000s ]
INFO: [ app_init ] --END-- [ RunTime:0.000000s ]
INFO: [ app_begin ] --START--
INFO: Run Behavior\ReadHtmlCacheBehavior [ RunTime:0.004000s ]
INFO: [ app_begin ] --END-- [ RunTime:0.005000s ]
NOTIC: [2048] Declaration of MatchEngine\Controller\MatchController::get() should be compatible with Think\Controller::get($name = '') D:\phpStudy\PHPTutorial\WWW\imc\imapi\MatchEngine\Controller\MatchController.class.php 第 13 行.
SQL: select id from order_buy [ RunTime:0.001000s ]

[ 2018-03-23T17:56:03+08:00 ] 127.0.0.1 /imc/Match/test
INFO: [ app_init ] --START--
INFO: Run Behavior\BuildLiteBehavior [ RunTime:0.000000s ]
INFO: [ app_init ] --END-- [ RunTime:0.000000s ]
INFO: [ app_begin ] --START--
INFO: Run Behavior\ReadHtmlCacheBehavior [ RunTime:0.003000s ]
INFO: [ app_begin ] --END-- [ RunTime:0.003000s ]
NOTIC: [2048] Declaration of MatchEngine\Controller\MatchController::get() should be compatible with Think\Controller::get($name = '') D:\phpStudy\PHPTutorial\WWW\imc\imapi\MatchEngine\Controller\MatchController.class.php 第 13 行.
SQL: select id, user_id, price_entrust, count_entrust, create_time, status from order_buy [ RunTime:0.001000s ]

[ 2018-03-23T17:56:46+08:00 ] 127.0.0.1 /imc/Match/test
INFO: [ app_init ] --START--
INFO: Run Behavior\BuildLiteBehavior [ RunTime:0.000000s ]
INFO: [ app_init ] --END-- [ RunTime:0.000000s ]
INFO: [ app_begin ] --START--
INFO: Run Behavior\ReadHtmlCacheBehavior [ RunTime:0.003001s ]
INFO: [ app_begin ] --END-- [ RunTime:0.003001s ]
NOTIC: [2048] Declaration of MatchEngine\Controller\MatchController::get() should be compatible with Think\Controller::get($name = '') D:\phpStudy\PHPTutorial\WWW\imc\imapi\MatchEngine\Controller\MatchController.class.php 第 13 行.
SQL: select id, user_id, price_entrust, count_entrust, create_time, status from order_buy [ RunTime:0.002000s ]

[ 2018-03-23T17:57:38+08:00 ] 127.0.0.1 /imc/Match/test
INFO: [ app_init ] --START--
INFO: Run Behavior\BuildLiteBehavior [ RunTime:0.000000s ]
INFO: [ app_init ] --END-- [ RunTime:0.001000s ]
INFO: [ app_begin ] --START--
INFO: Run Behavior\ReadHtmlCacheBehavior [ RunTime:0.004000s ]
INFO: [ app_begin ] --END-- [ RunTime:0.004000s ]
NOTIC: [2048] Declaration of MatchEngine\Controller\MatchController::get() should be compatible with Think\Controller::get($name = '') D:\phpStudy\PHPTutorial\WWW\imc\imapi\MatchEngine\Controller\MatchController.class.php 第 13 行.
SQL: select id, user_id, price_entrust, count_entrust, create_time, status from order_buy where status=0 [ RunTime:0.002000s ]

[ 2018-03-23T17:58:16+08:00 ] 127.0.0.1 /imc/Match/test
INFO: [ app_init ] --START--
INFO: Run Behavior\BuildLiteBehavior [ RunTime:0.000000s ]
INFO: [ app_init ] --END-- [ RunTime:0.001000s ]
INFO: [ app_begin ] --START--
INFO: Run Behavior\ReadHtmlCacheBehavior [ RunTime:0.004001s ]
INFO: [ app_begin ] --END-- [ RunTime:0.005001s ]
NOTIC: [2048] Declaration of MatchEngine\Controller\MatchController::get() should be compatible with Think\Controller::get($name = '') D:\phpStudy\PHPTutorial\WWW\imc\imapi\MatchEngine\Controller\MatchController.class.php 第 13 行.
SQL: select id, user_id, price_entrust, count_entrust, create_time, status from order_buy where status=1 [ RunTime:0.001000s ]

[ 2018-03-23T17:59:28+08:00 ] 127.0.0.1 /imc/Match/test
INFO: [ app_init ] --START--
INFO: Run Behavior\BuildLiteBehavior [ RunTime:0.001000s ]
INFO: [ app_init ] --END-- [ RunTime:0.001000s ]
INFO: [ app_begin ] --START--
INFO: Run Behavior\ReadHtmlCacheBehavior [ RunTime:0.003001s ]
INFO: [ app_begin ] --END-- [ RunTime:0.004001s ]
NOTIC: [2048] Declaration of MatchEngine\Controller\MatchController::get() should be compatible with Think\Controller::get($name = '') D:\phpStudy\PHPTutorial\WWW\imc\imapi\MatchEngine\Controller\MatchController.class.php 第 13 行.
NOTIC: [2] Missing argument 1 for Think\Model::query(), called in D:\phpStudy\PHPTutorial\WWW\imc\imapi\MatchEngine\Common\IMMatch.class.php on line 183 and defined D:\phpStudy\PHPTutorial\WWW\imc\Core\Library\Think\Model.class.php 第 1219 行.
NOTIC: [8] Undefined variable: sql D:\phpStudy\PHPTutorial\WWW\imc\Core\Library\Think\Model.class.php 第 1224 行.
SQL:  [ RunTime:0.001000s ]
ERR: 1065:Query was empty

[ 2018-03-23T17:59:33+08:00 ] 127.0.0.1 /imc/Match/test
INFO: [ app_init ] --START--
INFO: Run Behavior\BuildLiteBehavior [ RunTime:0.000000s ]
INFO: [ app_init ] --END-- [ RunTime:0.000000s ]
INFO: [ app_begin ] --START--
INFO: Run Behavior\ReadHtmlCacheBehavior [ RunTime:0.004000s ]
INFO: [ app_begin ] --END-- [ RunTime:0.004000s ]
NOTIC: [2048] Declaration of MatchEngine\Controller\MatchController::get() should be compatible with Think\Controller::get($name = '') D:\phpStudy\PHPTutorial\WWW\imc\imapi\MatchEngine\Controller\MatchController.class.php 第 13 行.
SQL: select id, user_id, price_entrust, count_entrust, create_time, status from order_buy where status=0 [ RunTime:0.003000s ]

[ 2018-03-23T18:00:02+08:00 ] 127.0.0.1 /imc/Match/test
INFO: [ app_init ] --START--
INFO: Run Behavior\BuildLiteBehavior [ RunTime:0.000000s ]
INFO: [ app_init ] --END-- [ RunTime:0.001000s ]
INFO: [ app_begin ] --START--
INFO: Run Behavior\ReadHtmlCacheBehavior [ RunTime:0.005001s ]
INFO: [ app_begin ] --END-- [ RunTime:0.005001s ]
NOTIC: [2048] Declaration of MatchEngine\Controller\MatchController::get() should be compatible with Think\Controller::get($name = '') D:\phpStudy\PHPTutorial\WWW\imc\imapi\MatchEngine\Controller\MatchController.class.php 第 13 行.
SQL: select id, user_id, price_entrust, count_entrust, create_time, status from order_buy where status=0 order by id desc [ RunTime:0.001000s ]

[ 2018-03-23T18:00:40+08:00 ] 127.0.0.1 /imc/Match/test
INFO: [ app_init ] --START--
INFO: Run Behavior\BuildLiteBehavior [ RunTime:0.000000s ]
INFO: [ app_init ] --END-- [ RunTime:0.000000s ]
INFO: [ app_begin ] --START--
INFO: Run Behavior\ReadHtmlCacheBehavior [ RunTime:0.004000s ]
INFO: [ app_begin ] --END-- [ RunTime:0.004000s ]
NOTIC: [2048] Declaration of MatchEngine\Controller\MatchController::get() should be compatible with Think\Controller::get($name = '') D:\phpStudy\PHPTutorial\WWW\imc\imapi\MatchEngine\Controller\MatchController.class.php 第 13 行.
SQL: select id, user_id, price_entrust, count_entrust, create_time, status from order_buy where status=0 order by create_time asc [ RunTime:0.002000s ]

[ 2018-03-23T18:01:02+08:00 ] 127.0.0.1 /imc/Match/test
INFO: [ app_init ] --START--
INFO: Run Behavior\BuildLiteBehavior [ RunTime:0.001000s ]
INFO: [ app_init ] --END-- [ RunTime:0.001000s ]
INFO: [ app_begin ] --START--
INFO: Run Behavior\ReadHtmlCacheBehavior [ RunTime:0.003000s ]
INFO: [ app_begin ] --END-- [ RunTime:0.003000s ]
NOTIC: [2048] Declaration of MatchEngine\Controller\MatchController::get() should be compatible with Think\Controller::get($name = '') D:\phpStudy\PHPTutorial\WWW\imc\imapi\MatchEngine\Controller\MatchController.class.php 第 13 行.
SQL: select id, user_id, price_entrust, count_entrust, create_time, status from order_buy where status=0 order by price_entrust, create_time asc [ RunTime:0.002000s ]

[ 2018-03-23T18:37:28+08:00 ] 127.0.0.1 /imc/Match/test
INFO: [ app_init ] --START--
INFO: Run Behavior\BuildLiteBehavior [ RunTime:0.001000s ]
INFO: [ app_init ] --END-- [ RunTime:0.001000s ]
INFO: [ app_begin ] --START--
INFO: Run Behavior\ReadHtmlCacheBehavior [ RunTime:0.005001s ]
INFO: [ app_begin ] --END-- [ RunTime:0.005001s ]
NOTIC: [2048] Declaration of MatchEngine\Controller\MatchController::get() should be compatible with Think\Controller::get($name = '') D:\phpStudy\PHPTutorial\WWW\imc\imapi\MatchEngine\Controller\MatchController.class.php 第 13 行.
SQL: select id, user_id, price_entrust, count_entrust, create_time, status from order_buy  where status=0 order by price_entrust desc, create_time asc [ RunTime:0.002000s ]

[ 2018-03-23T18:43:02+08:00 ] 127.0.0.1 /imc/Match/test
INFO: [ app_init ] --START--
INFO: Run Behavior\BuildLiteBehavior [ RunTime:0.000000s ]
INFO: [ app_init ] --END-- [ RunTime:0.000000s ]
INFO: [ app_begin ] --START--
INFO: Run Behavior\ReadHtmlCacheBehavior [ RunTime:0.003000s ]
INFO: [ app_begin ] --END-- [ RunTime:0.003000s ]
NOTIC: [2048] Declaration of MatchEngine\Controller\MatchController::get() should be compatible with Think\Controller::get($name = '') D:\phpStudy\PHPTutorial\WWW\imc\imapi\MatchEngine\Controller\MatchController.class.php 第 13 行.
SQL: select id, user_id, price_entrust, count_entrust, create_time, status from order_buy where status=0 order by price_entrust desc, create_time asc [ RunTime:0.004000s ]

[ 2018-03-23T20:47:34+08:00 ] 127.0.0.1 /imc/Match/test
INFO: [ app_init ] --START--
INFO: Run Behavior\BuildLiteBehavior [ RunTime:0.000000s ]
INFO: [ app_init ] --END-- [ RunTime:0.000000s ]
INFO: [ app_begin ] --START--
INFO: Run Behavior\ReadHtmlCacheBehavior [ RunTime:0.003000s ]
INFO: [ app_begin ] --END-- [ RunTime:0.004000s ]
NOTIC: [2048] Declaration of MatchEngine\Controller\MatchController::get() should be compatible with Think\Controller::get($name = '') D:\phpStudy\PHPTutorial\WWW\imc\imapi\MatchEngine\Controller\MatchController.class.php 第 13 行.
NOTIC: [2] Invalid argument supplied for foreach() D:\phpStudy\PHPTutorial\WWW\imc\imapi\MatchEngine\Model\BaseModel.class.php 第 127 行.
NOTIC: 建议使用E方法替代throw_exception

[ 2018-03-23T20:47:47+08:00 ] 127.0.0.1 /imc/Match/test
INFO: [ app_init ] --START--
INFO: Run Behavior\BuildLiteBehavior [ RunTime:0.000000s ]
INFO: [ app_init ] --END-- [ RunTime:0.000000s ]
INFO: [ app_begin ] --START--
INFO: Run Behavior\ReadHtmlCacheBehavior [ RunTime:0.002001s ]
INFO: [ app_begin ] --END-- [ RunTime:0.002001s ]
NOTIC: [2048] Declaration of MatchEngine\Controller\MatchController::get() should be compatible with Think\Controller::get($name = '') D:\phpStudy\PHPTutorial\WWW\imc\imapi\MatchEngine\Controller\MatchController.class.php 第 13 行.
NOTIC: [2] Invalid argument supplied for foreach() D:\phpStudy\PHPTutorial\WWW\imc\imapi\MatchEngine\Model\BaseModel.class.php 第 127 行.
NOTIC: 建议使用E方法替代throw_exception

[ 2018-03-23T20:48:38+08:00 ] 127.0.0.1 /imc/Match/test
INFO: [ app_init ] --START--
INFO: Run Behavior\BuildLiteBehavior [ RunTime:0.000000s ]
INFO: [ app_init ] --END-- [ RunTime:0.000000s ]
INFO: [ app_begin ] --START--
INFO: Run Behavior\ReadHtmlCacheBehavior [ RunTime:0.002000s ]
INFO: [ app_begin ] --END-- [ RunTime:0.003000s ]
NOTIC: [2048] Declaration of MatchEngine\Controller\MatchController::get() should be compatible with Think\Controller::get($name = '') D:\phpStudy\PHPTutorial\WWW\imc\imapi\MatchEngine\Controller\MatchController.class.php 第 13 行.
NOTIC: [2] Invalid argument supplied for foreach() D:\phpStudy\PHPTutorial\WWW\imc\imapi\MatchEngine\Model\BaseModel.class.php 第 127 行.
NOTIC: 建议使用E方法替代throw_exception

[ 2018-03-23T20:50:06+08:00 ] 127.0.0.1 /imc/Match/test
INFO: [ app_init ] --START--
INFO: Run Behavior\BuildLiteBehavior [ RunTime:0.000000s ]
INFO: [ app_init ] --END-- [ RunTime:0.001000s ]
INFO: [ app_begin ] --START--
INFO: Run Behavior\ReadHtmlCacheBehavior [ RunTime:0.004000s ]
INFO: [ app_begin ] --END-- [ RunTime:0.005000s ]
NOTIC: [2048] Declaration of MatchEngine\Controller\MatchController::get() should be compatible with Think\Controller::get($name = '') D:\phpStudy\PHPTutorial\WWW\imc\imapi\MatchEngine\Controller\MatchController.class.php 第 13 行.
SQL: SHOW COLUMNS FROM `order_buy` [ RunTime:0.015001s ]
SQL: INSERT INTO `order_buy` (`user_id`,`currency_id`,`currency_name`,`price_entrust`,`count_entrust`,`status`) VALUES (':i_user_id',':i_currency_id',':i_currency_name',':i_price_entrust',':i_count_entrust',':i_status') [ RunTime:0.002001s ]
NOTIC: 建议使用E方法替代throw_exception

[ 2018-03-23T20:50:07+08:00 ] 127.0.0.1 /imc/Match/test
INFO: [ app_init ] --START--
INFO: Run Behavior\BuildLiteBehavior [ RunTime:0.000000s ]
INFO: [ app_init ] --END-- [ RunTime:0.001000s ]
INFO: [ app_begin ] --START--
INFO: Run Behavior\ReadHtmlCacheBehavior [ RunTime:0.002000s ]
INFO: [ app_begin ] --END-- [ RunTime:0.002000s ]
NOTIC: [2048] Declaration of MatchEngine\Controller\MatchController::get() should be compatible with Think\Controller::get($name = '') D:\phpStudy\PHPTutorial\WWW\imc\imapi\MatchEngine\Controller\MatchController.class.php 第 13 行.
SQL: SHOW COLUMNS FROM `order_buy` [ RunTime:0.014001s ]
SQL: INSERT INTO `order_buy` (`user_id`,`currency_id`,`currency_name`,`price_entrust`,`count_entrust`,`status`) VALUES (':i_user_id',':i_currency_id',':i_currency_name',':i_price_entrust',':i_count_entrust',':i_status') [ RunTime:0.001000s ]
NOTIC: 建议使用E方法替代throw_exception

[ 2018-03-23T20:50:18+08:00 ] 127.0.0.1 /imc/Match/test
INFO: [ app_init ] --START--
INFO: Run Behavior\BuildLiteBehavior [ RunTime:0.001000s ]
INFO: [ app_init ] --END-- [ RunTime:0.001000s ]
INFO: [ app_begin ] --START--
INFO: Run Behavior\ReadHtmlCacheBehavior [ RunTime:0.002000s ]
INFO: [ app_begin ] --END-- [ RunTime:0.002000s ]
NOTIC: [2048] Declaration of MatchEngine\Controller\MatchController::get() should be compatible with Think\Controller::get($name = '') D:\phpStudy\PHPTutorial\WWW\imc\imapi\MatchEngine\Controller\MatchController.class.php 第 13 行.
SQL: SHOW COLUMNS FROM `order_buy` [ RunTime:0.014001s ]
SQL: INSERT INTO `order_buy` (`user_id`,`currency_id`,`currency_name`,`price_entrust`,`count_entrust`,`status`) VALUES (':i_user_id',':i_currency_id',':i_currency_name',':i_price_entrust',':i_count_entrust',':i_status') [ RunTime:0.001000s ]
NOTIC: 建议使用E方法替代throw_exception

[ 2018-03-23T20:52:35+08:00 ] 127.0.0.1 /imc/Match/test
INFO: [ app_init ] --START--
INFO: Run Behavior\BuildLiteBehavior [ RunTime:0.000000s ]
INFO: [ app_init ] --END-- [ RunTime:0.000000s ]
INFO: [ app_begin ] --START--
INFO: Run Behavior\ReadHtmlCacheBehavior [ RunTime:0.003001s ]
INFO: [ app_begin ] --END-- [ RunTime:0.003001s ]
NOTIC: [2048] Declaration of MatchEngine\Controller\MatchController::get() should be compatible with Think\Controller::get($name = '') D:\phpStudy\PHPTutorial\WWW\imc\imapi\MatchEngine\Controller\MatchController.class.php 第 13 行.
SQL: SHOW COLUMNS FROM `order_buy` [ RunTime:0.013001s ]
SQL: INSERT INTO `order_buy` (`user_id`,`currency_id`,`currency_name`,`price_entrust`,`count_entrust`,`status`) VALUES (':i_user_id',':i_currency_id',':i_currency_name',':i_price_entrust',':i_count_entrust',':i_status') [ RunTime:0.001000s ]
NOTIC: 建议使用E方法替代throw_exception

[ 2018-03-23T20:55:01+08:00 ] 127.0.0.1 /imc/Match/test
INFO: [ app_init ] --START--
INFO: Run Behavior\BuildLiteBehavior [ RunTime:0.001000s ]
INFO: [ app_init ] --END-- [ RunTime:0.001000s ]
INFO: [ app_begin ] --START--
INFO: Run Behavior\ReadHtmlCacheBehavior [ RunTime:0.004000s ]
INFO: [ app_begin ] --END-- [ RunTime:0.005000s ]
NOTIC: [2048] Declaration of MatchEngine\Controller\MatchController::get() should be compatible with Think\Controller::get($name = '') D:\phpStudy\PHPTutorial\WWW\imc\imapi\MatchEngine\Controller\MatchController.class.php 第 13 行.

[ 2018-03-23T20:56:53+08:00 ] 127.0.0.1 /imc/Match/test
INFO: [ app_init ] --START--
INFO: Run Behavior\BuildLiteBehavior [ RunTime:0.000000s ]
INFO: [ app_init ] --END-- [ RunTime:0.000000s ]
INFO: [ app_begin ] --START--
INFO: Run Behavior\ReadHtmlCacheBehavior [ RunTime:0.004000s ]
INFO: [ app_begin ] --END-- [ RunTime:0.004000s ]
NOTIC: [2048] Declaration of MatchEngine\Controller\MatchController::get() should be compatible with Think\Controller::get($name = '') D:\phpStudy\PHPTutorial\WWW\imc\imapi\MatchEngine\Controller\MatchController.class.php 第 13 行.

[ 2018-03-23T20:57:21+08:00 ] 127.0.0.1 /imc/Match/test
INFO: [ app_init ] --START--
INFO: Run Behavior\BuildLiteBehavior [ RunTime:0.000000s ]
INFO: [ app_init ] --END-- [ RunTime:0.001000s ]
INFO: [ app_begin ] --START--
INFO: Run Behavior\ReadHtmlCacheBehavior [ RunTime:0.003000s ]
INFO: [ app_begin ] --END-- [ RunTime:0.003000s ]
NOTIC: [2048] Declaration of MatchEngine\Controller\MatchController::get() should be compatible with Think\Controller::get($name = '') D:\phpStudy\PHPTutorial\WWW\imc\imapi\MatchEngine\Controller\MatchController.class.php 第 13 行.
SQL: SHOW COLUMNS FROM `order_buy` [ RunTime:0.014001s ]
SQL: INSERT INTO `order_buy` (`user_id`,`currency_id`,`currency_name`,`price_entrust`,`count_entrust`,`status`) VALUES ('10008939',1,'IM',8190,1,0) [ RunTime:0.001000s ]
NOTIC: 建议使用E方法替代throw_exception

