[ 2018-03-29T00:01:47+08:00 ] 127.0.0.1 /imc/Match/add?ot=0
INFO: [ app_init ] --START--
INFO: Run Behavior\BuildLiteBehavior [ RunTime:0.000000s ]
INFO: [ app_init ] --END-- [ RunTime:0.000000s ]
INFO: [ app_begin ] --START--
INFO: Run Behavior\ReadHtmlCacheBehavior [ RunTime:0.003000s ]
INFO: [ app_begin ] --END-- [ RunTime:0.003000s ]
NOTIC: [2048] Declaration of MatchEngine\Controller\MatchController::get() should be compatible with Think\Controller::get($name = '') D:\phpStudy\PHPTutorial\WWW\imc\imapi\MatchEngine\Controller\MatchController.class.php 第 19 行.
NOTIC: [2048] Declaration of MatchEngine\Model\OrderModel::add() should be compatible with Think\Model::add($data = '', $options = Array, $replace = false) D:\phpStudy\PHPTutorial\WWW\imc\imapi\MatchEngine\Model\OrderModel.class.php 第 20 行.
NOTIC: [2] Missing argument 1 for MatchEngine\Model\BaseModel::__construct(), called in D:\phpStudy\PHPTutorial\WWW\imc\imapi\MatchEngine\Model\OrderModel.class.php on line 31 and defined D:\phpStudy\PHPTutorial\WWW\imc\imapi\MatchEngine\Model\BaseModel.class.php 第 15 行.
NOTIC: [8] Undefined variable: DBName D:\phpStudy\PHPTutorial\WWW\imc\imapi\MatchEngine\Model\BaseModel.class.php 第 17 行.
NOTIC: [8] Undefined variable: orderMq D:\phpStudy\PHPTutorial\WWW\imc\imapi\MatchEngine\Common\Match\GetWayDistribute.class.php 第 174 行.
SQL: insert into order_buy(user_id, currency_id, currency_name, price_entrust, count_entrust, transaction_type, status) values (10008939, 1, 'IM', 8290, 1, 1, 0) [ RunTime:0.001000s ]

[ 2018-03-29T00:02:21+08:00 ] 127.0.0.1 /imc/Match/add?ot=0
INFO: [ app_init ] --START--
INFO: Run Behavior\BuildLiteBehavior [ RunTime:0.000000s ]
INFO: [ app_init ] --END-- [ RunTime:0.000000s ]
INFO: [ app_begin ] --START--
INFO: Run Behavior\ReadHtmlCacheBehavior [ RunTime:0.005000s ]
INFO: [ app_begin ] --END-- [ RunTime:0.005000s ]
NOTIC: [2048] Declaration of MatchEngine\Controller\MatchController::get() should be compatible with Think\Controller::get($name = '') D:\phpStudy\PHPTutorial\WWW\imc\imapi\MatchEngine\Controller\MatchController.class.php 第 19 行.
NOTIC: [2048] Declaration of MatchEngine\Model\OrderModel::add() should be compatible with Think\Model::add($data = '', $options = Array, $replace = false) D:\phpStudy\PHPTutorial\WWW\imc\imapi\MatchEngine\Model\OrderModel.class.php 第 20 行.
NOTIC: [2] Missing argument 1 for MatchEngine\Model\BaseModel::__construct(), called in D:\phpStudy\PHPTutorial\WWW\imc\imapi\MatchEngine\Model\OrderModel.class.php on line 31 and defined D:\phpStudy\PHPTutorial\WWW\imc\imapi\MatchEngine\Model\BaseModel.class.php 第 15 行.
NOTIC: [8] Undefined variable: DBName D:\phpStudy\PHPTutorial\WWW\imc\imapi\MatchEngine\Model\BaseModel.class.php 第 17 行.
NOTIC: [8] Undefined variable: orderMq D:\phpStudy\PHPTutorial\WWW\imc\imapi\MatchEngine\Common\Match\GetWayDistribute.class.php 第 174 行.
SQL: insert into order_buy(user_id, currency_id, currency_name, price_entrust, count_entrust, transaction_type, status) values (10008939, 1, 'IM', 8290, 1, 1, 0) [ RunTime:0.001000s ]

[ 2018-03-29T00:02:58+08:00 ] 127.0.0.1 /imc/Match/add?ot=0
INFO: [ app_init ] --START--
INFO: Run Behavior\BuildLiteBehavior [ RunTime:0.000000s ]
INFO: [ app_init ] --END-- [ RunTime:0.000000s ]
INFO: [ app_begin ] --START--
INFO: Run Behavior\ReadHtmlCacheBehavior [ RunTime:0.003001s ]
INFO: [ app_begin ] --END-- [ RunTime:0.003001s ]
NOTIC: [2048] Declaration of MatchEngine\Controller\MatchController::get() should be compatible with Think\Controller::get($name = '') D:\phpStudy\PHPTutorial\WWW\imc\imapi\MatchEngine\Controller\MatchController.class.php 第 19 行.
NOTIC: [2048] Declaration of MatchEngine\Model\OrderModel::add() should be compatible with Think\Model::add($data = '', $options = Array, $replace = false) D:\phpStudy\PHPTutorial\WWW\imc\imapi\MatchEngine\Model\OrderModel.class.php 第 20 行.
NOTIC: [2] Missing argument 1 for MatchEngine\Model\BaseModel::__construct(), called in D:\phpStudy\PHPTutorial\WWW\imc\imapi\MatchEngine\Model\OrderModel.class.php on line 31 and defined D:\phpStudy\PHPTutorial\WWW\imc\imapi\MatchEngine\Model\BaseModel.class.php 第 15 行.
NOTIC: [8] Undefined variable: DBName D:\phpStudy\PHPTutorial\WWW\imc\imapi\MatchEngine\Model\BaseModel.class.php 第 17 行.
NOTIC: [8] Undefined variable: orderMq D:\phpStudy\PHPTutorial\WWW\imc\imapi\MatchEngine\Common\Match\GetWayDistribute.class.php 第 174 行.
SQL: insert into order_buy(user_id, currency_id, currency_name, price_entrust, count_entrust, transaction_type, status) values (10008939, 1, 'IM', 8290, 1, 1, 0) [ RunTime:0.001000s ]

[ 2018-03-29T00:04:19+08:00 ] 127.0.0.1 /imc/Match/add?ot=0
INFO: [ app_init ] --START--
INFO: Run Behavior\BuildLiteBehavior [ RunTime:0.001000s ]
INFO: [ app_init ] --END-- [ RunTime:0.001000s ]
INFO: [ app_begin ] --START--
INFO: Run Behavior\ReadHtmlCacheBehavior [ RunTime:0.004001s ]
INFO: [ app_begin ] --END-- [ RunTime:0.004001s ]
NOTIC: [2048] Declaration of MatchEngine\Controller\MatchController::get() should be compatible with Think\Controller::get($name = '') D:\phpStudy\PHPTutorial\WWW\imc\imapi\MatchEngine\Controller\MatchController.class.php 第 19 行.
NOTIC: [2048] Declaration of MatchEngine\Model\OrderModel::add() should be compatible with Think\Model::add($data = '', $options = Array, $replace = false) D:\phpStudy\PHPTutorial\WWW\imc\imapi\MatchEngine\Model\OrderModel.class.php 第 20 行.
NOTIC: [2] Missing argument 1 for MatchEngine\Model\BaseModel::__construct(), called in D:\phpStudy\PHPTutorial\WWW\imc\imapi\MatchEngine\Model\OrderModel.class.php on line 31 and defined D:\phpStudy\PHPTutorial\WWW\imc\imapi\MatchEngine\Model\BaseModel.class.php 第 15 行.
NOTIC: [8] Undefined variable: DBName D:\phpStudy\PHPTutorial\WWW\imc\imapi\MatchEngine\Model\BaseModel.class.php 第 17 行.
NOTIC: [8] Undefined variable: orderMq D:\phpStudy\PHPTutorial\WWW\imc\imapi\MatchEngine\Common\Match\GetWayDistribute.class.php 第 174 行.
SQL: insert into order_buy(user_id, currency_id, currency_name, price_entrust, count_entrust, transaction_type, status) values (10008939, 1, 'IM', 8290, 1, 1, 0) [ RunTime:0.001000s ]

[ 2018-03-29T00:05:01+08:00 ] 127.0.0.1 /imc/Match/add?ot=0
INFO: [ app_init ] --START--
INFO: Run Behavior\BuildLiteBehavior [ RunTime:0.000000s ]
INFO: [ app_init ] --END-- [ RunTime:0.000000s ]
INFO: [ app_begin ] --START--
INFO: Run Behavior\ReadHtmlCacheBehavior [ RunTime:0.003000s ]
INFO: [ app_begin ] --END-- [ RunTime:0.003000s ]
NOTIC: [2048] Declaration of MatchEngine\Controller\MatchController::get() should be compatible with Think\Controller::get($name = '') D:\phpStudy\PHPTutorial\WWW\imc\imapi\MatchEngine\Controller\MatchController.class.php 第 19 行.
NOTIC: [2048] Declaration of MatchEngine\Model\OrderModel::add() should be compatible with Think\Model::add($data = '', $options = Array, $replace = false) D:\phpStudy\PHPTutorial\WWW\imc\imapi\MatchEngine\Model\OrderModel.class.php 第 20 行.
NOTIC: [2] Missing argument 1 for MatchEngine\Model\BaseModel::__construct(), called in D:\phpStudy\PHPTutorial\WWW\imc\imapi\MatchEngine\Model\OrderModel.class.php on line 31 and defined D:\phpStudy\PHPTutorial\WWW\imc\imapi\MatchEngine\Model\BaseModel.class.php 第 15 行.
NOTIC: [8] Undefined variable: DBName D:\phpStudy\PHPTutorial\WWW\imc\imapi\MatchEngine\Model\BaseModel.class.php 第 17 行.
NOTIC: [8] Undefined variable: orderMq D:\phpStudy\PHPTutorial\WWW\imc\imapi\MatchEngine\Common\Match\GetWayDistribute.class.php 第 174 行.
SQL: insert into order_buy(user_id, currency_id, currency_name, price_entrust, count_entrust, transaction_type, status) values (10008939, 1, 'IM', 8290, 1, 1, 0) [ RunTime:0.000000s ]

[ 2018-03-29T00:05:34+08:00 ] 127.0.0.1 /imc/Match/getlist?ot=0
INFO: [ app_init ] --START--
INFO: Run Behavior\BuildLiteBehavior [ RunTime:0.000000s ]
INFO: [ app_init ] --END-- [ RunTime:0.000000s ]
INFO: [ app_begin ] --START--
INFO: Run Behavior\ReadHtmlCacheBehavior [ RunTime:0.003000s ]
INFO: [ app_begin ] --END-- [ RunTime:0.003000s ]
NOTIC: [2048] Declaration of MatchEngine\Controller\MatchController::get() should be compatible with Think\Controller::get($name = '') D:\phpStudy\PHPTutorial\WWW\imc\imapi\MatchEngine\Controller\MatchController.class.php 第 19 行.
NOTIC: [2048] Declaration of MatchEngine\Model\OrderModel::add() should be compatible with Think\Model::add($data = '', $options = Array, $replace = false) D:\phpStudy\PHPTutorial\WWW\imc\imapi\MatchEngine\Model\OrderModel.class.php 第 20 行.
NOTIC: [2] Missing argument 1 for MatchEngine\Model\BaseModel::__construct(), called in D:\phpStudy\PHPTutorial\WWW\imc\imapi\MatchEngine\Model\OrderModel.class.php on line 31 and defined D:\phpStudy\PHPTutorial\WWW\imc\imapi\MatchEngine\Model\BaseModel.class.php 第 15 行.
NOTIC: [8] Undefined variable: DBName D:\phpStudy\PHPTutorial\WWW\imc\imapi\MatchEngine\Model\BaseModel.class.php 第 17 行.
INFO: [ app_end ] --START--
INFO: Run Behavior\ShowPageTraceBehavior [ RunTime:0.005001s ]
INFO: [ app_end ] --END-- [ RunTime:0.005001s ]

[ 2018-03-29T00:05:39+08:00 ] 127.0.0.1 /imc/Match/getlist?ot=1
INFO: [ app_init ] --START--
INFO: Run Behavior\BuildLiteBehavior [ RunTime:0.000000s ]
INFO: [ app_init ] --END-- [ RunTime:0.000000s ]
INFO: [ app_begin ] --START--
INFO: Run Behavior\ReadHtmlCacheBehavior [ RunTime:0.003001s ]
INFO: [ app_begin ] --END-- [ RunTime:0.003001s ]
NOTIC: [2048] Declaration of MatchEngine\Controller\MatchController::get() should be compatible with Think\Controller::get($name = '') D:\phpStudy\PHPTutorial\WWW\imc\imapi\MatchEngine\Controller\MatchController.class.php 第 19 行.
NOTIC: [2048] Declaration of MatchEngine\Model\OrderModel::add() should be compatible with Think\Model::add($data = '', $options = Array, $replace = false) D:\phpStudy\PHPTutorial\WWW\imc\imapi\MatchEngine\Model\OrderModel.class.php 第 20 行.
NOTIC: [2] Missing argument 1 for MatchEngine\Model\BaseModel::__construct(), called in D:\phpStudy\PHPTutorial\WWW\imc\imapi\MatchEngine\Model\OrderModel.class.php on line 31 and defined D:\phpStudy\PHPTutorial\WWW\imc\imapi\MatchEngine\Model\BaseModel.class.php 第 15 行.
NOTIC: [8] Undefined variable: DBName D:\phpStudy\PHPTutorial\WWW\imc\imapi\MatchEngine\Model\BaseModel.class.php 第 17 行.
INFO: [ app_end ] --START--
INFO: Run Behavior\ShowPageTraceBehavior [ RunTime:0.004000s ]
INFO: [ app_end ] --END-- [ RunTime:0.004000s ]

[ 2018-03-29T00:07:03+08:00 ] 127.0.0.1 /imc/Match/add?ot=0
INFO: [ app_init ] --START--
INFO: Run Behavior\BuildLiteBehavior [ RunTime:0.000000s ]
INFO: [ app_init ] --END-- [ RunTime:0.000000s ]
INFO: [ app_begin ] --START--
INFO: Run Behavior\ReadHtmlCacheBehavior [ RunTime:0.004000s ]
INFO: [ app_begin ] --END-- [ RunTime:0.004000s ]
NOTIC: [2048] Declaration of MatchEngine\Controller\MatchController::get() should be compatible with Think\Controller::get($name = '') D:\phpStudy\PHPTutorial\WWW\imc\imapi\MatchEngine\Controller\MatchController.class.php 第 19 行.
NOTIC: [2048] Declaration of MatchEngine\Model\OrderModel::add() should be compatible with Think\Model::add($data = '', $options = Array, $replace = false) D:\phpStudy\PHPTutorial\WWW\imc\imapi\MatchEngine\Model\OrderModel.class.php 第 20 行.
NOTIC: [2] Missing argument 1 for MatchEngine\Model\BaseModel::__construct(), called in D:\phpStudy\PHPTutorial\WWW\imc\imapi\MatchEngine\Model\OrderModel.class.php on line 31 and defined D:\phpStudy\PHPTutorial\WWW\imc\imapi\MatchEngine\Model\BaseModel.class.php 第 15 行.
NOTIC: [8] Undefined variable: DBName D:\phpStudy\PHPTutorial\WWW\imc\imapi\MatchEngine\Model\BaseModel.class.php 第 17 行.
NOTIC: [8] Undefined variable: orderMq D:\phpStudy\PHPTutorial\WWW\imc\imapi\MatchEngine\Common\Match\GetWayDistribute.class.php 第 174 行.
SQL: insert into order_buy(user_id, currency_id, currency_name, price_entrust, count_entrust, transaction_type, status) values (10008939, 1, 'IM', 8290, 1, 1, 0) [ RunTime:0.001000s ]

[ 2018-03-29T00:07:04+08:00 ] 127.0.0.1 /imc/Match/add?ot=0
INFO: [ app_init ] --START--
INFO: Run Behavior\BuildLiteBehavior [ RunTime:0.000000s ]
INFO: [ app_init ] --END-- [ RunTime:0.000000s ]
INFO: [ app_begin ] --START--
INFO: Run Behavior\ReadHtmlCacheBehavior [ RunTime:0.003000s ]
INFO: [ app_begin ] --END-- [ RunTime:0.003000s ]
NOTIC: [2048] Declaration of MatchEngine\Controller\MatchController::get() should be compatible with Think\Controller::get($name = '') D:\phpStudy\PHPTutorial\WWW\imc\imapi\MatchEngine\Controller\MatchController.class.php 第 19 行.
NOTIC: [2048] Declaration of MatchEngine\Model\OrderModel::add() should be compatible with Think\Model::add($data = '', $options = Array, $replace = false) D:\phpStudy\PHPTutorial\WWW\imc\imapi\MatchEngine\Model\OrderModel.class.php 第 20 行.
NOTIC: [2] Missing argument 1 for MatchEngine\Model\BaseModel::__construct(), called in D:\phpStudy\PHPTutorial\WWW\imc\imapi\MatchEngine\Model\OrderModel.class.php on line 31 and defined D:\phpStudy\PHPTutorial\WWW\imc\imapi\MatchEngine\Model\BaseModel.class.php 第 15 行.
NOTIC: [8] Undefined variable: DBName D:\phpStudy\PHPTutorial\WWW\imc\imapi\MatchEngine\Model\BaseModel.class.php 第 17 行.
NOTIC: [8] Undefined variable: orderMq D:\phpStudy\PHPTutorial\WWW\imc\imapi\MatchEngine\Common\Match\GetWayDistribute.class.php 第 174 行.
SQL: insert into order_buy(user_id, currency_id, currency_name, price_entrust, count_entrust, transaction_type, status) values (10008939, 1, 'IM', 8290, 1, 1, 0) [ RunTime:0.001000s ]

[ 2018-03-29T00:12:24+08:00 ] 127.0.0.1 /imc/Match/add?ot=0
INFO: [ app_init ] --START--
INFO: Run Behavior\BuildLiteBehavior [ RunTime:0.000000s ]
INFO: [ app_init ] --END-- [ RunTime:0.001000s ]
INFO: [ app_begin ] --START--
INFO: Run Behavior\ReadHtmlCacheBehavior [ RunTime:0.004000s ]
INFO: [ app_begin ] --END-- [ RunTime:0.005000s ]
NOTIC: [2048] Declaration of MatchEngine\Controller\MatchController::get() should be compatible with Think\Controller::get($name = '') D:\phpStudy\PHPTutorial\WWW\imc\imapi\MatchEngine\Controller\MatchController.class.php 第 19 行.
NOTIC: [2048] Declaration of MatchEngine\Model\OrderModel::add() should be compatible with Think\Model::add($data = '', $options = Array, $replace = false) D:\phpStudy\PHPTutorial\WWW\imc\imapi\MatchEngine\Model\OrderModel.class.php 第 20 行.
NOTIC: [2] Missing argument 1 for MatchEngine\Model\BaseModel::__construct(), called in D:\phpStudy\PHPTutorial\WWW\imc\imapi\MatchEngine\Model\OrderModel.class.php on line 31 and defined D:\phpStudy\PHPTutorial\WWW\imc\imapi\MatchEngine\Model\BaseModel.class.php 第 15 行.
NOTIC: [8] Undefined variable: DBName D:\phpStudy\PHPTutorial\WWW\imc\imapi\MatchEngine\Model\BaseModel.class.php 第 17 行.
NOTIC: [8] Undefined variable: orderMq D:\phpStudy\PHPTutorial\WWW\imc\imapi\MatchEngine\Common\Match\GetWayDistribute.class.php 第 174 行.
SQL: insert into order_buy(user_id, currency_id, currency_name, price_entrust, count_entrust, transaction_type, status) values (10008939, 1, 'IM', 8290, 1, 1, 0) [ RunTime:0.000000s ]

[ 2018-03-29T00:12:26+08:00 ] 127.0.0.1 /imc/Match/add?ot=0
INFO: [ app_init ] --START--
INFO: Run Behavior\BuildLiteBehavior [ RunTime:0.001000s ]
INFO: [ app_init ] --END-- [ RunTime:0.001000s ]
INFO: [ app_begin ] --START--
INFO: Run Behavior\ReadHtmlCacheBehavior [ RunTime:0.003000s ]
INFO: [ app_begin ] --END-- [ RunTime:0.004000s ]
NOTIC: [2048] Declaration of MatchEngine\Controller\MatchController::get() should be compatible with Think\Controller::get($name = '') D:\phpStudy\PHPTutorial\WWW\imc\imapi\MatchEngine\Controller\MatchController.class.php 第 19 行.
NOTIC: [2048] Declaration of MatchEngine\Model\OrderModel::add() should be compatible with Think\Model::add($data = '', $options = Array, $replace = false) D:\phpStudy\PHPTutorial\WWW\imc\imapi\MatchEngine\Model\OrderModel.class.php 第 20 行.
NOTIC: [2] Missing argument 1 for MatchEngine\Model\BaseModel::__construct(), called in D:\phpStudy\PHPTutorial\WWW\imc\imapi\MatchEngine\Model\OrderModel.class.php on line 31 and defined D:\phpStudy\PHPTutorial\WWW\imc\imapi\MatchEngine\Model\BaseModel.class.php 第 15 行.
NOTIC: [8] Undefined variable: DBName D:\phpStudy\PHPTutorial\WWW\imc\imapi\MatchEngine\Model\BaseModel.class.php 第 17 行.
NOTIC: [8] Undefined variable: orderMq D:\phpStudy\PHPTutorial\WWW\imc\imapi\MatchEngine\Common\Match\GetWayDistribute.class.php 第 174 行.
SQL: insert into order_buy(user_id, currency_id, currency_name, price_entrust, count_entrust, transaction_type, status) values (10008939, 1, 'IM', 8290, 1, 1, 0) [ RunTime:0.000000s ]

[ 2018-03-29T00:12:45+08:00 ] 127.0.0.1 /imc/Match/add?ot=0
INFO: [ app_init ] --START--
INFO: Run Behavior\BuildLiteBehavior [ RunTime:0.000000s ]
INFO: [ app_init ] --END-- [ RunTime:0.000000s ]
INFO: [ app_begin ] --START--
INFO: Run Behavior\ReadHtmlCacheBehavior [ RunTime:0.003000s ]
INFO: [ app_begin ] --END-- [ RunTime:0.003000s ]
NOTIC: [2048] Declaration of MatchEngine\Controller\MatchController::get() should be compatible with Think\Controller::get($name = '') D:\phpStudy\PHPTutorial\WWW\imc\imapi\MatchEngine\Controller\MatchController.class.php 第 19 行.
NOTIC: [2048] Declaration of MatchEngine\Model\OrderModel::add() should be compatible with Think\Model::add($data = '', $options = Array, $replace = false) D:\phpStudy\PHPTutorial\WWW\imc\imapi\MatchEngine\Model\OrderModel.class.php 第 20 行.
NOTIC: [2] Missing argument 1 for MatchEngine\Model\BaseModel::__construct(), called in D:\phpStudy\PHPTutorial\WWW\imc\imapi\MatchEngine\Model\OrderModel.class.php on line 31 and defined D:\phpStudy\PHPTutorial\WWW\imc\imapi\MatchEngine\Model\BaseModel.class.php 第 15 行.
NOTIC: [8] Undefined variable: DBName D:\phpStudy\PHPTutorial\WWW\imc\imapi\MatchEngine\Model\BaseModel.class.php 第 17 行.
NOTIC: [8] Undefined variable: orderMq D:\phpStudy\PHPTutorial\WWW\imc\imapi\MatchEngine\Common\Match\GetWayDistribute.class.php 第 174 行.
SQL: insert into order_buy(user_id, currency_id, currency_name, price_entrust, count_entrust, transaction_type, status) values (10008939, 1, 'IM', 8290, 1, 1, 0) [ RunTime:0.001000s ]

[ 2018-03-29T00:13:56+08:00 ] 127.0.0.1 /imc/Match/add?ot=0
INFO: [ app_init ] --START--
INFO: Run Behavior\BuildLiteBehavior [ RunTime:0.000000s ]
INFO: [ app_init ] --END-- [ RunTime:0.000000s ]
INFO: [ app_begin ] --START--
INFO: Run Behavior\ReadHtmlCacheBehavior [ RunTime:0.002000s ]
INFO: [ app_begin ] --END-- [ RunTime:0.002000s ]
NOTIC: [2048] Declaration of MatchEngine\Controller\MatchController::get() should be compatible with Think\Controller::get($name = '') D:\phpStudy\PHPTutorial\WWW\imc\imapi\MatchEngine\Controller\MatchController.class.php 第 19 行.
NOTIC: [2048] Declaration of MatchEngine\Model\OrderModel::add() should be compatible with Think\Model::add($data = '', $options = Array, $replace = false) D:\phpStudy\PHPTutorial\WWW\imc\imapi\MatchEngine\Model\OrderModel.class.php 第 20 行.
NOTIC: [2] Missing argument 1 for MatchEngine\Model\BaseModel::__construct(), called in D:\phpStudy\PHPTutorial\WWW\imc\imapi\MatchEngine\Model\OrderModel.class.php on line 31 and defined D:\phpStudy\PHPTutorial\WWW\imc\imapi\MatchEngine\Model\BaseModel.class.php 第 15 行.
NOTIC: [8] Undefined variable: DBName D:\phpStudy\PHPTutorial\WWW\imc\imapi\MatchEngine\Model\BaseModel.class.php 第 17 行.
NOTIC: [8] Undefined variable: orderMq D:\phpStudy\PHPTutorial\WWW\imc\imapi\MatchEngine\Common\Match\GetWayDistribute.class.php 第 174 行.
SQL: insert into order_buy(user_id, currency_id, currency_name, price_entrust, count_entrust, transaction_type, status) values (10008939, 1, 'IM', 8290, 1, 1, 0) [ RunTime:0.000000s ]

[ 2018-03-29T00:14:13+08:00 ] 127.0.0.1 /imc/Match/add?ot=0
INFO: [ app_init ] --START--
INFO: Run Behavior\BuildLiteBehavior [ RunTime:0.001000s ]
INFO: [ app_init ] --END-- [ RunTime:0.001000s ]
INFO: [ app_begin ] --START--
INFO: Run Behavior\ReadHtmlCacheBehavior [ RunTime:0.005000s ]
INFO: [ app_begin ] --END-- [ RunTime:0.008000s ]
NOTIC: [2048] Declaration of MatchEngine\Controller\MatchController::get() should be compatible with Think\Controller::get($name = '') D:\phpStudy\PHPTutorial\WWW\imc\imapi\MatchEngine\Controller\MatchController.class.php 第 19 行.
NOTIC: [2048] Declaration of MatchEngine\Model\OrderModel::add() should be compatible with Think\Model::add($data = '', $options = Array, $replace = false) D:\phpStudy\PHPTutorial\WWW\imc\imapi\MatchEngine\Model\OrderModel.class.php 第 20 行.
NOTIC: [2] Missing argument 1 for MatchEngine\Model\BaseModel::__construct(), called in D:\phpStudy\PHPTutorial\WWW\imc\imapi\MatchEngine\Model\OrderModel.class.php on line 31 and defined D:\phpStudy\PHPTutorial\WWW\imc\imapi\MatchEngine\Model\BaseModel.class.php 第 15 行.
NOTIC: [8] Undefined variable: DBName D:\phpStudy\PHPTutorial\WWW\imc\imapi\MatchEngine\Model\BaseModel.class.php 第 17 行.
NOTIC: [8] Undefined variable: orderMq D:\phpStudy\PHPTutorial\WWW\imc\imapi\MatchEngine\Common\Match\GetWayDistribute.class.php 第 174 行.
SQL: insert into order_buy(user_id, currency_id, currency_name, price_entrust, count_entrust, transaction_type, status) values (10008939, 1, 'IM', 8290, 1, 1, 0) [ RunTime:0.001000s ]

[ 2018-03-29T00:14:43+08:00 ] 127.0.0.1 /imc/Match/add?ot=0
INFO: [ app_init ] --START--
INFO: Run Behavior\BuildLiteBehavior [ RunTime:0.000000s ]
INFO: [ app_init ] --END-- [ RunTime:0.000000s ]
INFO: [ app_begin ] --START--
INFO: Run Behavior\ReadHtmlCacheBehavior [ RunTime:0.005000s ]
INFO: [ app_begin ] --END-- [ RunTime:0.005000s ]
NOTIC: [2048] Declaration of MatchEngine\Controller\MatchController::get() should be compatible with Think\Controller::get($name = '') D:\phpStudy\PHPTutorial\WWW\imc\imapi\MatchEngine\Controller\MatchController.class.php 第 19 行.
NOTIC: [2048] Declaration of MatchEngine\Model\OrderModel::add() should be compatible with Think\Model::add($data = '', $options = Array, $replace = false) D:\phpStudy\PHPTutorial\WWW\imc\imapi\MatchEngine\Model\OrderModel.class.php 第 20 行.
NOTIC: [2] Missing argument 1 for MatchEngine\Model\BaseModel::__construct(), called in D:\phpStudy\PHPTutorial\WWW\imc\imapi\MatchEngine\Model\OrderModel.class.php on line 31 and defined D:\phpStudy\PHPTutorial\WWW\imc\imapi\MatchEngine\Model\BaseModel.class.php 第 15 行.
NOTIC: [8] Undefined variable: DBName D:\phpStudy\PHPTutorial\WWW\imc\imapi\MatchEngine\Model\BaseModel.class.php 第 17 行.
NOTIC: [8] Undefined variable: orderMq D:\phpStudy\PHPTutorial\WWW\imc\imapi\MatchEngine\Common\Match\GetWayDistribute.class.php 第 174 行.
SQL: insert into order_buy(user_id, currency_id, currency_name, price_entrust, count_entrust, transaction_type, status) values (10008939, 1, 'IM', 8290, 1, 1, 0) [ RunTime:0.001000s ]

[ 2018-03-29T00:15:48+08:00 ] 127.0.0.1 /imc/Match/add?ot=0
INFO: [ app_init ] --START--
INFO: Run Behavior\BuildLiteBehavior [ RunTime:0.000000s ]
INFO: [ app_init ] --END-- [ RunTime:0.000000s ]
INFO: [ app_begin ] --START--
INFO: Run Behavior\ReadHtmlCacheBehavior [ RunTime:0.007000s ]
INFO: [ app_begin ] --END-- [ RunTime:0.007000s ]
NOTIC: [2048] Declaration of MatchEngine\Controller\MatchController::get() should be compatible with Think\Controller::get($name = '') D:\phpStudy\PHPTutorial\WWW\imc\imapi\MatchEngine\Controller\MatchController.class.php 第 19 行.
NOTIC: [2048] Declaration of MatchEngine\Model\OrderModel::add() should be compatible with Think\Model::add($data = '', $options = Array, $replace = false) D:\phpStudy\PHPTutorial\WWW\imc\imapi\MatchEngine\Model\OrderModel.class.php 第 20 行.
NOTIC: [2] Missing argument 1 for MatchEngine\Model\BaseModel::__construct(), called in D:\phpStudy\PHPTutorial\WWW\imc\imapi\MatchEngine\Model\OrderModel.class.php on line 31 and defined D:\phpStudy\PHPTutorial\WWW\imc\imapi\MatchEngine\Model\BaseModel.class.php 第 15 行.
NOTIC: [8] Undefined variable: DBName D:\phpStudy\PHPTutorial\WWW\imc\imapi\MatchEngine\Model\BaseModel.class.php 第 17 行.
NOTIC: [8] Undefined variable: orderMq D:\phpStudy\PHPTutorial\WWW\imc\imapi\MatchEngine\Common\Match\GetWayDistribute.class.php 第 174 行.
SQL: insert into order_buy(user_id, currency_id, currency_name, price_entrust, count_entrust, transaction_type, status) values (10008939, 1, 'IM', 8290, 1, 1, 0) [ RunTime:0.001001s ]

[ 2018-03-29T00:16:13+08:00 ] 127.0.0.1 /imc/Match/add?ot=0
INFO: [ app_init ] --START--
INFO: Run Behavior\BuildLiteBehavior [ RunTime:0.000000s ]
INFO: [ app_init ] --END-- [ RunTime:0.001001s ]
INFO: [ app_begin ] --START--
INFO: Run Behavior\ReadHtmlCacheBehavior [ RunTime:0.003000s ]
INFO: [ app_begin ] --END-- [ RunTime:0.003000s ]
NOTIC: [2048] Declaration of MatchEngine\Controller\MatchController::get() should be compatible with Think\Controller::get($name = '') D:\phpStudy\PHPTutorial\WWW\imc\imapi\MatchEngine\Controller\MatchController.class.php 第 19 行.
NOTIC: [2048] Declaration of MatchEngine\Model\OrderModel::add() should be compatible with Think\Model::add($data = '', $options = Array, $replace = false) D:\phpStudy\PHPTutorial\WWW\imc\imapi\MatchEngine\Model\OrderModel.class.php 第 20 行.
NOTIC: [2] Missing argument 1 for MatchEngine\Model\BaseModel::__construct(), called in D:\phpStudy\PHPTutorial\WWW\imc\imapi\MatchEngine\Model\OrderModel.class.php on line 31 and defined D:\phpStudy\PHPTutorial\WWW\imc\imapi\MatchEngine\Model\BaseModel.class.php 第 15 行.
NOTIC: [8] Undefined variable: DBName D:\phpStudy\PHPTutorial\WWW\imc\imapi\MatchEngine\Model\BaseModel.class.php 第 17 行.
NOTIC: [8] Undefined variable: orderMq D:\phpStudy\PHPTutorial\WWW\imc\imapi\MatchEngine\Common\Match\GetWayDistribute.class.php 第 174 行.
SQL: insert into order_buy(user_id, currency_id, currency_name, price_entrust, count_entrust, transaction_type, status) values (10008939, 1, 'IM', 8290, 1, 1, 0) [ RunTime:0.000000s ]

[ 2018-03-29T00:16:14+08:00 ] 127.0.0.1 /imc/Match/add?ot=0
INFO: [ app_init ] --START--
INFO: Run Behavior\BuildLiteBehavior [ RunTime:0.000000s ]
INFO: [ app_init ] --END-- [ RunTime:0.000000s ]
INFO: [ app_begin ] --START--
INFO: Run Behavior\ReadHtmlCacheBehavior [ RunTime:0.003000s ]
INFO: [ app_begin ] --END-- [ RunTime:0.003000s ]
NOTIC: [2048] Declaration of MatchEngine\Controller\MatchController::get() should be compatible with Think\Controller::get($name = '') D:\phpStudy\PHPTutorial\WWW\imc\imapi\MatchEngine\Controller\MatchController.class.php 第 19 行.
NOTIC: [2048] Declaration of MatchEngine\Model\OrderModel::add() should be compatible with Think\Model::add($data = '', $options = Array, $replace = false) D:\phpStudy\PHPTutorial\WWW\imc\imapi\MatchEngine\Model\OrderModel.class.php 第 20 行.
NOTIC: [2] Missing argument 1 for MatchEngine\Model\BaseModel::__construct(), called in D:\phpStudy\PHPTutorial\WWW\imc\imapi\MatchEngine\Model\OrderModel.class.php on line 31 and defined D:\phpStudy\PHPTutorial\WWW\imc\imapi\MatchEngine\Model\BaseModel.class.php 第 15 行.
NOTIC: [8] Undefined variable: DBName D:\phpStudy\PHPTutorial\WWW\imc\imapi\MatchEngine\Model\BaseModel.class.php 第 17 行.
NOTIC: [8] Undefined variable: orderMq D:\phpStudy\PHPTutorial\WWW\imc\imapi\MatchEngine\Common\Match\GetWayDistribute.class.php 第 174 行.
SQL: insert into order_buy(user_id, currency_id, currency_name, price_entrust, count_entrust, transaction_type, status) values (10008939, 1, 'IM', 8290, 1, 1, 0) [ RunTime:0.001000s ]

[ 2018-03-29T00:16:48+08:00 ] 127.0.0.1 /imc/Match/add?ot=0
INFO: [ app_init ] --START--
INFO: Run Behavior\BuildLiteBehavior [ RunTime:0.000000s ]
INFO: [ app_init ] --END-- [ RunTime:0.000000s ]
INFO: [ app_begin ] --START--
INFO: Run Behavior\ReadHtmlCacheBehavior [ RunTime:0.003000s ]
INFO: [ app_begin ] --END-- [ RunTime:0.003000s ]
NOTIC: [2048] Declaration of MatchEngine\Controller\MatchController::get() should be compatible with Think\Controller::get($name = '') D:\phpStudy\PHPTutorial\WWW\imc\imapi\MatchEngine\Controller\MatchController.class.php 第 19 行.
NOTIC: [2048] Declaration of MatchEngine\Model\OrderModel::add() should be compatible with Think\Model::add($data = '', $options = Array, $replace = false) D:\phpStudy\PHPTutorial\WWW\imc\imapi\MatchEngine\Model\OrderModel.class.php 第 20 行.
NOTIC: [2] Missing argument 1 for MatchEngine\Model\BaseModel::__construct(), called in D:\phpStudy\PHPTutorial\WWW\imc\imapi\MatchEngine\Model\OrderModel.class.php on line 31 and defined D:\phpStudy\PHPTutorial\WWW\imc\imapi\MatchEngine\Model\BaseModel.class.php 第 15 行.
NOTIC: [8] Undefined variable: DBName D:\phpStudy\PHPTutorial\WWW\imc\imapi\MatchEngine\Model\BaseModel.class.php 第 17 行.
NOTIC: [8] Undefined variable: orderMq D:\phpStudy\PHPTutorial\WWW\imc\imapi\MatchEngine\Common\Match\GetWayDistribute.class.php 第 174 行.
SQL: insert into order_buy(user_id, currency_id, currency_name, price_entrust, count_entrust, transaction_type, status) values (10008939, 1, 'IM', 8290, 1, 1, 0) [ RunTime:0.001000s ]

[ 2018-03-29T00:16:49+08:00 ] 127.0.0.1 /imc/Match/add?ot=0
INFO: [ app_init ] --START--
INFO: Run Behavior\BuildLiteBehavior [ RunTime:0.000000s ]
INFO: [ app_init ] --END-- [ RunTime:0.001000s ]
INFO: [ app_begin ] --START--
INFO: Run Behavior\ReadHtmlCacheBehavior [ RunTime:0.004000s ]
INFO: [ app_begin ] --END-- [ RunTime:0.004000s ]
NOTIC: [2048] Declaration of MatchEngine\Controller\MatchController::get() should be compatible with Think\Controller::get($name = '') D:\phpStudy\PHPTutorial\WWW\imc\imapi\MatchEngine\Controller\MatchController.class.php 第 19 行.
NOTIC: [2048] Declaration of MatchEngine\Model\OrderModel::add() should be compatible with Think\Model::add($data = '', $options = Array, $replace = false) D:\phpStudy\PHPTutorial\WWW\imc\imapi\MatchEngine\Model\OrderModel.class.php 第 20 行.
NOTIC: [2] Missing argument 1 for MatchEngine\Model\BaseModel::__construct(), called in D:\phpStudy\PHPTutorial\WWW\imc\imapi\MatchEngine\Model\OrderModel.class.php on line 31 and defined D:\phpStudy\PHPTutorial\WWW\imc\imapi\MatchEngine\Model\BaseModel.class.php 第 15 行.
NOTIC: [8] Undefined variable: DBName D:\phpStudy\PHPTutorial\WWW\imc\imapi\MatchEngine\Model\BaseModel.class.php 第 17 行.
NOTIC: [8] Undefined variable: orderMq D:\phpStudy\PHPTutorial\WWW\imc\imapi\MatchEngine\Common\Match\GetWayDistribute.class.php 第 174 行.
SQL: insert into order_buy(user_id, currency_id, currency_name, price_entrust, count_entrust, transaction_type, status) values (10008939, 1, 'IM', 8290, 1, 1, 0) [ RunTime:0.001000s ]

[ 2018-03-29T00:16:56+08:00 ] 127.0.0.1 /imc/Match/add?ot=0
INFO: [ app_init ] --START--
INFO: Run Behavior\BuildLiteBehavior [ RunTime:0.000000s ]
INFO: [ app_init ] --END-- [ RunTime:0.000000s ]
INFO: [ app_begin ] --START--
INFO: Run Behavior\ReadHtmlCacheBehavior [ RunTime:0.003000s ]
INFO: [ app_begin ] --END-- [ RunTime:0.004000s ]
NOTIC: [2048] Declaration of MatchEngine\Controller\MatchController::get() should be compatible with Think\Controller::get($name = '') D:\phpStudy\PHPTutorial\WWW\imc\imapi\MatchEngine\Controller\MatchController.class.php 第 19 行.
NOTIC: [2048] Declaration of MatchEngine\Model\OrderModel::add() should be compatible with Think\Model::add($data = '', $options = Array, $replace = false) D:\phpStudy\PHPTutorial\WWW\imc\imapi\MatchEngine\Model\OrderModel.class.php 第 20 行.
NOTIC: [2] Missing argument 1 for MatchEngine\Model\BaseModel::__construct(), called in D:\phpStudy\PHPTutorial\WWW\imc\imapi\MatchEngine\Model\OrderModel.class.php on line 31 and defined D:\phpStudy\PHPTutorial\WWW\imc\imapi\MatchEngine\Model\BaseModel.class.php 第 15 行.
NOTIC: [8] Undefined variable: DBName D:\phpStudy\PHPTutorial\WWW\imc\imapi\MatchEngine\Model\BaseModel.class.php 第 17 行.
NOTIC: [8] Undefined variable: orderMq D:\phpStudy\PHPTutorial\WWW\imc\imapi\MatchEngine\Common\Match\GetWayDistribute.class.php 第 174 行.
SQL: insert into order_buy(user_id, currency_id, currency_name, price_entrust, count_entrust, transaction_type, status) values (10008939, 1, 'IM', 8290, 1, 1, 0) [ RunTime:0.001000s ]

[ 2018-03-29T00:17:19+08:00 ] 127.0.0.1 /imc/Match/add?ot=0
INFO: [ app_init ] --START--
INFO: Run Behavior\BuildLiteBehavior [ RunTime:0.000000s ]
INFO: [ app_init ] --END-- [ RunTime:0.001000s ]
INFO: [ app_begin ] --START--
INFO: Run Behavior\ReadHtmlCacheBehavior [ RunTime:0.003000s ]
INFO: [ app_begin ] --END-- [ RunTime:0.003000s ]
NOTIC: [2048] Declaration of MatchEngine\Controller\MatchController::get() should be compatible with Think\Controller::get($name = '') D:\phpStudy\PHPTutorial\WWW\imc\imapi\MatchEngine\Controller\MatchController.class.php 第 19 行.
NOTIC: [2048] Declaration of MatchEngine\Model\OrderModel::add() should be compatible with Think\Model::add($data = '', $options = Array, $replace = false) D:\phpStudy\PHPTutorial\WWW\imc\imapi\MatchEngine\Model\OrderModel.class.php 第 20 行.
NOTIC: [2] Missing argument 1 for MatchEngine\Model\BaseModel::__construct(), called in D:\phpStudy\PHPTutorial\WWW\imc\imapi\MatchEngine\Model\OrderModel.class.php on line 31 and defined D:\phpStudy\PHPTutorial\WWW\imc\imapi\MatchEngine\Model\BaseModel.class.php 第 15 行.
NOTIC: [8] Undefined variable: DBName D:\phpStudy\PHPTutorial\WWW\imc\imapi\MatchEngine\Model\BaseModel.class.php 第 17 行.
NOTIC: [8] Undefined variable: orderMq D:\phpStudy\PHPTutorial\WWW\imc\imapi\MatchEngine\Common\Match\GetWayDistribute.class.php 第 174 行.
SQL: insert into order_buy(user_id, currency_id, currency_name, price_entrust, count_entrust, transaction_type, status) values (10008939, 1, 'IM', 8290, 1, 1, 0) [ RunTime:0.001001s ]

[ 2018-03-29T00:17:31+08:00 ] 127.0.0.1 /imc/Match/add?ot=0
INFO: [ app_init ] --START--
INFO: Run Behavior\BuildLiteBehavior [ RunTime:0.000000s ]
INFO: [ app_init ] --END-- [ RunTime:0.001000s ]
INFO: [ app_begin ] --START--
INFO: Run Behavior\ReadHtmlCacheBehavior [ RunTime:0.003000s ]
INFO: [ app_begin ] --END-- [ RunTime:0.003000s ]
NOTIC: [2048] Declaration of MatchEngine\Controller\MatchController::get() should be compatible with Think\Controller::get($name = '') D:\phpStudy\PHPTutorial\WWW\imc\imapi\MatchEngine\Controller\MatchController.class.php 第 19 行.
NOTIC: [2048] Declaration of MatchEngine\Model\OrderModel::add() should be compatible with Think\Model::add($data = '', $options = Array, $replace = false) D:\phpStudy\PHPTutorial\WWW\imc\imapi\MatchEngine\Model\OrderModel.class.php 第 20 行.
NOTIC: [2] Missing argument 1 for MatchEngine\Model\BaseModel::__construct(), called in D:\phpStudy\PHPTutorial\WWW\imc\imapi\MatchEngine\Model\OrderModel.class.php on line 31 and defined D:\phpStudy\PHPTutorial\WWW\imc\imapi\MatchEngine\Model\BaseModel.class.php 第 15 行.
NOTIC: [8] Undefined variable: DBName D:\phpStudy\PHPTutorial\WWW\imc\imapi\MatchEngine\Model\BaseModel.class.php 第 17 行.
NOTIC: [8] Undefined variable: orderMq D:\phpStudy\PHPTutorial\WWW\imc\imapi\MatchEngine\Common\Match\GetWayDistribute.class.php 第 174 行.
SQL: insert into order_buy(user_id, currency_id, currency_name, price_entrust, count_entrust, transaction_type, status) values (10008939, 1, 'IM', 8290, 1, 1, 0) [ RunTime:0.001000s ]

[ 2018-03-29T00:17:42+08:00 ] 127.0.0.1 /imc/Match/add?ot=0
INFO: [ app_init ] --START--
INFO: Run Behavior\BuildLiteBehavior [ RunTime:0.001000s ]
INFO: [ app_init ] --END-- [ RunTime:0.001000s ]
INFO: [ app_begin ] --START--
INFO: Run Behavior\ReadHtmlCacheBehavior [ RunTime:0.003000s ]
INFO: [ app_begin ] --END-- [ RunTime:0.003000s ]
NOTIC: [2048] Declaration of MatchEngine\Controller\MatchController::get() should be compatible with Think\Controller::get($name = '') D:\phpStudy\PHPTutorial\WWW\imc\imapi\MatchEngine\Controller\MatchController.class.php 第 19 行.
NOTIC: [2048] Declaration of MatchEngine\Model\OrderModel::add() should be compatible with Think\Model::add($data = '', $options = Array, $replace = false) D:\phpStudy\PHPTutorial\WWW\imc\imapi\MatchEngine\Model\OrderModel.class.php 第 20 行.
NOTIC: [2] Missing argument 1 for MatchEngine\Model\BaseModel::__construct(), called in D:\phpStudy\PHPTutorial\WWW\imc\imapi\MatchEngine\Model\OrderModel.class.php on line 31 and defined D:\phpStudy\PHPTutorial\WWW\imc\imapi\MatchEngine\Model\BaseModel.class.php 第 15 行.
NOTIC: [8] Undefined variable: DBName D:\phpStudy\PHPTutorial\WWW\imc\imapi\MatchEngine\Model\BaseModel.class.php 第 17 行.
NOTIC: [8] Undefined variable: orderMq D:\phpStudy\PHPTutorial\WWW\imc\imapi\MatchEngine\Common\Match\GetWayDistribute.class.php 第 174 行.
SQL: insert into order_buy(user_id, currency_id, currency_name, price_entrust, count_entrust, transaction_type, status) values (10008939, 1, 'IM', 8290, 1, 1, 0) [ RunTime:0.001000s ]

[ 2018-03-29T00:17:56+08:00 ] 127.0.0.1 /imc/Match/add?ot=0
INFO: [ app_init ] --START--
INFO: Run Behavior\BuildLiteBehavior [ RunTime:0.000000s ]
INFO: [ app_init ] --END-- [ RunTime:0.001001s ]
INFO: [ app_begin ] --START--
INFO: Run Behavior\ReadHtmlCacheBehavior [ RunTime:0.004000s ]
INFO: [ app_begin ] --END-- [ RunTime:0.004000s ]
NOTIC: [2048] Declaration of MatchEngine\Controller\MatchController::get() should be compatible with Think\Controller::get($name = '') D:\phpStudy\PHPTutorial\WWW\imc\imapi\MatchEngine\Controller\MatchController.class.php 第 19 行.
NOTIC: [2048] Declaration of MatchEngine\Model\OrderModel::add() should be compatible with Think\Model::add($data = '', $options = Array, $replace = false) D:\phpStudy\PHPTutorial\WWW\imc\imapi\MatchEngine\Model\OrderModel.class.php 第 20 行.
NOTIC: [2] Missing argument 1 for MatchEngine\Model\BaseModel::__construct(), called in D:\phpStudy\PHPTutorial\WWW\imc\imapi\MatchEngine\Model\OrderModel.class.php on line 31 and defined D:\phpStudy\PHPTutorial\WWW\imc\imapi\MatchEngine\Model\BaseModel.class.php 第 15 行.
NOTIC: [8] Undefined variable: DBName D:\phpStudy\PHPTutorial\WWW\imc\imapi\MatchEngine\Model\BaseModel.class.php 第 17 行.
NOTIC: [8] Undefined variable: orderMq D:\phpStudy\PHPTutorial\WWW\imc\imapi\MatchEngine\Common\Match\GetWayDistribute.class.php 第 174 行.
SQL: insert into order_buy(user_id, currency_id, currency_name, price_entrust, count_entrust, transaction_type, status) values (10008939, 1, 'IM', 8290, 1, 1, 0) [ RunTime:0.001000s ]

[ 2018-03-29T08:47:59+08:00 ] 127.0.0.1 /imc/Match/getlist?ot=1
INFO: [ app_init ] --START--
INFO: Run Behavior\BuildLiteBehavior [ RunTime:0.000000s ]
INFO: [ app_init ] --END-- [ RunTime:0.000000s ]
INFO: [ app_begin ] --START--
INFO: Run Behavior\ReadHtmlCacheBehavior [ RunTime:0.004000s ]
INFO: [ app_begin ] --END-- [ RunTime:0.004000s ]
NOTIC: [2048] Declaration of MatchEngine\Controller\MatchController::get() should be compatible with Think\Controller::get($name = '') D:\phpStudy\PHPTutorial\WWW\imc\imapi\MatchEngine\Controller\MatchController.class.php 第 19 行.
NOTIC: [2048] Declaration of MatchEngine\Model\OrderModel::add() should be compatible with Think\Model::add($data = '', $options = Array, $replace = false) D:\phpStudy\PHPTutorial\WWW\imc\imapi\MatchEngine\Model\OrderModel.class.php 第 20 行.
NOTIC: [2] Missing argument 1 for MatchEngine\Model\BaseModel::__construct(), called in D:\phpStudy\PHPTutorial\WWW\imc\imapi\MatchEngine\Model\OrderModel.class.php on line 31 and defined D:\phpStudy\PHPTutorial\WWW\imc\imapi\MatchEngine\Model\BaseModel.class.php 第 15 行.
NOTIC: [8] Undefined variable: DBName D:\phpStudy\PHPTutorial\WWW\imc\imapi\MatchEngine\Model\BaseModel.class.php 第 17 行.
INFO: [ app_end ] --START--
INFO: Run Behavior\ShowPageTraceBehavior [ RunTime:0.004000s ]
INFO: [ app_end ] --END-- [ RunTime:0.004000s ]

[ 2018-03-29T08:48:18+08:00 ] 127.0.0.1 /imc/Match/getlist?ot=0
INFO: [ app_init ] --START--
INFO: Run Behavior\BuildLiteBehavior [ RunTime:0.000000s ]
INFO: [ app_init ] --END-- [ RunTime:0.000000s ]
INFO: [ app_begin ] --START--
INFO: Run Behavior\ReadHtmlCacheBehavior [ RunTime:0.003000s ]
INFO: [ app_begin ] --END-- [ RunTime:0.003000s ]
NOTIC: [2048] Declaration of MatchEngine\Controller\MatchController::get() should be compatible with Think\Controller::get($name = '') D:\phpStudy\PHPTutorial\WWW\imc\imapi\MatchEngine\Controller\MatchController.class.php 第 19 行.
NOTIC: [2048] Declaration of MatchEngine\Model\OrderModel::add() should be compatible with Think\Model::add($data = '', $options = Array, $replace = false) D:\phpStudy\PHPTutorial\WWW\imc\imapi\MatchEngine\Model\OrderModel.class.php 第 20 行.
NOTIC: [2] Missing argument 1 for MatchEngine\Model\BaseModel::__construct(), called in D:\phpStudy\PHPTutorial\WWW\imc\imapi\MatchEngine\Model\OrderModel.class.php on line 31 and defined D:\phpStudy\PHPTutorial\WWW\imc\imapi\MatchEngine\Model\BaseModel.class.php 第 15 行.
NOTIC: [8] Undefined variable: DBName D:\phpStudy\PHPTutorial\WWW\imc\imapi\MatchEngine\Model\BaseModel.class.php 第 17 行.
INFO: [ app_end ] --START--
INFO: Run Behavior\ShowPageTraceBehavior [ RunTime:0.007000s ]
INFO: [ app_end ] --END-- [ RunTime:0.007000s ]

[ 2018-03-29T08:51:16+08:00 ] 127.0.0.1 /imc/Match/add?ot=0
INFO: [ app_init ] --START--
INFO: Run Behavior\BuildLiteBehavior [ RunTime:0.000000s ]
INFO: [ app_init ] --END-- [ RunTime:0.000000s ]
INFO: [ app_begin ] --START--
INFO: Run Behavior\ReadHtmlCacheBehavior [ RunTime:0.005001s ]
INFO: [ app_begin ] --END-- [ RunTime:0.005001s ]
NOTIC: [2048] Declaration of MatchEngine\Controller\MatchController::get() should be compatible with Think\Controller::get($name = '') D:\phpStudy\PHPTutorial\WWW\imc\imapi\MatchEngine\Controller\MatchController.class.php 第 19 行.
NOTIC: [2048] Declaration of MatchEngine\Model\OrderModel::add() should be compatible with Think\Model::add($data = '', $options = Array, $replace = false) D:\phpStudy\PHPTutorial\WWW\imc\imapi\MatchEngine\Model\OrderModel.class.php 第 20 行.
NOTIC: [2] Missing argument 1 for MatchEngine\Model\BaseModel::__construct(), called in D:\phpStudy\PHPTutorial\WWW\imc\imapi\MatchEngine\Model\OrderModel.class.php on line 31 and defined D:\phpStudy\PHPTutorial\WWW\imc\imapi\MatchEngine\Model\BaseModel.class.php 第 15 行.
NOTIC: [8] Undefined variable: DBName D:\phpStudy\PHPTutorial\WWW\imc\imapi\MatchEngine\Model\BaseModel.class.php 第 17 行.
NOTIC: [8] Undefined variable: orderMq D:\phpStudy\PHPTutorial\WWW\imc\imapi\MatchEngine\Common\Match\GetWayDistribute.class.php 第 174 行.
SQL: insert into order_buy(user_id, currency_id, currency_name, price_entrust, count_entrust, transaction_type, status) values (10008939, 1, 'IM', 8290, 1, 1, 0) [ RunTime:0.003000s ]
NOTIC: [8] Undefined variable: key D:\phpStudy\PHPTutorial\WWW\imc\imapi\MatchEngine\Common\Match\PeripheralMatch.class.php 第 522 行.
NOTIC: [8] Undefined variable: orderMq D:\phpStudy\PHPTutorial\WWW\imc\imapi\MatchEngine\Common\Match\GetWayDistribute.class.php 第 174 行.
NOTIC: [8] Undefined variable: orderMq D:\phpStudy\PHPTutorial\WWW\imc\imapi\MatchEngine\Common\Match\GetWayDistribute.class.php 第 174 行.

[ 2018-03-29T08:51:21+08:00 ] 127.0.0.1 /imc/Match/getlist?ot=1
INFO: [ app_init ] --START--
INFO: Run Behavior\BuildLiteBehavior [ RunTime:0.000000s ]
INFO: [ app_init ] --END-- [ RunTime:0.000000s ]
INFO: [ app_begin ] --START--
INFO: Run Behavior\ReadHtmlCacheBehavior [ RunTime:0.004000s ]
INFO: [ app_begin ] --END-- [ RunTime:0.004000s ]
NOTIC: [2048] Declaration of MatchEngine\Controller\MatchController::get() should be compatible with Think\Controller::get($name = '') D:\phpStudy\PHPTutorial\WWW\imc\imapi\MatchEngine\Controller\MatchController.class.php 第 19 行.
NOTIC: [2048] Declaration of MatchEngine\Model\OrderModel::add() should be compatible with Think\Model::add($data = '', $options = Array, $replace = false) D:\phpStudy\PHPTutorial\WWW\imc\imapi\MatchEngine\Model\OrderModel.class.php 第 20 行.
NOTIC: [2] Missing argument 1 for MatchEngine\Model\BaseModel::__construct(), called in D:\phpStudy\PHPTutorial\WWW\imc\imapi\MatchEngine\Model\OrderModel.class.php on line 31 and defined D:\phpStudy\PHPTutorial\WWW\imc\imapi\MatchEngine\Model\BaseModel.class.php 第 15 行.
NOTIC: [8] Undefined variable: DBName D:\phpStudy\PHPTutorial\WWW\imc\imapi\MatchEngine\Model\BaseModel.class.php 第 17 行.
INFO: [ app_end ] --START--
INFO: Run Behavior\ShowPageTraceBehavior [ RunTime:0.004000s ]
INFO: [ app_end ] --END-- [ RunTime:0.004000s ]

[ 2018-03-29T08:51:22+08:00 ] 127.0.0.1 /imc/Match/getlist?ot=1
INFO: [ app_init ] --START--
INFO: Run Behavior\BuildLiteBehavior [ RunTime:0.000000s ]
INFO: [ app_init ] --END-- [ RunTime:0.001000s ]
INFO: [ app_begin ] --START--
INFO: Run Behavior\ReadHtmlCacheBehavior [ RunTime:0.004000s ]
INFO: [ app_begin ] --END-- [ RunTime:0.004000s ]
NOTIC: [2048] Declaration of MatchEngine\Controller\MatchController::get() should be compatible with Think\Controller::get($name = '') D:\phpStudy\PHPTutorial\WWW\imc\imapi\MatchEngine\Controller\MatchController.class.php 第 19 行.
NOTIC: [2048] Declaration of MatchEngine\Model\OrderModel::add() should be compatible with Think\Model::add($data = '', $options = Array, $replace = false) D:\phpStudy\PHPTutorial\WWW\imc\imapi\MatchEngine\Model\OrderModel.class.php 第 20 行.
NOTIC: [2] Missing argument 1 for MatchEngine\Model\BaseModel::__construct(), called in D:\phpStudy\PHPTutorial\WWW\imc\imapi\MatchEngine\Model\OrderModel.class.php on line 31 and defined D:\phpStudy\PHPTutorial\WWW\imc\imapi\MatchEngine\Model\BaseModel.class.php 第 15 行.
NOTIC: [8] Undefined variable: DBName D:\phpStudy\PHPTutorial\WWW\imc\imapi\MatchEngine\Model\BaseModel.class.php 第 17 行.
INFO: [ app_end ] --START--
INFO: Run Behavior\ShowPageTraceBehavior [ RunTime:0.004000s ]
INFO: [ app_end ] --END-- [ RunTime:0.005000s ]

[ 2018-03-29T08:51:26+08:00 ] 127.0.0.1 /imc/Match/getlist?ot=0
INFO: [ app_init ] --START--
INFO: Run Behavior\BuildLiteBehavior [ RunTime:0.000000s ]
INFO: [ app_init ] --END-- [ RunTime:0.000000s ]
INFO: [ app_begin ] --START--
INFO: Run Behavior\ReadHtmlCacheBehavior [ RunTime:0.003000s ]
INFO: [ app_begin ] --END-- [ RunTime:0.003000s ]
NOTIC: [2048] Declaration of MatchEngine\Controller\MatchController::get() should be compatible with Think\Controller::get($name = '') D:\phpStudy\PHPTutorial\WWW\imc\imapi\MatchEngine\Controller\MatchController.class.php 第 19 行.
NOTIC: [2048] Declaration of MatchEngine\Model\OrderModel::add() should be compatible with Think\Model::add($data = '', $options = Array, $replace = false) D:\phpStudy\PHPTutorial\WWW\imc\imapi\MatchEngine\Model\OrderModel.class.php 第 20 行.
NOTIC: [2] Missing argument 1 for MatchEngine\Model\BaseModel::__construct(), called in D:\phpStudy\PHPTutorial\WWW\imc\imapi\MatchEngine\Model\OrderModel.class.php on line 31 and defined D:\phpStudy\PHPTutorial\WWW\imc\imapi\MatchEngine\Model\BaseModel.class.php 第 15 行.
NOTIC: [8] Undefined variable: DBName D:\phpStudy\PHPTutorial\WWW\imc\imapi\MatchEngine\Model\BaseModel.class.php 第 17 行.
INFO: [ app_end ] --START--
INFO: Run Behavior\ShowPageTraceBehavior [ RunTime:0.005000s ]
INFO: [ app_end ] --END-- [ RunTime:0.005000s ]

[ 2018-03-29T08:51:27+08:00 ] 127.0.0.1 /imc/Match/getlist?ot=0
INFO: [ app_init ] --START--
INFO: Run Behavior\BuildLiteBehavior [ RunTime:0.000000s ]
INFO: [ app_init ] --END-- [ RunTime:0.000000s ]
INFO: [ app_begin ] --START--
INFO: Run Behavior\ReadHtmlCacheBehavior [ RunTime:0.003001s ]
INFO: [ app_begin ] --END-- [ RunTime:0.003001s ]
NOTIC: [2048] Declaration of MatchEngine\Controller\MatchController::get() should be compatible with Think\Controller::get($name = '') D:\phpStudy\PHPTutorial\WWW\imc\imapi\MatchEngine\Controller\MatchController.class.php 第 19 行.
NOTIC: [2048] Declaration of MatchEngine\Model\OrderModel::add() should be compatible with Think\Model::add($data = '', $options = Array, $replace = false) D:\phpStudy\PHPTutorial\WWW\imc\imapi\MatchEngine\Model\OrderModel.class.php 第 20 行.
NOTIC: [2] Missing argument 1 for MatchEngine\Model\BaseModel::__construct(), called in D:\phpStudy\PHPTutorial\WWW\imc\imapi\MatchEngine\Model\OrderModel.class.php on line 31 and defined D:\phpStudy\PHPTutorial\WWW\imc\imapi\MatchEngine\Model\BaseModel.class.php 第 15 行.
NOTIC: [8] Undefined variable: DBName D:\phpStudy\PHPTutorial\WWW\imc\imapi\MatchEngine\Model\BaseModel.class.php 第 17 行.
INFO: [ app_end ] --START--
INFO: Run Behavior\ShowPageTraceBehavior [ RunTime:0.003000s ]
INFO: [ app_end ] --END-- [ RunTime:0.004000s ]

[ 2018-03-29T08:52:18+08:00 ] 127.0.0.1 /imc/Match/add?ot=0
INFO: [ app_init ] --START--
INFO: Run Behavior\BuildLiteBehavior [ RunTime:0.000000s ]
INFO: [ app_init ] --END-- [ RunTime:0.001000s ]
INFO: [ app_begin ] --START--
INFO: Run Behavior\ReadHtmlCacheBehavior [ RunTime:0.003000s ]
INFO: [ app_begin ] --END-- [ RunTime:0.003000s ]
NOTIC: [2048] Declaration of MatchEngine\Controller\MatchController::get() should be compatible with Think\Controller::get($name = '') D:\phpStudy\PHPTutorial\WWW\imc\imapi\MatchEngine\Controller\MatchController.class.php 第 19 行.
NOTIC: [2048] Declaration of MatchEngine\Model\OrderModel::add() should be compatible with Think\Model::add($data = '', $options = Array, $replace = false) D:\phpStudy\PHPTutorial\WWW\imc\imapi\MatchEngine\Model\OrderModel.class.php 第 20 行.
NOTIC: [2] Missing argument 1 for MatchEngine\Model\BaseModel::__construct(), called in D:\phpStudy\PHPTutorial\WWW\imc\imapi\MatchEngine\Model\OrderModel.class.php on line 31 and defined D:\phpStudy\PHPTutorial\WWW\imc\imapi\MatchEngine\Model\BaseModel.class.php 第 15 行.
NOTIC: [8] Undefined variable: DBName D:\phpStudy\PHPTutorial\WWW\imc\imapi\MatchEngine\Model\BaseModel.class.php 第 17 行.
NOTIC: [8] Undefined variable: orderMq D:\phpStudy\PHPTutorial\WWW\imc\imapi\MatchEngine\Common\Match\GetWayDistribute.class.php 第 174 行.
SQL: insert into order_buy(user_id, currency_id, currency_name, price_entrust, count_entrust, transaction_type, status) values (10008939, 1, 'IM', 8290, 1, 1, 0) [ RunTime:0.001000s ]
NOTIC: [8] Undefined variable: key D:\phpStudy\PHPTutorial\WWW\imc\imapi\MatchEngine\Common\Match\PeripheralMatch.class.php 第 522 行.
NOTIC: [8] Undefined variable: orderMq D:\phpStudy\PHPTutorial\WWW\imc\imapi\MatchEngine\Common\Match\GetWayDistribute.class.php 第 174 行.
NOTIC: [8] Undefined variable: orderMq D:\phpStudy\PHPTutorial\WWW\imc\imapi\MatchEngine\Common\Match\GetWayDistribute.class.php 第 174 行.

[ 2018-03-29T08:52:20+08:00 ] 127.0.0.1 /imc/Match/getlist?ot=1
INFO: [ app_init ] --START--
INFO: Run Behavior\BuildLiteBehavior [ RunTime:0.000000s ]
INFO: [ app_init ] --END-- [ RunTime:0.000000s ]
INFO: [ app_begin ] --START--
INFO: Run Behavior\ReadHtmlCacheBehavior [ RunTime:0.002000s ]
INFO: [ app_begin ] --END-- [ RunTime:0.003000s ]
NOTIC: [2048] Declaration of MatchEngine\Controller\MatchController::get() should be compatible with Think\Controller::get($name = '') D:\phpStudy\PHPTutorial\WWW\imc\imapi\MatchEngine\Controller\MatchController.class.php 第 19 行.
NOTIC: [2048] Declaration of MatchEngine\Model\OrderModel::add() should be compatible with Think\Model::add($data = '', $options = Array, $replace = false) D:\phpStudy\PHPTutorial\WWW\imc\imapi\MatchEngine\Model\OrderModel.class.php 第 20 行.
NOTIC: [2] Missing argument 1 for MatchEngine\Model\BaseModel::__construct(), called in D:\phpStudy\PHPTutorial\WWW\imc\imapi\MatchEngine\Model\OrderModel.class.php on line 31 and defined D:\phpStudy\PHPTutorial\WWW\imc\imapi\MatchEngine\Model\BaseModel.class.php 第 15 行.
NOTIC: [8] Undefined variable: DBName D:\phpStudy\PHPTutorial\WWW\imc\imapi\MatchEngine\Model\BaseModel.class.php 第 17 行.
INFO: [ app_end ] --START--
INFO: Run Behavior\ShowPageTraceBehavior [ RunTime:0.003001s ]
INFO: [ app_end ] --END-- [ RunTime:0.003001s ]

[ 2018-03-29T08:56:18+08:00 ] 127.0.0.1 /imc/Match/add?ot=0
INFO: [ app_init ] --START--
INFO: Run Behavior\BuildLiteBehavior [ RunTime:0.000000s ]
INFO: [ app_init ] --END-- [ RunTime:0.000000s ]
INFO: [ app_begin ] --START--
INFO: Run Behavior\ReadHtmlCacheBehavior [ RunTime:0.004001s ]
INFO: [ app_begin ] --END-- [ RunTime:0.004001s ]
NOTIC: [2048] Declaration of MatchEngine\Controller\MatchController::get() should be compatible with Think\Controller::get($name = '') D:\phpStudy\PHPTutorial\WWW\imc\imapi\MatchEngine\Controller\MatchController.class.php 第 19 行.
NOTIC: [2048] Declaration of MatchEngine\Model\OrderModel::add() should be compatible with Think\Model::add($data = '', $options = Array, $replace = false) D:\phpStudy\PHPTutorial\WWW\imc\imapi\MatchEngine\Model\OrderModel.class.php 第 20 行.
NOTIC: [2] Missing argument 1 for MatchEngine\Model\BaseModel::__construct(), called in D:\phpStudy\PHPTutorial\WWW\imc\imapi\MatchEngine\Model\OrderModel.class.php on line 31 and defined D:\phpStudy\PHPTutorial\WWW\imc\imapi\MatchEngine\Model\BaseModel.class.php 第 15 行.
NOTIC: [8] Undefined variable: DBName D:\phpStudy\PHPTutorial\WWW\imc\imapi\MatchEngine\Model\BaseModel.class.php 第 17 行.
NOTIC: [8] Undefined variable: orderMq D:\phpStudy\PHPTutorial\WWW\imc\imapi\MatchEngine\Common\Match\GetWayDistribute.class.php 第 174 行.
SQL: insert into order_buy(user_id, currency_id, currency_name, price_entrust, count_entrust, transaction_type, status) values (10008939, 1, 'IM', 8290, 1, 1, 0) [ RunTime:0.001000s ]
NOTIC: [8] Undefined variable: key D:\phpStudy\PHPTutorial\WWW\imc\imapi\MatchEngine\Common\Match\PeripheralMatch.class.php 第 521 行.
NOTIC: [8] Undefined variable: key D:\phpStudy\PHPTutorial\WWW\imc\imapi\MatchEngine\Common\Match\PeripheralMatch.class.php 第 522 行.
NOTIC: [8] Undefined variable: orderMq D:\phpStudy\PHPTutorial\WWW\imc\imapi\MatchEngine\Common\Match\GetWayDistribute.class.php 第 174 行.
NOTIC: [8] Undefined variable: orderMq D:\phpStudy\PHPTutorial\WWW\imc\imapi\MatchEngine\Common\Match\GetWayDistribute.class.php 第 174 行.

[ 2018-03-29T08:57:37+08:00 ] 127.0.0.1 /imc/Match/add?ot=0
INFO: [ app_init ] --START--
INFO: Run Behavior\BuildLiteBehavior [ RunTime:0.000000s ]
INFO: [ app_init ] --END-- [ RunTime:0.001000s ]
INFO: [ app_begin ] --START--
INFO: Run Behavior\ReadHtmlCacheBehavior [ RunTime:0.004000s ]
INFO: [ app_begin ] --END-- [ RunTime:0.005000s ]
NOTIC: [2048] Declaration of MatchEngine\Controller\MatchController::get() should be compatible with Think\Controller::get($name = '') D:\phpStudy\PHPTutorial\WWW\imc\imapi\MatchEngine\Controller\MatchController.class.php 第 19 行.
NOTIC: [2048] Declaration of MatchEngine\Model\OrderModel::add() should be compatible with Think\Model::add($data = '', $options = Array, $replace = false) D:\phpStudy\PHPTutorial\WWW\imc\imapi\MatchEngine\Model\OrderModel.class.php 第 20 行.
NOTIC: [2] Missing argument 1 for MatchEngine\Model\BaseModel::__construct(), called in D:\phpStudy\PHPTutorial\WWW\imc\imapi\MatchEngine\Model\OrderModel.class.php on line 31 and defined D:\phpStudy\PHPTutorial\WWW\imc\imapi\MatchEngine\Model\BaseModel.class.php 第 15 行.
NOTIC: [8] Undefined variable: DBName D:\phpStudy\PHPTutorial\WWW\imc\imapi\MatchEngine\Model\BaseModel.class.php 第 17 行.
NOTIC: [8] Undefined variable: orderMq D:\phpStudy\PHPTutorial\WWW\imc\imapi\MatchEngine\Common\Match\GetWayDistribute.class.php 第 174 行.
SQL: insert into order_buy(user_id, currency_id, currency_name, price_entrust, count_entrust, transaction_type, status) values (10008939, 1, 'IM', 8290, 1, 1, 0) [ RunTime:0.001000s ]
NOTIC: [8] Undefined variable: orderMq D:\phpStudy\PHPTutorial\WWW\imc\imapi\MatchEngine\Common\Match\GetWayDistribute.class.php 第 174 行.
NOTIC: [8] Undefined variable: orderMq D:\phpStudy\PHPTutorial\WWW\imc\imapi\MatchEngine\Common\Match\GetWayDistribute.class.php 第 174 行.

[ 2018-03-29T08:57:41+08:00 ] 127.0.0.1 /imc/Match/getlist?ot=1
INFO: [ app_init ] --START--
INFO: Run Behavior\BuildLiteBehavior [ RunTime:0.000000s ]
INFO: [ app_init ] --END-- [ RunTime:0.000000s ]
INFO: [ app_begin ] --START--
INFO: Run Behavior\ReadHtmlCacheBehavior [ RunTime:0.004000s ]
INFO: [ app_begin ] --END-- [ RunTime:0.004000s ]
NOTIC: [2048] Declaration of MatchEngine\Controller\MatchController::get() should be compatible with Think\Controller::get($name = '') D:\phpStudy\PHPTutorial\WWW\imc\imapi\MatchEngine\Controller\MatchController.class.php 第 19 行.
NOTIC: [2048] Declaration of MatchEngine\Model\OrderModel::add() should be compatible with Think\Model::add($data = '', $options = Array, $replace = false) D:\phpStudy\PHPTutorial\WWW\imc\imapi\MatchEngine\Model\OrderModel.class.php 第 20 行.
NOTIC: [2] Missing argument 1 for MatchEngine\Model\BaseModel::__construct(), called in D:\phpStudy\PHPTutorial\WWW\imc\imapi\MatchEngine\Model\OrderModel.class.php on line 31 and defined D:\phpStudy\PHPTutorial\WWW\imc\imapi\MatchEngine\Model\BaseModel.class.php 第 15 行.
NOTIC: [8] Undefined variable: DBName D:\phpStudy\PHPTutorial\WWW\imc\imapi\MatchEngine\Model\BaseModel.class.php 第 17 行.
INFO: [ app_end ] --START--
INFO: Run Behavior\ShowPageTraceBehavior [ RunTime:0.003000s ]
INFO: [ app_end ] --END-- [ RunTime:0.003000s ]

[ 2018-03-29T08:58:09+08:00 ] 127.0.0.1 /imc/Match/add?ot=0
INFO: [ app_init ] --START--
INFO: Run Behavior\BuildLiteBehavior [ RunTime:0.000000s ]
INFO: [ app_init ] --END-- [ RunTime:0.001000s ]
INFO: [ app_begin ] --START--
INFO: Run Behavior\ReadHtmlCacheBehavior [ RunTime:0.003000s ]
INFO: [ app_begin ] --END-- [ RunTime:0.003000s ]
NOTIC: [2048] Declaration of MatchEngine\Controller\MatchController::get() should be compatible with Think\Controller::get($name = '') D:\phpStudy\PHPTutorial\WWW\imc\imapi\MatchEngine\Controller\MatchController.class.php 第 19 行.
NOTIC: [2048] Declaration of MatchEngine\Model\OrderModel::add() should be compatible with Think\Model::add($data = '', $options = Array, $replace = false) D:\phpStudy\PHPTutorial\WWW\imc\imapi\MatchEngine\Model\OrderModel.class.php 第 20 行.
NOTIC: [2] Missing argument 1 for MatchEngine\Model\BaseModel::__construct(), called in D:\phpStudy\PHPTutorial\WWW\imc\imapi\MatchEngine\Model\OrderModel.class.php on line 31 and defined D:\phpStudy\PHPTutorial\WWW\imc\imapi\MatchEngine\Model\BaseModel.class.php 第 15 行.
NOTIC: [8] Undefined variable: DBName D:\phpStudy\PHPTutorial\WWW\imc\imapi\MatchEngine\Model\BaseModel.class.php 第 17 行.
NOTIC: [8] Undefined variable: orderMq D:\phpStudy\PHPTutorial\WWW\imc\imapi\MatchEngine\Common\Match\GetWayDistribute.class.php 第 174 行.
SQL: insert into order_buy(user_id, currency_id, currency_name, price_entrust, count_entrust, transaction_type, status) values (10008939, 1, 'IM', 8290, 1, 1, 0) [ RunTime:0.001000s ]

[ 2018-03-29T08:59:14+08:00 ] 127.0.0.1 /imc/Match/add?ot=0
INFO: [ app_init ] --START--
INFO: Run Behavior\BuildLiteBehavior [ RunTime:0.000000s ]
INFO: [ app_init ] --END-- [ RunTime:0.000000s ]
INFO: [ app_begin ] --START--
INFO: Run Behavior\ReadHtmlCacheBehavior [ RunTime:0.003000s ]
INFO: [ app_begin ] --END-- [ RunTime:0.003000s ]
NOTIC: [2048] Declaration of MatchEngine\Controller\MatchController::get() should be compatible with Think\Controller::get($name = '') D:\phpStudy\PHPTutorial\WWW\imc\imapi\MatchEngine\Controller\MatchController.class.php 第 19 行.
NOTIC: [2048] Declaration of MatchEngine\Model\OrderModel::add() should be compatible with Think\Model::add($data = '', $options = Array, $replace = false) D:\phpStudy\PHPTutorial\WWW\imc\imapi\MatchEngine\Model\OrderModel.class.php 第 20 行.
NOTIC: [2] Missing argument 1 for MatchEngine\Model\BaseModel::__construct(), called in D:\phpStudy\PHPTutorial\WWW\imc\imapi\MatchEngine\Model\OrderModel.class.php on line 31 and defined D:\phpStudy\PHPTutorial\WWW\imc\imapi\MatchEngine\Model\BaseModel.class.php 第 15 行.
NOTIC: [8] Undefined variable: DBName D:\phpStudy\PHPTutorial\WWW\imc\imapi\MatchEngine\Model\BaseModel.class.php 第 17 行.
NOTIC: [8] Undefined variable: orderMq D:\phpStudy\PHPTutorial\WWW\imc\imapi\MatchEngine\Common\Match\GetWayDistribute.class.php 第 174 行.
SQL: insert into order_buy(user_id, currency_id, currency_name, price_entrust, count_entrust, transaction_type, status) values (10008939, 1, 'IM', 8290, 1, 1, 0) [ RunTime:0.001000s ]
NOTIC: [8] Undefined variable: orderMq D:\phpStudy\PHPTutorial\WWW\imc\imapi\MatchEngine\Common\Match\GetWayDistribute.class.php 第 174 行.
NOTIC: [8] Undefined variable: orderMq D:\phpStudy\PHPTutorial\WWW\imc\imapi\MatchEngine\Common\Match\GetWayDistribute.class.php 第 174 行.

[ 2018-03-29T08:59:18+08:00 ] 127.0.0.1 /imc/Match/getlist?ot=1
INFO: [ app_init ] --START--
INFO: Run Behavior\BuildLiteBehavior [ RunTime:0.000000s ]
INFO: [ app_init ] --END-- [ RunTime:0.000000s ]
INFO: [ app_begin ] --START--
INFO: Run Behavior\ReadHtmlCacheBehavior [ RunTime:0.003000s ]
INFO: [ app_begin ] --END-- [ RunTime:0.003000s ]
NOTIC: [2048] Declaration of MatchEngine\Controller\MatchController::get() should be compatible with Think\Controller::get($name = '') D:\phpStudy\PHPTutorial\WWW\imc\imapi\MatchEngine\Controller\MatchController.class.php 第 19 行.
NOTIC: [2048] Declaration of MatchEngine\Model\OrderModel::add() should be compatible with Think\Model::add($data = '', $options = Array, $replace = false) D:\phpStudy\PHPTutorial\WWW\imc\imapi\MatchEngine\Model\OrderModel.class.php 第 20 行.
NOTIC: [2] Missing argument 1 for MatchEngine\Model\BaseModel::__construct(), called in D:\phpStudy\PHPTutorial\WWW\imc\imapi\MatchEngine\Model\OrderModel.class.php on line 31 and defined D:\phpStudy\PHPTutorial\WWW\imc\imapi\MatchEngine\Model\BaseModel.class.php 第 15 行.
NOTIC: [8] Undefined variable: DBName D:\phpStudy\PHPTutorial\WWW\imc\imapi\MatchEngine\Model\BaseModel.class.php 第 17 行.
SQL: select id, user_id, price_entrust, count_entrust, create_time, status from order_sell where status=0 order by price_entrust asc, create_time asc [ RunTime:0.004000s ]
NOTIC: [2] in_array() expects parameter 2 to be array, boolean given D:\phpStudy\PHPTutorial\WWW\imc\imapi\MatchEngine\Common\Match\PeripheralMatch.class.php 第 473 行.
INFO: [ app_end ] --START--
INFO: Run Behavior\ShowPageTraceBehavior [ RunTime:0.003000s ]
INFO: [ app_end ] --END-- [ RunTime:0.003000s ]

[ 2018-03-29T08:59:25+08:00 ] 127.0.0.1 /imc/Match/getlist?ot=1
INFO: [ app_init ] --START--
INFO: Run Behavior\BuildLiteBehavior [ RunTime:0.000000s ]
INFO: [ app_init ] --END-- [ RunTime:0.000000s ]
INFO: [ app_begin ] --START--
INFO: Run Behavior\ReadHtmlCacheBehavior [ RunTime:0.004000s ]
INFO: [ app_begin ] --END-- [ RunTime:0.004000s ]
NOTIC: [2048] Declaration of MatchEngine\Controller\MatchController::get() should be compatible with Think\Controller::get($name = '') D:\phpStudy\PHPTutorial\WWW\imc\imapi\MatchEngine\Controller\MatchController.class.php 第 19 行.
NOTIC: [2048] Declaration of MatchEngine\Model\OrderModel::add() should be compatible with Think\Model::add($data = '', $options = Array, $replace = false) D:\phpStudy\PHPTutorial\WWW\imc\imapi\MatchEngine\Model\OrderModel.class.php 第 20 行.
NOTIC: [2] Missing argument 1 for MatchEngine\Model\BaseModel::__construct(), called in D:\phpStudy\PHPTutorial\WWW\imc\imapi\MatchEngine\Model\OrderModel.class.php on line 31 and defined D:\phpStudy\PHPTutorial\WWW\imc\imapi\MatchEngine\Model\BaseModel.class.php 第 15 行.
NOTIC: [8] Undefined variable: DBName D:\phpStudy\PHPTutorial\WWW\imc\imapi\MatchEngine\Model\BaseModel.class.php 第 17 行.
INFO: [ app_end ] --START--
INFO: Run Behavior\ShowPageTraceBehavior [ RunTime:0.003001s ]
INFO: [ app_end ] --END-- [ RunTime:0.003001s ]

[ 2018-03-29T08:59:26+08:00 ] 127.0.0.1 /imc/Match/getlist?ot=1
INFO: [ app_init ] --START--
INFO: Run Behavior\BuildLiteBehavior [ RunTime:0.000000s ]
INFO: [ app_init ] --END-- [ RunTime:0.000000s ]
INFO: [ app_begin ] --START--
INFO: Run Behavior\ReadHtmlCacheBehavior [ RunTime:0.002000s ]
INFO: [ app_begin ] --END-- [ RunTime:0.002000s ]
NOTIC: [2048] Declaration of MatchEngine\Controller\MatchController::get() should be compatible with Think\Controller::get($name = '') D:\phpStudy\PHPTutorial\WWW\imc\imapi\MatchEngine\Controller\MatchController.class.php 第 19 行.
NOTIC: [2048] Declaration of MatchEngine\Model\OrderModel::add() should be compatible with Think\Model::add($data = '', $options = Array, $replace = false) D:\phpStudy\PHPTutorial\WWW\imc\imapi\MatchEngine\Model\OrderModel.class.php 第 20 行.
NOTIC: [2] Missing argument 1 for MatchEngine\Model\BaseModel::__construct(), called in D:\phpStudy\PHPTutorial\WWW\imc\imapi\MatchEngine\Model\OrderModel.class.php on line 31 and defined D:\phpStudy\PHPTutorial\WWW\imc\imapi\MatchEngine\Model\BaseModel.class.php 第 15 行.
NOTIC: [8] Undefined variable: DBName D:\phpStudy\PHPTutorial\WWW\imc\imapi\MatchEngine\Model\BaseModel.class.php 第 17 行.
INFO: [ app_end ] --START--
INFO: Run Behavior\ShowPageTraceBehavior [ RunTime:0.004000s ]
INFO: [ app_end ] --END-- [ RunTime:0.004000s ]

[ 2018-03-29T08:59:27+08:00 ] 127.0.0.1 /imc/Match/getlist?ot=1
INFO: [ app_init ] --START--
INFO: Run Behavior\BuildLiteBehavior [ RunTime:0.000000s ]
INFO: [ app_init ] --END-- [ RunTime:0.000000s ]
INFO: [ app_begin ] --START--
INFO: Run Behavior\ReadHtmlCacheBehavior [ RunTime:0.003000s ]
INFO: [ app_begin ] --END-- [ RunTime:0.003000s ]
NOTIC: [2048] Declaration of MatchEngine\Controller\MatchController::get() should be compatible with Think\Controller::get($name = '') D:\phpStudy\PHPTutorial\WWW\imc\imapi\MatchEngine\Controller\MatchController.class.php 第 19 行.
NOTIC: [2048] Declaration of MatchEngine\Model\OrderModel::add() should be compatible with Think\Model::add($data = '', $options = Array, $replace = false) D:\phpStudy\PHPTutorial\WWW\imc\imapi\MatchEngine\Model\OrderModel.class.php 第 20 行.
NOTIC: [2] Missing argument 1 for MatchEngine\Model\BaseModel::__construct(), called in D:\phpStudy\PHPTutorial\WWW\imc\imapi\MatchEngine\Model\OrderModel.class.php on line 31 and defined D:\phpStudy\PHPTutorial\WWW\imc\imapi\MatchEngine\Model\BaseModel.class.php 第 15 行.
NOTIC: [8] Undefined variable: DBName D:\phpStudy\PHPTutorial\WWW\imc\imapi\MatchEngine\Model\BaseModel.class.php 第 17 行.
INFO: [ app_end ] --START--
INFO: Run Behavior\ShowPageTraceBehavior [ RunTime:0.003000s ]
INFO: [ app_end ] --END-- [ RunTime:0.003000s ]

[ 2018-03-29T08:59:27+08:00 ] 127.0.0.1 /imc/Match/getlist?ot=1
INFO: [ app_init ] --START--
INFO: Run Behavior\BuildLiteBehavior [ RunTime:0.000000s ]
INFO: [ app_init ] --END-- [ RunTime:0.000000s ]
INFO: [ app_begin ] --START--
INFO: Run Behavior\ReadHtmlCacheBehavior [ RunTime:0.002001s ]
INFO: [ app_begin ] --END-- [ RunTime:0.003001s ]
NOTIC: [2048] Declaration of MatchEngine\Controller\MatchController::get() should be compatible with Think\Controller::get($name = '') D:\phpStudy\PHPTutorial\WWW\imc\imapi\MatchEngine\Controller\MatchController.class.php 第 19 行.
NOTIC: [2048] Declaration of MatchEngine\Model\OrderModel::add() should be compatible with Think\Model::add($data = '', $options = Array, $replace = false) D:\phpStudy\PHPTutorial\WWW\imc\imapi\MatchEngine\Model\OrderModel.class.php 第 20 行.
NOTIC: [2] Missing argument 1 for MatchEngine\Model\BaseModel::__construct(), called in D:\phpStudy\PHPTutorial\WWW\imc\imapi\MatchEngine\Model\OrderModel.class.php on line 31 and defined D:\phpStudy\PHPTutorial\WWW\imc\imapi\MatchEngine\Model\BaseModel.class.php 第 15 行.
NOTIC: [8] Undefined variable: DBName D:\phpStudy\PHPTutorial\WWW\imc\imapi\MatchEngine\Model\BaseModel.class.php 第 17 行.
INFO: [ app_end ] --START--
INFO: Run Behavior\ShowPageTraceBehavior [ RunTime:0.003000s ]
INFO: [ app_end ] --END-- [ RunTime:0.003000s ]

[ 2018-03-29T08:59:43+08:00 ] 127.0.0.1 /imc/Match/add?ot=0
INFO: [ app_init ] --START--
INFO: Run Behavior\BuildLiteBehavior [ RunTime:0.000000s ]
INFO: [ app_init ] --END-- [ RunTime:0.000000s ]
INFO: [ app_begin ] --START--
INFO: Run Behavior\ReadHtmlCacheBehavior [ RunTime:0.005000s ]
INFO: [ app_begin ] --END-- [ RunTime:0.005000s ]
NOTIC: [2048] Declaration of MatchEngine\Controller\MatchController::get() should be compatible with Think\Controller::get($name = '') D:\phpStudy\PHPTutorial\WWW\imc\imapi\MatchEngine\Controller\MatchController.class.php 第 19 行.
NOTIC: [2048] Declaration of MatchEngine\Model\OrderModel::add() should be compatible with Think\Model::add($data = '', $options = Array, $replace = false) D:\phpStudy\PHPTutorial\WWW\imc\imapi\MatchEngine\Model\OrderModel.class.php 第 20 行.
NOTIC: [2] Missing argument 1 for MatchEngine\Model\BaseModel::__construct(), called in D:\phpStudy\PHPTutorial\WWW\imc\imapi\MatchEngine\Model\OrderModel.class.php on line 31 and defined D:\phpStudy\PHPTutorial\WWW\imc\imapi\MatchEngine\Model\BaseModel.class.php 第 15 行.
NOTIC: [8] Undefined variable: DBName D:\phpStudy\PHPTutorial\WWW\imc\imapi\MatchEngine\Model\BaseModel.class.php 第 17 行.
NOTIC: [8] Undefined variable: orderMq D:\phpStudy\PHPTutorial\WWW\imc\imapi\MatchEngine\Common\Match\GetWayDistribute.class.php 第 174 行.
SQL: insert into order_buy(user_id, currency_id, currency_name, price_entrust, count_entrust, transaction_type, status) values (10008939, 1, 'IM', 8290, 1, 1, 0) [ RunTime:0.001000s ]
NOTIC: [8] Undefined variable: orderMq D:\phpStudy\PHPTutorial\WWW\imc\imapi\MatchEngine\Common\Match\GetWayDistribute.class.php 第 174 行.
NOTIC: [8] Undefined variable: orderMq D:\phpStudy\PHPTutorial\WWW\imc\imapi\MatchEngine\Common\Match\GetWayDistribute.class.php 第 174 行.

[ 2018-03-29T08:59:58+08:00 ] 127.0.0.1 /imc/Match/getlist?ot=1
INFO: [ app_init ] --START--
INFO: Run Behavior\BuildLiteBehavior [ RunTime:0.000000s ]
INFO: [ app_init ] --END-- [ RunTime:0.000000s ]
INFO: [ app_begin ] --START--
INFO: Run Behavior\ReadHtmlCacheBehavior [ RunTime:0.003000s ]
INFO: [ app_begin ] --END-- [ RunTime:0.003000s ]
NOTIC: [2048] Declaration of MatchEngine\Controller\MatchController::get() should be compatible with Think\Controller::get($name = '') D:\phpStudy\PHPTutorial\WWW\imc\imapi\MatchEngine\Controller\MatchController.class.php 第 19 行.
NOTIC: [2048] Declaration of MatchEngine\Model\OrderModel::add() should be compatible with Think\Model::add($data = '', $options = Array, $replace = false) D:\phpStudy\PHPTutorial\WWW\imc\imapi\MatchEngine\Model\OrderModel.class.php 第 20 行.
NOTIC: [2] Missing argument 1 for MatchEngine\Model\BaseModel::__construct(), called in D:\phpStudy\PHPTutorial\WWW\imc\imapi\MatchEngine\Model\OrderModel.class.php on line 31 and defined D:\phpStudy\PHPTutorial\WWW\imc\imapi\MatchEngine\Model\BaseModel.class.php 第 15 行.
NOTIC: [8] Undefined variable: DBName D:\phpStudy\PHPTutorial\WWW\imc\imapi\MatchEngine\Model\BaseModel.class.php 第 17 行.
INFO: [ app_end ] --START--
INFO: Run Behavior\ShowPageTraceBehavior [ RunTime:0.005000s ]
INFO: [ app_end ] --END-- [ RunTime:0.005000s ]

[ 2018-03-29T08:59:59+08:00 ] 127.0.0.1 /imc/Match/getlist?ot=1
INFO: [ app_init ] --START--
INFO: Run Behavior\BuildLiteBehavior [ RunTime:0.000000s ]
INFO: [ app_init ] --END-- [ RunTime:0.000000s ]
INFO: [ app_begin ] --START--
INFO: Run Behavior\ReadHtmlCacheBehavior [ RunTime:0.002000s ]
INFO: [ app_begin ] --END-- [ RunTime:0.003000s ]
NOTIC: [2048] Declaration of MatchEngine\Controller\MatchController::get() should be compatible with Think\Controller::get($name = '') D:\phpStudy\PHPTutorial\WWW\imc\imapi\MatchEngine\Controller\MatchController.class.php 第 19 行.
NOTIC: [2048] Declaration of MatchEngine\Model\OrderModel::add() should be compatible with Think\Model::add($data = '', $options = Array, $replace = false) D:\phpStudy\PHPTutorial\WWW\imc\imapi\MatchEngine\Model\OrderModel.class.php 第 20 行.
NOTIC: [2] Missing argument 1 for MatchEngine\Model\BaseModel::__construct(), called in D:\phpStudy\PHPTutorial\WWW\imc\imapi\MatchEngine\Model\OrderModel.class.php on line 31 and defined D:\phpStudy\PHPTutorial\WWW\imc\imapi\MatchEngine\Model\BaseModel.class.php 第 15 行.
NOTIC: [8] Undefined variable: DBName D:\phpStudy\PHPTutorial\WWW\imc\imapi\MatchEngine\Model\BaseModel.class.php 第 17 行.
INFO: [ app_end ] --START--
INFO: Run Behavior\ShowPageTraceBehavior [ RunTime:0.004000s ]
INFO: [ app_end ] --END-- [ RunTime:0.004000s ]

[ 2018-03-29T09:00:00+08:00 ] 127.0.0.1 /imc/Match/getlist?ot=1
INFO: [ app_init ] --START--
INFO: Run Behavior\BuildLiteBehavior [ RunTime:0.000000s ]
INFO: [ app_init ] --END-- [ RunTime:0.001000s ]
INFO: [ app_begin ] --START--
INFO: Run Behavior\ReadHtmlCacheBehavior [ RunTime:0.003000s ]
INFO: [ app_begin ] --END-- [ RunTime:0.003000s ]
NOTIC: [2048] Declaration of MatchEngine\Controller\MatchController::get() should be compatible with Think\Controller::get($name = '') D:\phpStudy\PHPTutorial\WWW\imc\imapi\MatchEngine\Controller\MatchController.class.php 第 19 行.
NOTIC: [2048] Declaration of MatchEngine\Model\OrderModel::add() should be compatible with Think\Model::add($data = '', $options = Array, $replace = false) D:\phpStudy\PHPTutorial\WWW\imc\imapi\MatchEngine\Model\OrderModel.class.php 第 20 行.
NOTIC: [2] Missing argument 1 for MatchEngine\Model\BaseModel::__construct(), called in D:\phpStudy\PHPTutorial\WWW\imc\imapi\MatchEngine\Model\OrderModel.class.php on line 31 and defined D:\phpStudy\PHPTutorial\WWW\imc\imapi\MatchEngine\Model\BaseModel.class.php 第 15 行.
NOTIC: [8] Undefined variable: DBName D:\phpStudy\PHPTutorial\WWW\imc\imapi\MatchEngine\Model\BaseModel.class.php 第 17 行.
INFO: [ app_end ] --START--
INFO: Run Behavior\ShowPageTraceBehavior [ RunTime:0.006001s ]
INFO: [ app_end ] --END-- [ RunTime:0.006001s ]

[ 2018-03-29T09:00:00+08:00 ] 127.0.0.1 /imc/Match/getlist?ot=1
INFO: [ app_init ] --START--
INFO: Run Behavior\BuildLiteBehavior [ RunTime:0.000000s ]
INFO: [ app_init ] --END-- [ RunTime:0.000000s ]
INFO: [ app_begin ] --START--
INFO: Run Behavior\ReadHtmlCacheBehavior [ RunTime:0.003001s ]
INFO: [ app_begin ] --END-- [ RunTime:0.004001s ]
NOTIC: [2048] Declaration of MatchEngine\Controller\MatchController::get() should be compatible with Think\Controller::get($name = '') D:\phpStudy\PHPTutorial\WWW\imc\imapi\MatchEngine\Controller\MatchController.class.php 第 19 行.
NOTIC: [2048] Declaration of MatchEngine\Model\OrderModel::add() should be compatible with Think\Model::add($data = '', $options = Array, $replace = false) D:\phpStudy\PHPTutorial\WWW\imc\imapi\MatchEngine\Model\OrderModel.class.php 第 20 行.
NOTIC: [2] Missing argument 1 for MatchEngine\Model\BaseModel::__construct(), called in D:\phpStudy\PHPTutorial\WWW\imc\imapi\MatchEngine\Model\OrderModel.class.php on line 31 and defined D:\phpStudy\PHPTutorial\WWW\imc\imapi\MatchEngine\Model\BaseModel.class.php 第 15 行.
NOTIC: [8] Undefined variable: DBName D:\phpStudy\PHPTutorial\WWW\imc\imapi\MatchEngine\Model\BaseModel.class.php 第 17 行.
INFO: [ app_end ] --START--
INFO: Run Behavior\ShowPageTraceBehavior [ RunTime:0.003001s ]
INFO: [ app_end ] --END-- [ RunTime:0.003001s ]

[ 2018-03-29T09:01:09+08:00 ] 127.0.0.1 /imc/Match/getlist?ot=1
INFO: [ app_init ] --START--
INFO: Run Behavior\BuildLiteBehavior [ RunTime:0.000000s ]
INFO: [ app_init ] --END-- [ RunTime:0.001000s ]
INFO: [ app_begin ] --START--
INFO: Run Behavior\ReadHtmlCacheBehavior [ RunTime:0.003000s ]
INFO: [ app_begin ] --END-- [ RunTime:0.003000s ]
NOTIC: [2048] Declaration of MatchEngine\Controller\MatchController::get() should be compatible with Think\Controller::get($name = '') D:\phpStudy\PHPTutorial\WWW\imc\imapi\MatchEngine\Controller\MatchController.class.php 第 19 行.
NOTIC: [2048] Declaration of MatchEngine\Model\OrderModel::add() should be compatible with Think\Model::add($data = '', $options = Array, $replace = false) D:\phpStudy\PHPTutorial\WWW\imc\imapi\MatchEngine\Model\OrderModel.class.php 第 20 行.
NOTIC: [2] Missing argument 1 for MatchEngine\Model\BaseModel::__construct(), called in D:\phpStudy\PHPTutorial\WWW\imc\imapi\MatchEngine\Model\OrderModel.class.php on line 31 and defined D:\phpStudy\PHPTutorial\WWW\imc\imapi\MatchEngine\Model\BaseModel.class.php 第 15 行.
NOTIC: [8] Undefined variable: DBName D:\phpStudy\PHPTutorial\WWW\imc\imapi\MatchEngine\Model\BaseModel.class.php 第 17 行.
SQL: select id, user_id, price_entrust, count_entrust, create_time, status from order_sell where status=0 order by price_entrust asc, create_time asc [ RunTime:0.001000s ]
NOTIC: [2] in_array() expects parameter 2 to be array, boolean given D:\phpStudy\PHPTutorial\WWW\imc\imapi\MatchEngine\Common\Match\PeripheralMatch.class.php 第 473 行.
INFO: [ app_end ] --START--
INFO: Run Behavior\ShowPageTraceBehavior [ RunTime:0.005000s ]
INFO: [ app_end ] --END-- [ RunTime:0.005000s ]

[ 2018-03-29T09:01:10+08:00 ] 127.0.0.1 /imc/Match/getlist?ot=1
INFO: [ app_init ] --START--
INFO: Run Behavior\BuildLiteBehavior [ RunTime:0.000000s ]
INFO: [ app_init ] --END-- [ RunTime:0.000000s ]
INFO: [ app_begin ] --START--
INFO: Run Behavior\ReadHtmlCacheBehavior [ RunTime:0.003001s ]
INFO: [ app_begin ] --END-- [ RunTime:0.003001s ]
NOTIC: [2048] Declaration of MatchEngine\Controller\MatchController::get() should be compatible with Think\Controller::get($name = '') D:\phpStudy\PHPTutorial\WWW\imc\imapi\MatchEngine\Controller\MatchController.class.php 第 19 行.
NOTIC: [2048] Declaration of MatchEngine\Model\OrderModel::add() should be compatible with Think\Model::add($data = '', $options = Array, $replace = false) D:\phpStudy\PHPTutorial\WWW\imc\imapi\MatchEngine\Model\OrderModel.class.php 第 20 行.
NOTIC: [2] Missing argument 1 for MatchEngine\Model\BaseModel::__construct(), called in D:\phpStudy\PHPTutorial\WWW\imc\imapi\MatchEngine\Model\OrderModel.class.php on line 31 and defined D:\phpStudy\PHPTutorial\WWW\imc\imapi\MatchEngine\Model\BaseModel.class.php 第 15 行.
NOTIC: [8] Undefined variable: DBName D:\phpStudy\PHPTutorial\WWW\imc\imapi\MatchEngine\Model\BaseModel.class.php 第 17 行.
INFO: [ app_end ] --START--
INFO: Run Behavior\ShowPageTraceBehavior [ RunTime:0.003000s ]
INFO: [ app_end ] --END-- [ RunTime:0.004000s ]

[ 2018-03-29T09:01:12+08:00 ] 127.0.0.1 /imc/Match/getlist?ot=1
INFO: [ app_init ] --START--
INFO: Run Behavior\BuildLiteBehavior [ RunTime:0.000000s ]
INFO: [ app_init ] --END-- [ RunTime:0.000000s ]
INFO: [ app_begin ] --START--
INFO: Run Behavior\ReadHtmlCacheBehavior [ RunTime:0.002000s ]
INFO: [ app_begin ] --END-- [ RunTime:0.002000s ]
NOTIC: [2048] Declaration of MatchEngine\Controller\MatchController::get() should be compatible with Think\Controller::get($name = '') D:\phpStudy\PHPTutorial\WWW\imc\imapi\MatchEngine\Controller\MatchController.class.php 第 19 行.
NOTIC: [2048] Declaration of MatchEngine\Model\OrderModel::add() should be compatible with Think\Model::add($data = '', $options = Array, $replace = false) D:\phpStudy\PHPTutorial\WWW\imc\imapi\MatchEngine\Model\OrderModel.class.php 第 20 行.
NOTIC: [2] Missing argument 1 for MatchEngine\Model\BaseModel::__construct(), called in D:\phpStudy\PHPTutorial\WWW\imc\imapi\MatchEngine\Model\OrderModel.class.php on line 31 and defined D:\phpStudy\PHPTutorial\WWW\imc\imapi\MatchEngine\Model\BaseModel.class.php 第 15 行.
NOTIC: [8] Undefined variable: DBName D:\phpStudy\PHPTutorial\WWW\imc\imapi\MatchEngine\Model\BaseModel.class.php 第 17 行.
INFO: [ app_end ] --START--
INFO: Run Behavior\ShowPageTraceBehavior [ RunTime:0.004000s ]
INFO: [ app_end ] --END-- [ RunTime:0.004000s ]

[ 2018-03-29T09:01:23+08:00 ] 127.0.0.1 /imc/Match/getlist?ot=1
INFO: [ app_init ] --START--
INFO: Run Behavior\BuildLiteBehavior [ RunTime:0.001000s ]
INFO: [ app_init ] --END-- [ RunTime:0.001000s ]
INFO: [ app_begin ] --START--
INFO: Run Behavior\ReadHtmlCacheBehavior [ RunTime:0.004000s ]
INFO: [ app_begin ] --END-- [ RunTime:0.004000s ]
NOTIC: [2048] Declaration of MatchEngine\Controller\MatchController::get() should be compatible with Think\Controller::get($name = '') D:\phpStudy\PHPTutorial\WWW\imc\imapi\MatchEngine\Controller\MatchController.class.php 第 19 行.
NOTIC: [2048] Declaration of MatchEngine\Model\OrderModel::add() should be compatible with Think\Model::add($data = '', $options = Array, $replace = false) D:\phpStudy\PHPTutorial\WWW\imc\imapi\MatchEngine\Model\OrderModel.class.php 第 20 行.
NOTIC: [2] Missing argument 1 for MatchEngine\Model\BaseModel::__construct(), called in D:\phpStudy\PHPTutorial\WWW\imc\imapi\MatchEngine\Model\OrderModel.class.php on line 31 and defined D:\phpStudy\PHPTutorial\WWW\imc\imapi\MatchEngine\Model\BaseModel.class.php 第 15 行.
NOTIC: [8] Undefined variable: DBName D:\phpStudy\PHPTutorial\WWW\imc\imapi\MatchEngine\Model\BaseModel.class.php 第 17 行.
SQL: select id, user_id, price_entrust, count_entrust, create_time, status from order_sell where status=0 order by price_entrust asc, create_time asc [ RunTime:0.001000s ]
NOTIC: [2] in_array() expects parameter 2 to be array, boolean given D:\phpStudy\PHPTutorial\WWW\imc\imapi\MatchEngine\Common\Match\PeripheralMatch.class.php 第 473 行.
INFO: [ app_end ] --START--
INFO: Run Behavior\ShowPageTraceBehavior [ RunTime:0.003000s ]
INFO: [ app_end ] --END-- [ RunTime:0.003000s ]

[ 2018-03-29T09:01:23+08:00 ] 127.0.0.1 /imc/Match/getlist?ot=1
INFO: [ app_init ] --START--
INFO: Run Behavior\BuildLiteBehavior [ RunTime:0.000000s ]
INFO: [ app_init ] --END-- [ RunTime:0.001000s ]
INFO: [ app_begin ] --START--
INFO: Run Behavior\ReadHtmlCacheBehavior [ RunTime:0.003001s ]
INFO: [ app_begin ] --END-- [ RunTime:0.003001s ]
NOTIC: [2048] Declaration of MatchEngine\Controller\MatchController::get() should be compatible with Think\Controller::get($name = '') D:\phpStudy\PHPTutorial\WWW\imc\imapi\MatchEngine\Controller\MatchController.class.php 第 19 行.
NOTIC: [2048] Declaration of MatchEngine\Model\OrderModel::add() should be compatible with Think\Model::add($data = '', $options = Array, $replace = false) D:\phpStudy\PHPTutorial\WWW\imc\imapi\MatchEngine\Model\OrderModel.class.php 第 20 行.
NOTIC: [2] Missing argument 1 for MatchEngine\Model\BaseModel::__construct(), called in D:\phpStudy\PHPTutorial\WWW\imc\imapi\MatchEngine\Model\OrderModel.class.php on line 31 and defined D:\phpStudy\PHPTutorial\WWW\imc\imapi\MatchEngine\Model\BaseModel.class.php 第 15 行.
NOTIC: [8] Undefined variable: DBName D:\phpStudy\PHPTutorial\WWW\imc\imapi\MatchEngine\Model\BaseModel.class.php 第 17 行.
INFO: [ app_end ] --START--
INFO: Run Behavior\ShowPageTraceBehavior [ RunTime:0.004000s ]
INFO: [ app_end ] --END-- [ RunTime:0.004000s ]

[ 2018-03-29T09:01:25+08:00 ] 127.0.0.1 /imc/Match/getlist?ot=1
INFO: [ app_init ] --START--
INFO: Run Behavior\BuildLiteBehavior [ RunTime:0.000000s ]
INFO: [ app_init ] --END-- [ RunTime:0.000000s ]
INFO: [ app_begin ] --START--
INFO: Run Behavior\ReadHtmlCacheBehavior [ RunTime:0.002000s ]
INFO: [ app_begin ] --END-- [ RunTime:0.003000s ]
NOTIC: [2048] Declaration of MatchEngine\Controller\MatchController::get() should be compatible with Think\Controller::get($name = '') D:\phpStudy\PHPTutorial\WWW\imc\imapi\MatchEngine\Controller\MatchController.class.php 第 19 行.
NOTIC: [2048] Declaration of MatchEngine\Model\OrderModel::add() should be compatible with Think\Model::add($data = '', $options = Array, $replace = false) D:\phpStudy\PHPTutorial\WWW\imc\imapi\MatchEngine\Model\OrderModel.class.php 第 20 行.
NOTIC: [2] Missing argument 1 for MatchEngine\Model\BaseModel::__construct(), called in D:\phpStudy\PHPTutorial\WWW\imc\imapi\MatchEngine\Model\OrderModel.class.php on line 31 and defined D:\phpStudy\PHPTutorial\WWW\imc\imapi\MatchEngine\Model\BaseModel.class.php 第 15 行.
NOTIC: [8] Undefined variable: DBName D:\phpStudy\PHPTutorial\WWW\imc\imapi\MatchEngine\Model\BaseModel.class.php 第 17 行.
INFO: [ app_end ] --START--
INFO: Run Behavior\ShowPageTraceBehavior [ RunTime:0.003000s ]
INFO: [ app_end ] --END-- [ RunTime:0.003000s ]

[ 2018-03-29T09:01:25+08:00 ] 127.0.0.1 /imc/Match/getlist?ot=1
INFO: [ app_init ] --START--
INFO: Run Behavior\BuildLiteBehavior [ RunTime:0.000000s ]
INFO: [ app_init ] --END-- [ RunTime:0.000000s ]
INFO: [ app_begin ] --START--
INFO: Run Behavior\ReadHtmlCacheBehavior [ RunTime:0.002000s ]
INFO: [ app_begin ] --END-- [ RunTime:0.002000s ]
NOTIC: [2048] Declaration of MatchEngine\Controller\MatchController::get() should be compatible with Think\Controller::get($name = '') D:\phpStudy\PHPTutorial\WWW\imc\imapi\MatchEngine\Controller\MatchController.class.php 第 19 行.
NOTIC: [2048] Declaration of MatchEngine\Model\OrderModel::add() should be compatible with Think\Model::add($data = '', $options = Array, $replace = false) D:\phpStudy\PHPTutorial\WWW\imc\imapi\MatchEngine\Model\OrderModel.class.php 第 20 行.
NOTIC: [2] Missing argument 1 for MatchEngine\Model\BaseModel::__construct(), called in D:\phpStudy\PHPTutorial\WWW\imc\imapi\MatchEngine\Model\OrderModel.class.php on line 31 and defined D:\phpStudy\PHPTutorial\WWW\imc\imapi\MatchEngine\Model\BaseModel.class.php 第 15 行.
NOTIC: [8] Undefined variable: DBName D:\phpStudy\PHPTutorial\WWW\imc\imapi\MatchEngine\Model\BaseModel.class.php 第 17 行.
INFO: [ app_end ] --START--
INFO: Run Behavior\ShowPageTraceBehavior [ RunTime:0.003000s ]
INFO: [ app_end ] --END-- [ RunTime:0.003000s ]

