2018-03-28 10:17:20==>  用户UID10008939 下单失败！{"user_id":"10008939","currency_id":1,"currency_name":"IM","price_entrust":8190,"count_entrust":1,"transaction_type":1,"order_type":0,"status":0} 订单入库异常 : Think\Model:native_select_one规涓瀛锛
2018-03-28 10:17:20==>  用户UID10008939 下单失败！{"user_id":"10008939","currency_id":1,"currency_name":"IM","price_entrust":8190,"count_entrust":1,"transaction_type":1,"order_type":0,"status":0} 订单入库异常 : Think\Model:native_select_one规涓瀛锛
2018-03-28 10:19:38==>  用户UID10008939 下单失败！{"user_id":"10008939","currency_id":1,"currency_name":"IM","price_entrust":8190,"count_entrust":1,"transaction_type":1,"order_type":0,"status":0} 订单入库异常 : Think\Model:native_select_one规涓瀛锛
2018-03-28 10:19:38==>  用户UID10008939 下单失败！{"user_id":"10008939","currency_id":1,"currency_name":"IM","price_entrust":8190,"count_entrust":1,"transaction_type":1,"order_type":0,"status":0} 订单入库异常 : Think\Model:native_select_one规涓瀛锛
2018-03-28 10:19:38==>  用户UID10008939 下单失败！{"user_id":"10008939","currency_id":1,"currency_name":"IM","price_entrust":8190,"count_entrust":1,"transaction_type":1,"order_type":0,"status":0} 订单入库异常 : Think\Model:native_select_one规涓瀛锛
2018-03-28 10:22:20==>  用户UID10008939 下单失败！{"user_id":"10008939","currency_id":1,"currency_name":"IM","price_entrust":8190,"count_entrust":1,"transaction_type":1,"order_type":0,"status":0} 订单入库异常 : Think\Model:native_select_one规涓瀛锛
2018-03-28 10:22:20==>  用户UID10008939 下单失败！{"user_id":"10008939","currency_id":1,"currency_name":"IM","price_entrust":8190,"count_entrust":1,"transaction_type":1,"order_type":0,"status":0} 订单入库异常 : Think\Model:native_select_one规涓瀛锛
2018-03-28 10:22:20==>  用户UID10008939 下单失败！{"user_id":"10008939","currency_id":1,"currency_name":"IM","price_entrust":8190,"count_entrust":1,"transaction_type":1,"order_type":0,"status":0} 订单入库异常 : Think\Model:native_select_one规涓瀛锛
2018-03-28 10:22:20==>  用户UID10008939 下单失败！{"user_id":"10008939","currency_id":1,"currency_name":"IM","price_entrust":8190,"count_entrust":1,"transaction_type":1,"order_type":0,"status":0} 订单入库异常 : Think\Model:native_select_one规涓瀛锛
2018-03-28 10:24:45==>  用户UID10008939 下单失败！{"user_id":"10008939","currency_id":1,"currency_name":"IM","price_entrust":8190,"count_entrust":1,"transaction_type":1,"status":0} 订单入库异常 : Think\Model:native_select_one规涓瀛锛
2018-03-28 10:27:09==>  用户UID10008939 下单失败！{"user_id":"10008939","currency_id":1,"currency_name":"IM","price_entrust":8190,"count_entrust":1,"transaction_type":1,"status":0} 订单入库异常 : Think\Model:native_select_one规涓瀛锛
2018-03-28 10:27:09==>  用户UID10008939 下单失败！{"user_id":"10008939","currency_id":1,"currency_name":"IM","price_entrust":8190,"count_entrust":1,"transaction_type":1,"status":0} 订单入库异常 : Think\Model:native_select_one规涓瀛锛
2018-03-28 10:28:53==>  用户UID10008939 下单失败！{"user_id":10008939,"currency_id":1,"currency_name":"IM","price_entrust":8190,"count_entrust":1,"transaction_type":true,"status":0} 订单入库异常 : Think\Model:native_select_one规涓瀛锛
2018-03-28 10:38:21==>  对表 order_buy 下单成功！{"user_id":10008939,"currency_id":1,"currency_name":"IM","price_entrust":8190,"count_entrust":1,"transaction_type":true,"status":0}
2018-03-28 10:38:21==>  对表 order_buy 下单成功！{"user_id":10008939,"currency_id":1,"currency_name":"IM","price_entrust":8190,"count_entrust":1,"transaction_type":true,"status":0}
2018-03-28 10:39:11==>  对表 order_buy 下单成功！{"user_id":10008939,"currency_id":1,"currency_name":"IM","price_entrust":8190,"count_entrust":1,"transaction_type":true,"status":0}
2018-03-28 10:39:11==>  对表 order_buy 下单成功！{"user_id":10008939,"currency_id":1,"currency_name":"IM","price_entrust":8190,"count_entrust":1,"transaction_type":true,"status":0}
2018-03-28 10:39:11==>  对表 order_buy 下单成功！{"user_id":10008939,"currency_id":1,"currency_name":"IM","price_entrust":8190,"count_entrust":1,"transaction_type":true,"status":0}
2018-03-28 10:40:01==>  对表 order_buy 下单成功！{"user_id":10008939,"currency_id":1,"currency_name":"IM","price_entrust":8190,"count_entrust":1,"transaction_type":true,"status":0}
2018-03-28 10:40:01==>  对表 order_buy 下单成功！{"user_id":10008939,"currency_id":1,"currency_name":"IM","price_entrust":8190,"count_entrust":1,"transaction_type":true,"status":0}
2018-03-28 10:40:01==>  对表 order_buy 下单成功！{"user_id":10008939,"currency_id":1,"currency_name":"IM","price_entrust":8190,"count_entrust":1,"transaction_type":true,"status":0}
2018-03-28 10:40:01==>  对表 order_buy 下单成功！{"user_id":10008939,"currency_id":1,"currency_name":"IM","price_entrust":8190,"count_entrust":1,"transaction_type":true,"status":0}
2018-03-28 10:41:06==>  对表 order_buy 下单成功！{"user_id":10008939,"currency_id":1,"currency_name":"IM","price_entrust":8190,"count_entrust":1,"transaction_type":true,"status":0}
2018-03-28 10:41:06==>  对表 order_buy 下单成功！{"user_id":10008939,"currency_id":1,"currency_name":"IM","price_entrust":8190,"count_entrust":1,"transaction_type":true,"status":0}
2018-03-28 10:41:06==>  对表 order_buy 下单成功！{"user_id":10008939,"currency_id":1,"currency_name":"IM","price_entrust":8190,"count_entrust":1,"transaction_type":true,"status":0}
2018-03-28 10:41:06==>  对表 order_buy 下单成功！{"user_id":10008939,"currency_id":1,"currency_name":"IM","price_entrust":8190,"count_entrust":1,"transaction_type":true,"status":0}
2018-03-28 10:41:06==>  对表 order_buy 下单成功！{"user_id":10008939,"currency_id":1,"currency_name":"IM","price_entrust":8190,"count_entrust":1,"transaction_type":true,"status":0}
2018-03-28 10:43:57==>  对表 order_buy 下单成功！{"user_id":10008939,"currency_id":1,"currency_name":"IM","price_entrust":8190,"count_entrust":1,"transaction_type":true,"status":0}
2018-03-28 10:44:50==>  对表 order_buy 下单成功！{"user_id":10008939,"currency_id":1,"currency_name":"IM","price_entrust":8190,"count_entrust":1,"transaction_type":true,"status":0}
2018-03-28 10:46:23==>  对表 order_buy 下单成功！{"user_id":10008939,"currency_id":1,"currency_name":"IM","price_entrust":8190,"count_entrust":1,"transaction_type":true,"status":0}
2018-03-28 10:46:37==>  对表 order_buy 下单成功！{"user_id":10008939,"currency_id":1,"currency_name":"IM","price_entrust":8190,"count_entrust":1,"transaction_type":true,"status":0}
2018-03-28 10:46:55==>  对表 order_buy 下单成功！{"user_id":10008939,"currency_id":1,"currency_name":"IM","price_entrust":8190,"count_entrust":1,"transaction_type":true,"status":0}
2018-03-28 14:31:07==>  对表 order_buy 下单成功！{"user_id":10008939,"currency_id":1,"currency_name":"IM","price_entrust":8190,"count_entrust":1,"transaction_type":true,"status":0}
2018-03-28 18:25:54==>  对表 order_buy 下单成功！{"user_id":10008939,"currency_id":1,"currency_name":"IM","price_entrust":8190,"count_entrust":1,"transaction_type":true,"status":0}
2018-03-28 18:26:10==>  对表 order_buy 下单成功！{"user_id":10008939,"currency_id":1,"currency_name":"IM","price_entrust":8190,"count_entrust":1,"transaction_type":true,"status":0}
2018-03-28 18:34:40==>  对表 order_buy 下单成功！{"user_id":10008939,"currency_id":1,"currency_name":"IM","price_entrust":8190,"count_entrust":1,"transaction_type":true,"status":0}
2018-03-28 18:36:59==>  对表 order_buy 下单成功！{"user_id":10008939,"currency_id":1,"currency_name":"IM","price_entrust":8190,"count_entrust":1,"transaction_type":true,"status":0}
2018-03-28 18:39:21==>  对表 order_buy 下单成功！{"user_id":10008939,"currency_id":1,"currency_name":"IM","price_entrust":8190,"count_entrust":1,"transaction_type":true,"status":0}
2018-03-28 18:40:04==>  对表 order_buy 下单成功！{"user_id":10008939,"currency_id":1,"currency_name":"IM","price_entrust":8190,"count_entrust":1,"transaction_type":true,"status":0}
2018-03-28 18:41:08==>  对表 order_buy 下单成功！{"user_id":10008939,"currency_id":1,"currency_name":"IM","price_entrust":8190,"count_entrust":1,"transaction_type":true,"status":0}
2018-03-28 18:41:43==>  对表 order_buy 下单成功！{"user_id":10008939,"currency_id":1,"currency_name":"IM","price_entrust":8190,"count_entrust":1,"transaction_type":true,"status":0}
2018-03-28 18:42:29==>  对表 order_buy 下单成功！{"user_id":10008939,"currency_id":1,"currency_name":"IM","price_entrust":8190,"count_entrust":1,"transaction_type":true,"status":0}
2018-03-28 18:42:42==>  对表 order_buy 下单成功！{"user_id":10008939,"currency_id":1,"currency_name":"IM","price_entrust":8190,"count_entrust":1,"transaction_type":true,"status":0}
2018-03-28 18:43:03==>  对表 order_buy 下单成功！{"user_id":10008939,"currency_id":1,"currency_name":"IM","price_entrust":8190,"count_entrust":1,"transaction_type":true,"status":0}
2018-03-28 18:43:35==>  对表 order_buy 下单成功！{"user_id":10008939,"currency_id":1,"currency_name":"IM","price_entrust":8190,"count_entrust":1,"transaction_type":true,"status":0}
2018-03-28 18:43:50==>  对表 order_buy 下单成功！{"user_id":10008939,"currency_id":1,"currency_name":"IM","price_entrust":8190,"count_entrust":1,"transaction_type":true,"status":0}
2018-03-28 18:44:23==>  对表 order_buy 下单成功！{"user_id":10008939,"currency_id":1,"currency_name":"IM","price_entrust":8190,"count_entrust":1,"transaction_type":true,"status":0}
2018-03-28 18:44:25==>  对表 order_buy 下单成功！{"user_id":10008939,"currency_id":1,"currency_name":"IM","price_entrust":8190,"count_entrust":1,"transaction_type":true,"status":0}
2018-03-28 18:44:47==>  对表 order_buy 下单成功！{"user_id":10008939,"currency_id":1,"currency_name":"IM","price_entrust":8190,"count_entrust":1,"transaction_type":true,"status":0}
2018-03-28 18:45:49==>  对表 order_buy 下单成功！{"user_id":10008939,"currency_id":1,"currency_name":"IM","price_entrust":8190,"count_entrust":1,"transaction_type":true,"status":0}
2018-03-28 18:52:32==>  对表 order_buy 下单成功！{"user_id":10008939,"currency_id":1,"currency_name":"IM","price_entrust":8190,"count_entrust":1,"transaction_type":true,"status":0}
2018-03-28 18:53:16==>  对表 order_buy 下单成功！{"user_id":10008939,"currency_id":1,"currency_name":"IM","price_entrust":8190,"count_entrust":1,"transaction_type":true,"status":0}
2018-03-28 18:53:57==>  对表 order_buy 下单成功！{"user_id":10008939,"currency_id":1,"currency_name":"IM","price_entrust":8190,"count_entrust":1,"transaction_type":true,"status":0}
2018-03-28 18:53:58==>  对表 order_buy 下单成功！{"user_id":10008939,"currency_id":1,"currency_name":"IM","price_entrust":8190,"count_entrust":1,"transaction_type":true,"status":0}
2018-03-28 18:54:31==>  对表 order_buy 下单成功！{"user_id":10008939,"currency_id":1,"currency_name":"IM","price_entrust":8190,"count_entrust":1,"transaction_type":true,"status":0}
2018-03-28 18:55:04==>  对表 order_buy 下单成功！{"user_id":10008939,"currency_id":1,"currency_name":"IM","price_entrust":8190,"count_entrust":1,"transaction_type":true,"status":0}
2018-03-28 18:55:26==>  对表 order_buy 下单成功！{"user_id":10008939,"currency_id":1,"currency_name":"IM","price_entrust":8190,"count_entrust":1,"transaction_type":true,"status":0}
2018-03-28 18:56:13==>  对表 order_buy 下单成功！{"user_id":10008939,"currency_id":1,"currency_name":"IM","price_entrust":8190,"count_entrust":1,"transaction_type":true,"status":0}
2018-03-28 18:56:26==>  对表 order_buy 下单成功！{"user_id":10008939,"currency_id":1,"currency_name":"IM","price_entrust":8190,"count_entrust":1,"transaction_type":true,"status":0}
2018-03-28 18:57:16==>  对表 order_buy 下单成功！{"user_id":10008939,"currency_id":1,"currency_name":"IM","price_entrust":8190,"count_entrust":1,"transaction_type":true,"status":0}
2018-03-28 18:58:12==>  对表 order_buy 下单成功！{"user_id":10008939,"currency_id":1,"currency_name":"IM","price_entrust":8190,"count_entrust":1,"transaction_type":true,"status":0}
2018-03-28 19:13:58==>  对表 order_buy 下单成功！{"user_id":10008939,"currency_id":1,"currency_name":"IM","price_entrust":8190,"count_entrust":1,"transaction_type":true,"status":0}
2018-03-28 20:19:40==>  对表 order_buy 下单成功！{"user_id":10008939,"currency_id":1,"currency_name":"IM","price_entrust":8190,"count_entrust":1,"transaction_type":true,"status":0}
2018-03-28 20:22:03==>  对表 order_buy 下单成功！{"user_id":10008939,"currency_id":1,"currency_name":"IM","price_entrust":8190,"count_entrust":1,"transaction_type":true,"status":0}
2018-03-28 20:23:15==>  对表 order_buy 下单成功！{"user_id":10008939,"currency_id":1,"currency_name":"IM","price_entrust":8190,"count_entrust":1,"transaction_type":true,"status":0}
2018-03-28 20:24:12==>  对表 order_buy 下单成功！{"user_id":10008939,"currency_id":1,"currency_name":"IM","price_entrust":8190,"count_entrust":1,"transaction_type":true,"status":0}
2018-03-28 20:26:09==>  对表 order_buy 下单成功！{"user_id":10008939,"currency_id":1,"currency_name":"IM","price_entrust":8190,"count_entrust":1,"transaction_type":true,"status":0}
2018-03-28 20:26:41==>  对表 order_buy 下单成功！{"user_id":10008939,"currency_id":1,"currency_name":"IM","price_entrust":8190,"count_entrust":1,"transaction_type":true,"status":0}
2018-03-28 20:30:12==>  对表 order_buy 下单成功！{"user_id":10008939,"currency_id":1,"currency_name":"IM","price_entrust":8190,"count_entrust":1,"transaction_type":true,"status":0}
2018-03-28 20:38:53==>  对表 order_buy 下单成功！{"user_id":10008939,"currency_id":1,"currency_name":"IM","price_entrust":8190,"count_entrust":1,"transaction_type":true,"status":0}
2018-03-28 20:41:31==>  对表 order_buy 下单成功！{"user_id":10008939,"currency_id":1,"currency_name":"IM","price_entrust":8190,"count_entrust":1,"transaction_type":true,"status":0}
2018-03-28 20:42:59==>  对表 order_buy 下单成功！{"user_id":10008939,"currency_id":1,"currency_name":"IM","price_entrust":8190,"count_entrust":1,"transaction_type":true,"status":0}
2018-03-28 20:43:36==>  对表 order_buy 下单成功！{"user_id":10008939,"currency_id":1,"currency_name":"IM","price_entrust":8190,"count_entrust":1,"transaction_type":true,"status":0}
2018-03-28 20:43:47==>  对表 order_buy 下单成功！{"user_id":10008939,"currency_id":1,"currency_name":"IM","price_entrust":8190,"count_entrust":1,"transaction_type":true,"status":0}
2018-03-28 20:44:24==>  对表 order_buy 下单成功！{"user_id":10008939,"currency_id":1,"currency_name":"IM","price_entrust":8290,"count_entrust":1,"transaction_type":true,"status":0}
2018-03-28 20:47:37==>  对表 order_buy 下单成功！{"user_id":10008939,"currency_id":1,"currency_name":"IM","price_entrust":8290,"count_entrust":"2018-03-28 20:47:37","transaction_type":true,"status":0}
2018-03-28 20:47:37==> 用户UID10008939的订单入库失败！{"user_id":10008939,"currency_id":1,"currency_name":"IM","price_entrust":8290,"count_entrust":"2018-03-28 20:47:37","transaction_type":true,"order_type":0}
2018-03-28 20:48:43==>  对表 order_buy 下单成功！{"user_id":10008939,"currency_id":1,"currency_name":"IM","price_entrust":8290,"count_entrust":"2018-03-28 20:47:37","transaction_type":true,"status":0}
2018-03-28 20:48:43==>  对表 order_buy 下单成功！{"user_id":10008939,"currency_id":1,"currency_name":"IM","price_entrust":8290,"count_entrust":1,"create_time":"2018-03-28 20:48:43","transaction_type":true,"status":0}
2018-03-28 20:49:06==>  对表 order_buy 下单成功！{"user_id":10008939,"currency_id":1,"currency_name":"IM","price_entrust":8290,"count_entrust":1,"create_time":"2018-03-28 20:48:43","transaction_type":true,"status":0}
2018-03-28 20:49:06==>  对表 order_buy 下单成功！{"user_id":10008939,"currency_id":1,"currency_name":"IM","price_entrust":8290,"count_entrust":1,"create_time":"2018-03-28 20:49:05","transaction_type":true,"status":0}
2018-03-28 20:50:30==>  对表 order_buy 下单成功！{"user_id":10008939,"currency_id":1,"currency_name":"IM","price_entrust":8290,"count_entrust":1,"create_time":"2018-03-28 20:50:30","transaction_type":true,"status":0}
2018-03-28 20:51:28==>  对表 order_buy 下单成功！{"user_id":10008939,"currency_id":1,"currency_name":"IM","price_entrust":8290,"count_entrust":1,"create_time":"2018-03-28 20:51:28","transaction_type":true,"status":0}
2018-03-28 21:28:51==>  对表 order_buy 下单成功！{"user_id":10008939,"currency_id":1,"currency_name":"IM","price_entrust":8290,"count_entrust":1,"create_time":"2018-03-28 21:28:51","transaction_type":true,"status":0}
2018-03-28 21:29:28==>  对表 order_buy 下单成功！{"user_id":10008939,"currency_id":1,"currency_name":"IM","price_entrust":8290,"count_entrust":1,"create_time":"2018-03-28 21:29:28","transaction_type":true,"status":0}
2018-03-28 21:39:56==>  对表 order_buy 下单成功！{"user_id":10008939,"currency_id":1,"currency_name":"IM","price_entrust":8290,"count_entrust":1,"create_time":"2018-03-28 21:39:56","transaction_type":true,"status":0}
2018-03-28 21:40:36==>  对表 order_buy 下单成功！{"user_id":10008939,"currency_id":1,"currency_name":"IM","price_entrust":8290,"count_entrust":1,"create_time":"2018-03-28 21:40:36","transaction_type":true,"status":0}
2018-03-28 21:42:22==>  对表 order_buy 下单成功！{"user_id":10008939,"currency_id":1,"currency_name":"IM","price_entrust":8290,"count_entrust":1,"create_time":"2018-03-28 21:42:22","transaction_type":true,"status":0}
2018-03-28 21:43:54==>  对表 order_buy 下单成功！{"user_id":10008939,"currency_id":1,"currency_name":"IM","price_entrust":8290,"count_entrust":1,"create_time":"2018-03-28 21:43:54","transaction_type":true,"status":0}
2018-03-28 21:44:16==>  对表 order_buy 下单成功！{"user_id":10008939,"currency_id":1,"currency_name":"IM","price_entrust":8290,"count_entrust":1,"create_time":"2018-03-28 21:44:16","transaction_type":true,"status":0}
2018-03-28 21:48:32==>  对表 order_buy 下单成功！{"user_id":10008939,"currency_id":1,"currency_name":"IM","price_entrust":8290,"count_entrust":1,"create_time":"2018-03-28 21:48:32","transaction_type":true,"status":0}
2018-03-28 21:49:08==>  对表 order_buy 下单成功！{"user_id":10008939,"currency_id":1,"currency_name":"IM","price_entrust":8290,"count_entrust":1,"create_time":"2018-03-28 21:49:08","transaction_type":true,"status":0}
2018-03-28 21:51:03==>  对表 order_buy 下单成功！{"user_id":10008939,"currency_id":1,"currency_name":"IM","price_entrust":8290,"count_entrust":1,"create_time":"2018-03-28 21:51:03","transaction_type":true,"status":0}
2018-03-28 21:51:50==>  对表 order_buy 下单成功！{"user_id":10008939,"currency_id":1,"currency_name":"IM","price_entrust":8290,"count_entrust":1,"create_time":"2018-03-28 21:51:50","transaction_type":true,"status":0}
2018-03-28 21:53:00==>  对表 order_buy 下单成功！{"user_id":10008939,"currency_id":1,"currency_name":"IM","price_entrust":8290,"count_entrust":1,"create_time":"2018-03-28 21:53:00","transaction_type":true,"status":0}
2018-03-28 21:54:28==>  对表 order_buy 下单成功！{"user_id":10008939,"currency_id":1,"currency_name":"IM","price_entrust":8290,"count_entrust":1,"create_time":"2018-03-28 21:54:28","transaction_type":true,"status":0}
2018-03-28 21:56:28==>  对表 order_buy 下单成功！{"user_id":10008939,"currency_id":1,"currency_name":"IM","price_entrust":8290,"count_entrust":1,"create_time":"2018-03-28 21:56:27","transaction_type":true,"status":0}
2018-03-28 21:56:35==>  对表 order_buy 下单成功！{"user_id":10008939,"currency_id":1,"currency_name":"IM","price_entrust":8290,"count_entrust":1,"create_time":"2018-03-28 21:56:35","transaction_type":true,"status":0}
2018-03-28 21:57:09==>  对表 order_buy 下单成功！{"user_id":10008939,"currency_id":1,"currency_name":"IM","price_entrust":8290,"count_entrust":1,"create_time":"2018-03-28 21:57:09","transaction_type":true,"status":0}
2018-03-28 21:57:32==>  对表 order_buy 下单成功！{"user_id":10008939,"currency_id":1,"currency_name":"IM","price_entrust":8290,"count_entrust":1,"create_time":"2018-03-28 21:57:32","transaction_type":true,"status":0}
2018-03-28 21:58:15==>  对表 order_buy 下单成功！{"user_id":10008939,"currency_id":1,"currency_name":"IM","price_entrust":8290,"count_entrust":1,"create_time":"2018-03-28 21:58:15","transaction_type":true,"status":0}
2018-03-28 22:00:38==>  对表 order_buy 下单成功！{"user_id":10008939,"currency_id":1,"currency_name":"IM","price_entrust":8290,"count_entrust":1,"create_time":"2018-03-28 22:00:38","transaction_type":true,"status":0}
2018-03-28 22:00:45==>  对表 order_buy 下单成功！{"user_id":10008939,"currency_id":1,"currency_name":"IM","price_entrust":8290,"count_entrust":1,"create_time":"2018-03-28 22:00:45","transaction_type":true,"status":0}
2018-03-28 22:01:33==>  对表 order_buy 下单成功！{"user_id":10008939,"currency_id":1,"currency_name":"IM","price_entrust":8290,"count_entrust":1,"create_time":"2018-03-28 22:01:33","transaction_type":true,"status":0}
2018-03-28 22:03:23==>  对表 order_buy 下单成功！{"user_id":10008939,"currency_id":1,"currency_name":"IM","price_entrust":8290,"count_entrust":1,"create_time":"2018-03-28 22:03:23","transaction_type":true,"status":0}
2018-03-28 22:03:39==>  对表 order_buy 下单成功！{"user_id":10008939,"currency_id":1,"currency_name":"IM","price_entrust":8290,"count_entrust":1,"create_time":"2018-03-28 22:03:39","transaction_type":true,"status":0}
2018-03-28 22:03:41==>  对表 order_buy 下单成功！{"user_id":10008939,"currency_id":1,"currency_name":"IM","price_entrust":8290,"count_entrust":1,"create_time":"2018-03-28 22:03:41","transaction_type":true,"status":0}
2018-03-28 22:03:43==>  对表 order_buy 下单成功！{"user_id":10008939,"currency_id":1,"currency_name":"IM","price_entrust":8290,"count_entrust":1,"create_time":"2018-03-28 22:03:42","transaction_type":true,"status":0}
2018-03-28 22:03:48==>  对表 order_buy 下单成功！{"user_id":10008939,"currency_id":1,"currency_name":"IM","price_entrust":8290,"count_entrust":1,"create_time":"2018-03-28 22:03:48","transaction_type":true,"status":0}
2018-03-28 22:04:33==>  对表 order_buy 下单成功！{"user_id":10008939,"currency_id":1,"currency_name":"IM","price_entrust":8290,"count_entrust":1,"create_time":"2018-03-28 22:04:33","transaction_type":true,"status":0}
2018-03-28 22:05:08==>  对表 order_buy 下单成功！{"user_id":10008939,"currency_id":1,"currency_name":"IM","price_entrust":8290,"count_entrust":1,"create_time":"2018-03-28 22:05:08","transaction_type":true,"status":0}
2018-03-28 22:05:18==>  对表 order_buy 下单成功！{"user_id":10008939,"currency_id":1,"currency_name":"IM","price_entrust":8290,"count_entrust":1,"create_time":"2018-03-28 22:05:18","transaction_type":true,"status":0}
2018-03-28 22:07:16==>  对表 order_buy 下单成功！{"user_id":10008939,"currency_id":1,"currency_name":"IM","price_entrust":8290,"count_entrust":1,"create_time":"2018-03-28 22:07:15","transaction_type":true,"status":0}
2018-03-28 22:07:18==>  对表 order_buy 下单成功！{"user_id":10008939,"currency_id":1,"currency_name":"IM","price_entrust":8290,"count_entrust":1,"create_time":"2018-03-28 22:07:18","transaction_type":true,"status":0}
2018-03-28 22:07:19==>  对表 order_buy 下单成功！{"user_id":10008939,"currency_id":1,"currency_name":"IM","price_entrust":8290,"count_entrust":1,"create_time":"2018-03-28 22:07:19","transaction_type":true,"status":0}
2018-03-28 22:07:21==>  对表 order_buy 下单成功！{"user_id":10008939,"currency_id":1,"currency_name":"IM","price_entrust":8290,"count_entrust":1,"create_time":"2018-03-28 22:07:21","transaction_type":true,"status":0}
2018-03-28 22:08:58==>  对表 order_buy 下单成功！{"user_id":10008939,"currency_id":1,"currency_name":"IM","price_entrust":8290,"count_entrust":1,"create_time":"2018-03-28 22:08:58","transaction_type":true,"status":0}
2018-03-28 22:09:10==>  对表 order_buy 下单成功！{"user_id":10008939,"currency_id":1,"currency_name":"IM","price_entrust":8290,"count_entrust":1,"create_time":"2018-03-28 22:09:09","transaction_type":true,"status":0}
2018-03-28 22:09:52==>  对表 order_buy 下单成功！{"user_id":10008939,"currency_id":1,"currency_name":"IM","price_entrust":8290,"count_entrust":1,"create_time":"2018-03-28 22:09:52","transaction_type":true,"status":0}
2018-03-28 22:10:14==>  对表 order_buy 下单成功！{"user_id":10008939,"currency_id":1,"currency_name":"IM","price_entrust":8290,"count_entrust":1,"create_time":"2018-03-28 22:10:14","transaction_type":true,"status":0}
2018-03-28 22:11:13==>  对表 order_buy 下单成功！{"user_id":10008939,"currency_id":1,"currency_name":"IM","price_entrust":8290,"count_entrust":1,"create_time":"2018-03-28 22:11:13","transaction_type":true,"status":0}
2018-03-28 22:12:03==>  对表 order_buy 下单成功！{"user_id":10008939,"currency_id":1,"currency_name":"IM","price_entrust":8290,"count_entrust":1,"create_time":"2018-03-28 22:12:03","transaction_type":true,"status":0}
2018-03-28 22:12:05==>  对表 order_buy 下单成功！{"user_id":10008939,"currency_id":1,"currency_name":"IM","price_entrust":8290,"count_entrust":1,"create_time":"2018-03-28 22:12:05","transaction_type":true,"status":0}
2018-03-28 22:12:05==>  对表 order_buy 下单成功！{"user_id":10008939,"currency_id":1,"currency_name":"IM","price_entrust":8290,"count_entrust":1,"create_time":"2018-03-28 22:12:05","transaction_type":true,"status":0}
2018-03-28 22:13:21==>  对表 order_buy 下单成功！{"user_id":10008939,"currency_id":1,"currency_name":"IM","price_entrust":8290,"count_entrust":1,"create_time":"2018-03-28 22:13:21","transaction_type":true,"status":0}
2018-03-28 22:14:45==>  对表 order_buy 下单成功！{"user_id":10008939,"currency_id":1,"currency_name":"IM","price_entrust":8290,"count_entrust":1,"create_time":"2018-03-28 22:14:45","transaction_type":true,"status":0}
2018-03-28 22:14:45==>  对表 order_buy 下单成功！{"user_id":10008939,"currency_id":1,"currency_name":"IM","price_entrust":8290,"count_entrust":1,"create_time":"2018-03-28 22:14:45","transaction_type":true,"status":0}
2018-03-28 22:14:46==>  对表 order_buy 下单成功！{"user_id":10008939,"currency_id":1,"currency_name":"IM","price_entrust":8290,"count_entrust":1,"create_time":"2018-03-28 22:14:46","transaction_type":true,"status":0}
2018-03-28 22:15:09==>  对表 order_buy 下单成功！{"user_id":10008939,"currency_id":1,"currency_name":"IM","price_entrust":8290,"count_entrust":1,"create_time":"2018-03-28 22:15:09","transaction_type":true,"status":0}
2018-03-28 22:16:03==>  对表 order_buy 下单成功！{"user_id":10008939,"currency_id":1,"currency_name":"IM","price_entrust":8290,"count_entrust":1,"create_time":"2018-03-28 22:16:03","transaction_type":true,"status":0}
2018-03-28 22:40:23==>  对表 order_buy 下单成功！{"user_id":10008939,"currency_id":1,"currency_name":"IM","price_entrust":8290,"count_entrust":1,"create_time":"2018-03-28 22:40:23","transaction_type":true,"status":0}
2018-03-28 22:48:35==>  对表 order_buy 下单成功！{"user_id":10008939,"currency_id":1,"currency_name":"IM","price_entrust":8290,"count_entrust":1,"create_time":"2018-03-28 22:48:35","transaction_type":true,"status":0}
2018-03-28 23:07:37==>  对表 order_buy 下单成功！{"user_id":10008939,"currency_id":1,"currency_name":"IM","price_entrust":8290,"count_entrust":1,"create_time":"2018-03-28 23:07:37","transaction_type":true,"status":0}
2018-03-28 23:08:21==>  对表 order_buy 下单成功！{"user_id":10008939,"currency_id":1,"currency_name":"IM","price_entrust":8290,"count_entrust":1,"create_time":"2018-03-28 23:08:21","transaction_type":true,"status":0}
2018-03-28 23:10:46==>  对表 order_sell 下单成功！{"user_id":10008939,"currency_id":1,"currency_name":"IM","price_entrust":8290,"count_entrust":1,"create_time":"2018-03-28 23:10:46","transaction_type":true,"status":0}
2018-03-28 23:12:19==>  对表 order_sell 下单成功！{"user_id":10008939,"currency_id":1,"currency_name":"IM","price_entrust":8290,"count_entrust":1,"create_time":"2018-03-28 23:12:19","transaction_type":true,"status":0}
2018-03-28 23:12:39==>  对表 order_sell 下单成功！{"user_id":10008939,"currency_id":1,"currency_name":"IM","price_entrust":8290,"count_entrust":1,"create_time":"2018-03-28 23:12:39","transaction_type":true,"status":0}
2018-03-28 23:12:50==>  对表 order_buy 下单成功！{"user_id":10008939,"currency_id":1,"currency_name":"IM","price_entrust":8290,"count_entrust":1,"create_time":"2018-03-28 23:12:50","transaction_type":true,"status":0}
2018-03-28 23:13:43==>  对表 order_buy 下单成功！{"user_id":10008939,"currency_id":1,"currency_name":"IM","price_entrust":8290,"count_entrust":1,"create_time":"2018-03-28 23:13:43","transaction_type":true,"status":0}
2018-03-28 23:14:34==>  对表 order_buy 下单成功！{"user_id":10008939,"currency_id":1,"currency_name":"IM","price_entrust":8290,"count_entrust":1,"create_time":"2018-03-28 23:14:34","transaction_type":true,"status":0}
2018-03-28 23:14:49==>  对表 order_buy 下单成功！{"user_id":10008939,"currency_id":1,"currency_name":"IM","price_entrust":8290,"count_entrust":1,"create_time":"2018-03-28 23:14:48","transaction_type":true,"status":0}
2018-03-28 23:15:17==>  对表 order_buy 下单成功！{"user_id":10008939,"currency_id":1,"currency_name":"IM","price_entrust":8290,"count_entrust":1,"create_time":"2018-03-28 23:15:17","transaction_type":true,"status":0}
2018-03-28 23:15:32==>  对表 order_buy 下单成功！{"user_id":10008939,"currency_id":1,"currency_name":"IM","price_entrust":8290,"count_entrust":1,"create_time":"2018-03-28 23:15:31","transaction_type":true,"status":0}
2018-03-28 23:16:32==>  对表 order_buy 下单成功！{"user_id":10008939,"currency_id":1,"currency_name":"IM","price_entrust":8290,"count_entrust":1,"create_time":"2018-03-28 23:16:32","transaction_type":true,"status":0}
2018-03-28 23:17:59==>  对表 order_buy 下单成功！{"user_id":10008939,"currency_id":1,"currency_name":"IM","price_entrust":8290,"count_entrust":1,"create_time":"2018-03-28 23:17:59","transaction_type":true,"status":0}
2018-03-28 23:30:53==>  对表 order_buy 下单成功！{"user_id":10008939,"currency_id":1,"currency_name":"IM","price_entrust":8290,"count_entrust":1,"create_time":"2018-03-28 23:30:53","transaction_type":true,"status":0}
2018-03-28 23:31:06==>  对表 order_buy 下单成功！{"user_id":10008939,"currency_id":1,"currency_name":"IM","price_entrust":8290,"count_entrust":1,"create_time":"2018-03-28 23:31:06","transaction_type":true,"status":0}
2018-03-28 23:35:32==>  对表 order_buy 下单成功！{"user_id":10008939,"currency_id":1,"currency_name":"IM","price_entrust":8290,"count_entrust":1,"create_time":"2018-03-28 23:35:32","transaction_type":true,"status":0}
2018-03-28 23:36:23==>  对表 order_buy 下单成功！{"user_id":10008939,"currency_id":1,"currency_name":"IM","price_entrust":8290,"count_entrust":1,"create_time":"2018-03-28 23:36:23","transaction_type":true,"status":0}
2018-03-28 23:48:38==>  对表 order_buy 下单成功！{"user_id":10008939,"currency_id":1,"currency_name":"IM","price_entrust":8290,"count_entrust":1,"create_time":"2018-03-28 23:48:38","transaction_type":true,"status":0}
2018-03-28 23:48:58==>  对表 order_buy 下单成功！{"user_id":10008939,"currency_id":1,"currency_name":"IM","price_entrust":8290,"count_entrust":1,"create_time":"2018-03-28 23:48:58","transaction_type":true,"status":0}
2018-03-28 23:49:20==>  对表 order_buy 下单成功！{"user_id":10008939,"currency_id":1,"currency_name":"IM","price_entrust":8290,"count_entrust":1,"create_time":"2018-03-28 23:49:19","transaction_type":true,"status":0}
2018-03-28 23:54:14==>  对表 order_buy 下单成功！{"user_id":10008939,"currency_id":1,"currency_name":"IM","price_entrust":8290,"count_entrust":1,"create_time":"2018-03-28 23:54:14","transaction_type":true,"status":0}
2018-03-28 23:57:10==>  对表 order_buy 下单成功！{"user_id":10008939,"currency_id":1,"currency_name":"IM","price_entrust":8290,"count_entrust":1,"create_time":"2018-03-28 23:57:10","transaction_type":true,"status":0}
2018-03-28 23:57:11==>  对表 order_buy 下单成功！{"user_id":10008939,"currency_id":1,"currency_name":"IM","price_entrust":8290,"count_entrust":1,"create_time":"2018-03-28 23:57:11","transaction_type":true,"status":0}
2018-03-28 23:58:55==>  对表 order_buy 下单成功！{"user_id":10008939,"currency_id":1,"currency_name":"IM","price_entrust":8290,"count_entrust":1,"create_time":"2018-03-28 23:58:54","transaction_type":true,"status":0}
2018-03-28 23:58:56==>  对表 order_buy 下单成功！{"user_id":10008939,"currency_id":1,"currency_name":"IM","price_entrust":8290,"count_entrust":1,"create_time":"2018-03-28 23:58:56","transaction_type":true,"status":0}
